{"D:\\Suli 2025-26\\Mestermu\\Delibab_Foglalo\\Backend\\app.js": {"path":"D:\\Suli 2025-26\\Mestermu\\Delibab_Foglalo\\Backend\\app.js","statementMap":{"0":{"start":{"line":1,"column":16},"end":{"line":1,"column":34}},"1":{"start":{"line":2,"column":12},"end":{"line":2,"column":21}},"2":{"start":{"line":3,"column":12},"end":{"line":3,"column":21}},"3":{"start":{"line":4,"column":13},"end":{"line":4,"column":28}},"4":{"start":{"line":5,"column":21},"end":{"line":5,"column":45}},"5":{"start":{"line":6,"column":21},"end":{"line":6,"column":62}},"6":{"start":{"line":7,"column":18},"end":{"line":7,"column":47}},"7":{"start":{"line":8,"column":21},"end":{"line":8,"column":45}},"8":{"start":{"line":10,"column":15},"end":{"line":25,"column":2}},"9":{"start":{"line":28,"column":0},"end":{"line":31,"column":4}},"10":{"start":{"line":32,"column":0},"end":{"line":32,"column":24}},"11":{"start":{"line":33,"column":0},"end":{"line":33,"column":48}},"12":{"start":{"line":34,"column":0},"end":{"line":34,"column":24}},"13":{"start":{"line":37,"column":0},"end":{"line":37,"column":59}},"14":{"start":{"line":39,"column":19},"end":{"line":39,"column":60}},"15":{"start":{"line":40,"column":21},"end":{"line":40,"column":57}},"16":{"start":{"line":41,"column":23},"end":{"line":41,"column":61}},"17":{"start":{"line":42,"column":30},"end":{"line":42,"column":75}},"18":{"start":{"line":43,"column":22},"end":{"line":43,"column":59}},"19":{"start":{"line":44,"column":22},"end":{"line":44,"column":59}},"20":{"start":{"line":45,"column":19},"end":{"line":45,"column":53}},"21":{"start":{"line":47,"column":0},"end":{"line":47,"column":21}},"22":{"start":{"line":48,"column":0},"end":{"line":48,"column":30}},"23":{"start":{"line":49,"column":0},"end":{"line":49,"column":35}},"24":{"start":{"line":50,"column":0},"end":{"line":50,"column":39}},"25":{"start":{"line":51,"column":0},"end":{"line":51,"column":52}},"26":{"start":{"line":52,"column":0},"end":{"line":52,"column":37}},"27":{"start":{"line":53,"column":0},"end":{"line":53,"column":35}},"28":{"start":{"line":54,"column":0},"end":{"line":54,"column":29}},"29":{"start":{"line":56,"column":0},"end":{"line":56,"column":22}},"30":{"start":{"line":58,"column":0},"end":{"line":58,"column":21}}},"fnMap":{},"branchMap":{},"s":{"0":5,"1":5,"2":5,"3":5,"4":5,"5":5,"6":5,"7":5,"8":5,"9":5,"10":5,"11":5,"12":5,"13":5,"14":5,"15":5,"16":5,"17":5,"18":5,"19":5,"20":5,"21":5,"22":5,"23":5,"24":5,"25":5,"26":5,"27":5,"28":5,"29":5,"30":5},"f":{},"b":{},"_coverageSchema":"1a1c01bbd47fc00a2c39e90264f33305004495a9","hash":"2a54380e514c298dd198d4cb0b871c6e63a7e8e9"}
,"D:\\Suli 2025-26\\Mestermu\\Delibab_Foglalo\\Backend\\api\\controllers\\AsztalController.js": {"path":"D:\\Suli 2025-26\\Mestermu\\Delibab_Foglalo\\Backend\\api\\controllers\\AsztalController.js","statementMap":{"0":{"start":{"line":1,"column":11},"end":{"line":1,"column":27}},"1":{"start":{"line":2,"column":26},"end":{"line":2,"column":52}},"2":{"start":{"line":3,"column":26},"end":{"line":3,"column":46}},"3":{"start":{"line":5,"column":0},"end":{"line":11,"column":1}},"4":{"start":{"line":6,"column":4},"end":{"line":10,"column":5}},"5":{"start":{"line":7,"column":8},"end":{"line":7,"column":62}},"6":{"start":{"line":9,"column":8},"end":{"line":9,"column":20}},"7":{"start":{"line":13,"column":0},"end":{"line":22,"column":1}},"8":{"start":{"line":14,"column":4},"end":{"line":21,"column":5}},"9":{"start":{"line":15,"column":23},"end":{"line":15,"column":33}},"10":{"start":{"line":16,"column":23},"end":{"line":16,"column":60}},"11":{"start":{"line":17,"column":8},"end":{"line":17,"column":69}},"12":{"start":{"line":17,"column":21},"end":{"line":17,"column":69}},"13":{"start":{"line":18,"column":8},"end":{"line":18,"column":37}},"14":{"start":{"line":20,"column":8},"end":{"line":20,"column":20}},"15":{"start":{"line":24,"column":0},"end":{"line":34,"column":1}},"16":{"start":{"line":25,"column":14},"end":{"line":25,"column":46}},"17":{"start":{"line":26,"column":4},"end":{"line":33,"column":5}},"18":{"start":{"line":27,"column":24},"end":{"line":27,"column":86}},"19":{"start":{"line":28,"column":8},"end":{"line":28,"column":25}},"20":{"start":{"line":29,"column":8},"end":{"line":29,"column":38}},"21":{"start":{"line":31,"column":8},"end":{"line":31,"column":27}},"22":{"start":{"line":32,"column":8},"end":{"line":32,"column":20}},"23":{"start":{"line":36,"column":0},"end":{"line":48,"column":1}},"24":{"start":{"line":37,"column":14},"end":{"line":37,"column":46}},"25":{"start":{"line":38,"column":4},"end":{"line":47,"column":5}},"26":{"start":{"line":39,"column":23},"end":{"line":39,"column":33}},"27":{"start":{"line":40,"column":24},"end":{"line":40,"column":90}},"28":{"start":{"line":41,"column":8},"end":{"line":41,"column":70}},"29":{"start":{"line":41,"column":22},"end":{"line":41,"column":70}},"30":{"start":{"line":42,"column":8},"end":{"line":42,"column":25}},"31":{"start":{"line":43,"column":8},"end":{"line":43,"column":38}},"32":{"start":{"line":45,"column":8},"end":{"line":45,"column":27}},"33":{"start":{"line":46,"column":8},"end":{"line":46,"column":20}},"34":{"start":{"line":50,"column":0},"end":{"line":62,"column":1}},"35":{"start":{"line":51,"column":14},"end":{"line":51,"column":46}},"36":{"start":{"line":52,"column":4},"end":{"line":61,"column":5}},"37":{"start":{"line":53,"column":23},"end":{"line":53,"column":33}},"38":{"start":{"line":54,"column":24},"end":{"line":54,"column":80}},"39":{"start":{"line":55,"column":8},"end":{"line":55,"column":70}},"40":{"start":{"line":55,"column":22},"end":{"line":55,"column":70}},"41":{"start":{"line":56,"column":8},"end":{"line":56,"column":25}},"42":{"start":{"line":57,"column":8},"end":{"line":57,"column":70}},"43":{"start":{"line":59,"column":8},"end":{"line":59,"column":27}},"44":{"start":{"line":60,"column":8},"end":{"line":60,"column":20}},"45":{"start":{"line":64,"column":0},"end":{"line":75,"column":1}},"46":{"start":{"line":65,"column":4},"end":{"line":74,"column":5}},"47":{"start":{"line":66,"column":34},"end":{"line":66,"column":43}},"48":{"start":{"line":67,"column":8},"end":{"line":71,"column":11}},"49":{"start":{"line":73,"column":8},"end":{"line":73,"column":20}}},"fnMap":{"0":{"name":"(anonymous_0)","decl":{"start":{"line":5,"column":20},"end":{"line":5,"column":21}},"loc":{"start":{"line":5,"column":46},"end":{"line":11,"column":1}},"line":5},"1":{"name":"(anonymous_1)","decl":{"start":{"line":13,"column":24},"end":{"line":13,"column":25}},"loc":{"start":{"line":13,"column":50},"end":{"line":22,"column":1}},"line":13},"2":{"name":"(anonymous_2)","decl":{"start":{"line":24,"column":23},"end":{"line":24,"column":24}},"loc":{"start":{"line":24,"column":49},"end":{"line":34,"column":1}},"line":24},"3":{"name":"(anonymous_3)","decl":{"start":{"line":36,"column":23},"end":{"line":36,"column":24}},"loc":{"start":{"line":36,"column":49},"end":{"line":48,"column":1}},"line":36},"4":{"name":"(anonymous_4)","decl":{"start":{"line":50,"column":23},"end":{"line":50,"column":24}},"loc":{"start":{"line":50,"column":49},"end":{"line":62,"column":1}},"line":50},"5":{"name":"(anonymous_5)","decl":{"start":{"line":64,"column":28},"end":{"line":64,"column":29}},"loc":{"start":{"line":64,"column":54},"end":{"line":75,"column":1}},"line":64}},"branchMap":{"0":{"loc":{"start":{"line":17,"column":8},"end":{"line":17,"column":69}},"type":"if","locations":[{"start":{"line":17,"column":8},"end":{"line":17,"column":69}},{"start":{},"end":{}}],"line":17},"1":{"loc":{"start":{"line":41,"column":8},"end":{"line":41,"column":70}},"type":"if","locations":[{"start":{"line":41,"column":8},"end":{"line":41,"column":70}},{"start":{},"end":{}}],"line":41},"2":{"loc":{"start":{"line":55,"column":8},"end":{"line":55,"column":70}},"type":"if","locations":[{"start":{"line":55,"column":8},"end":{"line":55,"column":70}},{"start":{},"end":{}}],"line":55}},"s":{"0":5,"1":5,"2":5,"3":5,"4":1,"5":1,"6":0,"7":5,"8":4,"9":4,"10":4,"11":4,"12":1,"13":3,"14":1,"15":5,"16":4,"17":4,"18":4,"19":1,"20":1,"21":3,"22":3,"23":5,"24":4,"25":4,"26":4,"27":4,"28":4,"29":1,"30":3,"31":3,"32":1,"33":1,"34":5,"35":4,"36":4,"37":4,"38":4,"39":4,"40":1,"41":3,"42":3,"43":1,"44":1,"45":5,"46":4,"47":4,"48":4,"49":2},"f":{"0":1,"1":4,"2":4,"3":4,"4":4,"5":4},"b":{"0":[1,3],"1":[1,3],"2":[1,3]},"_coverageSchema":"1a1c01bbd47fc00a2c39e90264f33305004495a9","hash":"a8f3a3a6012fdd1f5f1db9f587b084c6c97ec851"}
,"D:\\Suli 2025-26\\Mestermu\\Delibab_Foglalo\\Backend\\api\\controllers\\ContactController.js": {"path":"D:\\Suli 2025-26\\Mestermu\\Delibab_Foglalo\\Backend\\api\\controllers\\ContactController.js","statementMap":{"0":{"start":{"line":1,"column":19},"end":{"line":1,"column":40}},"1":{"start":{"line":2,"column":28},"end":{"line":2,"column":48}},"2":{"start":{"line":5,"column":19},"end":{"line":12,"column":1}},"3":{"start":{"line":6,"column":2},"end":{"line":11,"column":29}},"4":{"start":{"line":15,"column":32},"end":{"line":146,"column":1}},"5":{"start":{"line":15,"column":58},"end":{"line":146,"column":1}},"6":{"start":{"line":149,"column":0},"end":{"line":189,"column":2}},"7":{"start":{"line":150,"column":2},"end":{"line":188,"column":3}},"8":{"start":{"line":151,"column":30},"end":{"line":151,"column":38}},"9":{"start":{"line":153,"column":4},"end":{"line":155,"column":5}},"10":{"start":{"line":154,"column":6},"end":{"line":154,"column":67}},"11":{"start":{"line":157,"column":4},"end":{"line":159,"column":5}},"12":{"start":{"line":158,"column":6},"end":{"line":158,"column":63}},"13":{"start":{"line":161,"column":24},"end":{"line":167,"column":6}},"14":{"start":{"line":169,"column":4},"end":{"line":169,"column":31}},"15":{"start":{"line":171,"column":4},"end":{"line":178,"column":7}},"16":{"start":{"line":180,"column":4},"end":{"line":180,"column":73}},"17":{"start":{"line":182,"column":4},"end":{"line":184,"column":7}},"18":{"start":{"line":186,"column":4},"end":{"line":186,"column":58}},"19":{"start":{"line":187,"column":4},"end":{"line":187,"column":16}}},"fnMap":{"0":{"name":"(anonymous_0)","decl":{"start":{"line":5,"column":19},"end":{"line":5,"column":20}},"loc":{"start":{"line":5,"column":31},"end":{"line":12,"column":1}},"line":5},"1":{"name":"(anonymous_1)","decl":{"start":{"line":15,"column":32},"end":{"line":15,"column":33}},"loc":{"start":{"line":15,"column":58},"end":{"line":146,"column":1}},"line":15},"2":{"name":"(anonymous_2)","decl":{"start":{"line":149,"column":29},"end":{"line":149,"column":30}},"loc":{"start":{"line":149,"column":55},"end":{"line":189,"column":1}},"line":149}},"branchMap":{"0":{"loc":{"start":{"line":153,"column":4},"end":{"line":155,"column":5}},"type":"if","locations":[{"start":{"line":153,"column":4},"end":{"line":155,"column":5}},{"start":{},"end":{}}],"line":153},"1":{"loc":{"start":{"line":153,"column":8},"end":{"line":153,"column":25}},"type":"binary-expr","locations":[{"start":{"line":153,"column":8},"end":{"line":153,"column":13}},{"start":{"line":153,"column":17},"end":{"line":153,"column":25}}],"line":153},"2":{"loc":{"start":{"line":157,"column":4},"end":{"line":159,"column":5}},"type":"if","locations":[{"start":{"line":157,"column":4},"end":{"line":159,"column":5}},{"start":{},"end":{}}],"line":157},"3":{"loc":{"start":{"line":157,"column":8},"end":{"line":157,"column":56}},"type":"binary-expr","locations":[{"start":{"line":157,"column":8},"end":{"line":157,"column":30}},{"start":{"line":157,"column":34},"end":{"line":157,"column":56}}],"line":157}},"s":{"0":5,"1":5,"2":5,"3":0,"4":5,"5":0,"6":5,"7":0,"8":0,"9":0,"10":0,"11":0,"12":0,"13":0,"14":0,"15":0,"16":0,"17":0,"18":0,"19":0},"f":{"0":0,"1":0,"2":0},"b":{"0":[0,0],"1":[0,0],"2":[0,0],"3":[0,0]},"_coverageSchema":"1a1c01bbd47fc00a2c39e90264f33305004495a9","hash":"035fa06a8ee1f53ba5f0ca22026fe1ea685f28cf"}
,"D:\\Suli 2025-26\\Mestermu\\Delibab_Foglalo\\Backend\\api\\controllers\\FelhasznaloController.js": {"path":"D:\\Suli 2025-26\\Mestermu\\Delibab_Foglalo\\Backend\\api\\controllers\\FelhasznaloController.js","statementMap":{"0":{"start":{"line":1,"column":11},"end":{"line":1,"column":27}},"1":{"start":{"line":2,"column":24},"end":{"line":2,"column":50}},"2":{"start":{"line":3,"column":26},"end":{"line":3,"column":46}},"3":{"start":{"line":5,"column":0},"end":{"line":11,"column":1}},"4":{"start":{"line":6,"column":4},"end":{"line":10,"column":5}},"5":{"start":{"line":7,"column":8},"end":{"line":7,"column":58}},"6":{"start":{"line":9,"column":8},"end":{"line":9,"column":20}},"7":{"start":{"line":13,"column":0},"end":{"line":22,"column":1}},"8":{"start":{"line":14,"column":4},"end":{"line":21,"column":5}},"9":{"start":{"line":15,"column":23},"end":{"line":15,"column":33}},"10":{"start":{"line":16,"column":21},"end":{"line":16,"column":54}},"11":{"start":{"line":17,"column":8},"end":{"line":17,"column":72}},"12":{"start":{"line":17,"column":19},"end":{"line":17,"column":72}},"13":{"start":{"line":18,"column":8},"end":{"line":18,"column":35}},"14":{"start":{"line":20,"column":8},"end":{"line":20,"column":20}},"15":{"start":{"line":24,"column":0},"end":{"line":37,"column":1}},"16":{"start":{"line":25,"column":14},"end":{"line":25,"column":46}},"17":{"start":{"line":26,"column":4},"end":{"line":36,"column":5}},"18":{"start":{"line":27,"column":24},"end":{"line":30,"column":10}},"19":{"start":{"line":31,"column":8},"end":{"line":31,"column":25}},"20":{"start":{"line":32,"column":8},"end":{"line":32,"column":38}},"21":{"start":{"line":34,"column":8},"end":{"line":34,"column":27}},"22":{"start":{"line":35,"column":8},"end":{"line":35,"column":20}},"23":{"start":{"line":39,"column":0},"end":{"line":53,"column":1}},"24":{"start":{"line":40,"column":14},"end":{"line":40,"column":46}},"25":{"start":{"line":41,"column":4},"end":{"line":52,"column":5}},"26":{"start":{"line":42,"column":23},"end":{"line":42,"column":33}},"27":{"start":{"line":43,"column":24},"end":{"line":45,"column":10}},"28":{"start":{"line":46,"column":8},"end":{"line":46,"column":75}},"29":{"start":{"line":46,"column":22},"end":{"line":46,"column":75}},"30":{"start":{"line":47,"column":8},"end":{"line":47,"column":25}},"31":{"start":{"line":48,"column":8},"end":{"line":48,"column":38}},"32":{"start":{"line":50,"column":8},"end":{"line":50,"column":27}},"33":{"start":{"line":51,"column":8},"end":{"line":51,"column":20}},"34":{"start":{"line":55,"column":0},"end":{"line":67,"column":1}},"35":{"start":{"line":56,"column":14},"end":{"line":56,"column":46}},"36":{"start":{"line":57,"column":4},"end":{"line":66,"column":5}},"37":{"start":{"line":58,"column":23},"end":{"line":58,"column":33}},"38":{"start":{"line":59,"column":24},"end":{"line":59,"column":76}},"39":{"start":{"line":60,"column":8},"end":{"line":60,"column":75}},"40":{"start":{"line":60,"column":22},"end":{"line":60,"column":75}},"41":{"start":{"line":61,"column":8},"end":{"line":61,"column":25}},"42":{"start":{"line":62,"column":8},"end":{"line":62,"column":75}},"43":{"start":{"line":64,"column":8},"end":{"line":64,"column":27}},"44":{"start":{"line":65,"column":8},"end":{"line":65,"column":20}},"45":{"start":{"line":69,"column":0},"end":{"line":78,"column":1}},"46":{"start":{"line":70,"column":4},"end":{"line":77,"column":5}},"47":{"start":{"line":71,"column":26},"end":{"line":71,"column":36}},"48":{"start":{"line":72,"column":21},"end":{"line":72,"column":60}},"49":{"start":{"line":73,"column":8},"end":{"line":73,"column":93}},"50":{"start":{"line":73,"column":40},"end":{"line":73,"column":93}},"51":{"start":{"line":74,"column":8},"end":{"line":74,"column":35}},"52":{"start":{"line":76,"column":8},"end":{"line":76,"column":20}},"53":{"start":{"line":80,"column":0},"end":{"line":86,"column":1}},"54":{"start":{"line":81,"column":4},"end":{"line":85,"column":5}},"55":{"start":{"line":82,"column":8},"end":{"line":82,"column":70}},"56":{"start":{"line":84,"column":8},"end":{"line":84,"column":20}},"57":{"start":{"line":88,"column":0},"end":{"line":95,"column":1}},"58":{"start":{"line":89,"column":4},"end":{"line":94,"column":5}},"59":{"start":{"line":90,"column":26},"end":{"line":90,"column":35}},"60":{"start":{"line":91,"column":8},"end":{"line":91,"column":67}},"61":{"start":{"line":93,"column":8},"end":{"line":93,"column":20}},"62":{"start":{"line":97,"column":0},"end":{"line":104,"column":1}},"63":{"start":{"line":98,"column":4},"end":{"line":103,"column":5}},"64":{"start":{"line":99,"column":39},"end":{"line":99,"column":48}},"65":{"start":{"line":100,"column":8},"end":{"line":100,"column":88}},"66":{"start":{"line":102,"column":8},"end":{"line":102,"column":20}},"67":{"start":{"line":106,"column":0},"end":{"line":112,"column":1}},"68":{"start":{"line":107,"column":4},"end":{"line":111,"column":5}},"69":{"start":{"line":108,"column":8},"end":{"line":108,"column":72}},"70":{"start":{"line":110,"column":8},"end":{"line":110,"column":20}}},"fnMap":{"0":{"name":"(anonymous_0)","decl":{"start":{"line":5,"column":18},"end":{"line":5,"column":19}},"loc":{"start":{"line":5,"column":44},"end":{"line":11,"column":1}},"line":5},"1":{"name":"(anonymous_1)","decl":{"start":{"line":13,"column":22},"end":{"line":13,"column":23}},"loc":{"start":{"line":13,"column":48},"end":{"line":22,"column":1}},"line":13},"2":{"name":"(anonymous_2)","decl":{"start":{"line":24,"column":21},"end":{"line":24,"column":22}},"loc":{"start":{"line":24,"column":47},"end":{"line":37,"column":1}},"line":24},"3":{"name":"(anonymous_3)","decl":{"start":{"line":39,"column":21},"end":{"line":39,"column":22}},"loc":{"start":{"line":39,"column":47},"end":{"line":53,"column":1}},"line":39},"4":{"name":"(anonymous_4)","decl":{"start":{"line":55,"column":21},"end":{"line":55,"column":22}},"loc":{"start":{"line":55,"column":47},"end":{"line":67,"column":1}},"line":55},"5":{"name":"(anonymous_5)","decl":{"start":{"line":69,"column":25},"end":{"line":69,"column":26}},"loc":{"start":{"line":69,"column":51},"end":{"line":78,"column":1}},"line":69},"6":{"name":"(anonymous_6)","decl":{"start":{"line":80,"column":30},"end":{"line":80,"column":31}},"loc":{"start":{"line":80,"column":56},"end":{"line":86,"column":1}},"line":80},"7":{"name":"(anonymous_7)","decl":{"start":{"line":88,"column":22},"end":{"line":88,"column":23}},"loc":{"start":{"line":88,"column":48},"end":{"line":95,"column":1}},"line":88},"8":{"name":"(anonymous_8)","decl":{"start":{"line":97,"column":30},"end":{"line":97,"column":31}},"loc":{"start":{"line":97,"column":56},"end":{"line":104,"column":1}},"line":97},"9":{"name":"(anonymous_9)","decl":{"start":{"line":106,"column":32},"end":{"line":106,"column":33}},"loc":{"start":{"line":106,"column":58},"end":{"line":112,"column":1}},"line":106}},"branchMap":{"0":{"loc":{"start":{"line":17,"column":8},"end":{"line":17,"column":72}},"type":"if","locations":[{"start":{"line":17,"column":8},"end":{"line":17,"column":72}},{"start":{},"end":{}}],"line":17},"1":{"loc":{"start":{"line":46,"column":8},"end":{"line":46,"column":75}},"type":"if","locations":[{"start":{"line":46,"column":8},"end":{"line":46,"column":75}},{"start":{},"end":{}}],"line":46},"2":{"loc":{"start":{"line":60,"column":8},"end":{"line":60,"column":75}},"type":"if","locations":[{"start":{"line":60,"column":8},"end":{"line":60,"column":75}},{"start":{},"end":{}}],"line":60},"3":{"loc":{"start":{"line":73,"column":8},"end":{"line":73,"column":93}},"type":"if","locations":[{"start":{"line":73,"column":8},"end":{"line":73,"column":93}},{"start":{},"end":{}}],"line":73},"4":{"loc":{"start":{"line":73,"column":12},"end":{"line":73,"column":38}},"type":"binary-expr","locations":[{"start":{"line":73,"column":12},"end":{"line":73,"column":17}},{"start":{"line":73,"column":21},"end":{"line":73,"column":38}}],"line":73}},"s":{"0":5,"1":5,"2":5,"3":5,"4":1,"5":1,"6":0,"7":5,"8":3,"9":3,"10":3,"11":3,"12":1,"13":2,"14":1,"15":5,"16":4,"17":4,"18":4,"19":1,"20":1,"21":3,"22":3,"23":5,"24":4,"25":4,"26":4,"27":4,"28":4,"29":1,"30":3,"31":3,"32":1,"33":1,"34":5,"35":3,"36":3,"37":3,"38":3,"39":3,"40":1,"41":2,"42":2,"43":1,"44":1,"45":5,"46":0,"47":0,"48":0,"49":0,"50":0,"51":0,"52":0,"53":5,"54":0,"55":0,"56":0,"57":5,"58":0,"59":0,"60":0,"61":0,"62":5,"63":0,"64":0,"65":0,"66":0,"67":5,"68":0,"69":0,"70":0},"f":{"0":1,"1":3,"2":4,"3":4,"4":3,"5":0,"6":0,"7":0,"8":0,"9":0},"b":{"0":[1,2],"1":[1,3],"2":[1,2],"3":[0,0],"4":[0,0]},"_coverageSchema":"1a1c01bbd47fc00a2c39e90264f33305004495a9","hash":"a6a5f9eb4c11990522a74b738ec7f1c114a69b2e"}
,"D:\\Suli 2025-26\\Mestermu\\Delibab_Foglalo\\Backend\\api\\controllers\\FoglalasController.js": {"path":"D:\\Suli 2025-26\\Mestermu\\Delibab_Foglalo\\Backend\\api\\controllers\\FoglalasController.js","statementMap":{"0":{"start":{"line":1,"column":11},"end":{"line":1,"column":27}},"1":{"start":{"line":2,"column":28},"end":{"line":2,"column":54}},"2":{"start":{"line":3,"column":26},"end":{"line":3,"column":46}},"3":{"start":{"line":5,"column":0},"end":{"line":11,"column":1}},"4":{"start":{"line":6,"column":4},"end":{"line":10,"column":5}},"5":{"start":{"line":7,"column":8},"end":{"line":7,"column":66}},"6":{"start":{"line":9,"column":8},"end":{"line":9,"column":20}},"7":{"start":{"line":13,"column":0},"end":{"line":22,"column":1}},"8":{"start":{"line":14,"column":4},"end":{"line":21,"column":5}},"9":{"start":{"line":15,"column":23},"end":{"line":15,"column":33}},"10":{"start":{"line":16,"column":25},"end":{"line":16,"column":66}},"11":{"start":{"line":17,"column":8},"end":{"line":17,"column":73}},"12":{"start":{"line":17,"column":23},"end":{"line":17,"column":73}},"13":{"start":{"line":18,"column":8},"end":{"line":18,"column":39}},"14":{"start":{"line":20,"column":8},"end":{"line":20,"column":20}},"15":{"start":{"line":24,"column":0},"end":{"line":37,"column":1}},"16":{"start":{"line":25,"column":14},"end":{"line":25,"column":46}},"17":{"start":{"line":26,"column":4},"end":{"line":36,"column":5}},"18":{"start":{"line":27,"column":24},"end":{"line":30,"column":10}},"19":{"start":{"line":31,"column":8},"end":{"line":31,"column":25}},"20":{"start":{"line":32,"column":8},"end":{"line":32,"column":38}},"21":{"start":{"line":34,"column":8},"end":{"line":34,"column":27}},"22":{"start":{"line":35,"column":8},"end":{"line":35,"column":20}},"23":{"start":{"line":39,"column":0},"end":{"line":51,"column":1}},"24":{"start":{"line":40,"column":14},"end":{"line":40,"column":46}},"25":{"start":{"line":41,"column":4},"end":{"line":50,"column":5}},"26":{"start":{"line":42,"column":23},"end":{"line":42,"column":33}},"27":{"start":{"line":43,"column":24},"end":{"line":43,"column":94}},"28":{"start":{"line":44,"column":8},"end":{"line":44,"column":72}},"29":{"start":{"line":44,"column":22},"end":{"line":44,"column":72}},"30":{"start":{"line":45,"column":8},"end":{"line":45,"column":25}},"31":{"start":{"line":46,"column":8},"end":{"line":46,"column":38}},"32":{"start":{"line":48,"column":8},"end":{"line":48,"column":27}},"33":{"start":{"line":49,"column":8},"end":{"line":49,"column":20}},"34":{"start":{"line":53,"column":0},"end":{"line":65,"column":1}},"35":{"start":{"line":54,"column":14},"end":{"line":54,"column":46}},"36":{"start":{"line":55,"column":4},"end":{"line":64,"column":5}},"37":{"start":{"line":56,"column":23},"end":{"line":56,"column":33}},"38":{"start":{"line":57,"column":24},"end":{"line":57,"column":84}},"39":{"start":{"line":58,"column":8},"end":{"line":58,"column":72}},"40":{"start":{"line":58,"column":22},"end":{"line":58,"column":72}},"41":{"start":{"line":59,"column":8},"end":{"line":59,"column":25}},"42":{"start":{"line":60,"column":8},"end":{"line":60,"column":72}},"43":{"start":{"line":62,"column":8},"end":{"line":62,"column":27}},"44":{"start":{"line":63,"column":8},"end":{"line":63,"column":20}},"45":{"start":{"line":67,"column":0},"end":{"line":79,"column":1}},"46":{"start":{"line":68,"column":4},"end":{"line":78,"column":5}},"47":{"start":{"line":69,"column":36},"end":{"line":69,"column":45}},"48":{"start":{"line":70,"column":33},"end":{"line":70,"column":91}},"49":{"start":{"line":71,"column":8},"end":{"line":75,"column":11}},"50":{"start":{"line":77,"column":8},"end":{"line":77,"column":20}},"51":{"start":{"line":81,"column":0},"end":{"line":88,"column":1}},"52":{"start":{"line":82,"column":4},"end":{"line":87,"column":5}},"53":{"start":{"line":83,"column":26},"end":{"line":83,"column":35}},"54":{"start":{"line":84,"column":8},"end":{"line":84,"column":78}},"55":{"start":{"line":86,"column":8},"end":{"line":86,"column":20}},"56":{"start":{"line":90,"column":0},"end":{"line":97,"column":1}},"57":{"start":{"line":91,"column":4},"end":{"line":96,"column":5}},"58":{"start":{"line":92,"column":27},"end":{"line":92,"column":37}},"59":{"start":{"line":93,"column":8},"end":{"line":93,"column":78}},"60":{"start":{"line":95,"column":8},"end":{"line":95,"column":20}}},"fnMap":{"0":{"name":"(anonymous_0)","decl":{"start":{"line":5,"column":22},"end":{"line":5,"column":23}},"loc":{"start":{"line":5,"column":48},"end":{"line":11,"column":1}},"line":5},"1":{"name":"(anonymous_1)","decl":{"start":{"line":13,"column":26},"end":{"line":13,"column":27}},"loc":{"start":{"line":13,"column":52},"end":{"line":22,"column":1}},"line":13},"2":{"name":"(anonymous_2)","decl":{"start":{"line":24,"column":25},"end":{"line":24,"column":26}},"loc":{"start":{"line":24,"column":51},"end":{"line":37,"column":1}},"line":24},"3":{"name":"(anonymous_3)","decl":{"start":{"line":39,"column":25},"end":{"line":39,"column":26}},"loc":{"start":{"line":39,"column":51},"end":{"line":51,"column":1}},"line":39},"4":{"name":"(anonymous_4)","decl":{"start":{"line":53,"column":25},"end":{"line":53,"column":26}},"loc":{"start":{"line":53,"column":51},"end":{"line":65,"column":1}},"line":53},"5":{"name":"(anonymous_5)","decl":{"start":{"line":67,"column":30},"end":{"line":67,"column":31}},"loc":{"start":{"line":67,"column":56},"end":{"line":79,"column":1}},"line":67},"6":{"name":"(anonymous_6)","decl":{"start":{"line":81,"column":29},"end":{"line":81,"column":30}},"loc":{"start":{"line":81,"column":55},"end":{"line":88,"column":1}},"line":81},"7":{"name":"(anonymous_7)","decl":{"start":{"line":90,"column":28},"end":{"line":90,"column":29}},"loc":{"start":{"line":90,"column":54},"end":{"line":97,"column":1}},"line":90}},"branchMap":{"0":{"loc":{"start":{"line":17,"column":8},"end":{"line":17,"column":73}},"type":"if","locations":[{"start":{"line":17,"column":8},"end":{"line":17,"column":73}},{"start":{},"end":{}}],"line":17},"1":{"loc":{"start":{"line":44,"column":8},"end":{"line":44,"column":72}},"type":"if","locations":[{"start":{"line":44,"column":8},"end":{"line":44,"column":72}},{"start":{},"end":{}}],"line":44},"2":{"loc":{"start":{"line":58,"column":8},"end":{"line":58,"column":72}},"type":"if","locations":[{"start":{"line":58,"column":8},"end":{"line":58,"column":72}},{"start":{},"end":{}}],"line":58}},"s":{"0":5,"1":5,"2":5,"3":5,"4":1,"5":1,"6":0,"7":5,"8":3,"9":3,"10":3,"11":3,"12":1,"13":2,"14":1,"15":5,"16":5,"17":5,"18":5,"19":2,"20":2,"21":3,"22":3,"23":5,"24":3,"25":3,"26":3,"27":3,"28":3,"29":1,"30":2,"31":2,"32":1,"33":1,"34":5,"35":3,"36":3,"37":3,"38":3,"39":3,"40":1,"41":2,"42":2,"43":1,"44":1,"45":5,"46":2,"47":2,"48":2,"49":2,"50":0,"51":5,"52":3,"53":3,"54":3,"55":1,"56":5,"57":2,"58":2,"59":2,"60":0},"f":{"0":1,"1":3,"2":5,"3":3,"4":3,"5":2,"6":3,"7":2},"b":{"0":[1,2],"1":[1,2],"2":[1,2]},"_coverageSchema":"1a1c01bbd47fc00a2c39e90264f33305004495a9","hash":"463e587bfb033ac37a08e6c9e571c41129d2c656"}
,"D:\\Suli 2025-26\\Mestermu\\Delibab_Foglalo\\Backend\\api\\controllers\\FoglalasiAdatokController.js": {"path":"D:\\Suli 2025-26\\Mestermu\\Delibab_Foglalo\\Backend\\api\\controllers\\FoglalasiAdatokController.js","statementMap":{"0":{"start":{"line":1,"column":11},"end":{"line":1,"column":27}},"1":{"start":{"line":2,"column":35},"end":{"line":2,"column":61}},"2":{"start":{"line":3,"column":26},"end":{"line":3,"column":46}},"3":{"start":{"line":5,"column":0},"end":{"line":11,"column":1}},"4":{"start":{"line":6,"column":4},"end":{"line":10,"column":5}},"5":{"start":{"line":7,"column":8},"end":{"line":7,"column":80}},"6":{"start":{"line":9,"column":8},"end":{"line":9,"column":20}},"7":{"start":{"line":13,"column":0},"end":{"line":22,"column":1}},"8":{"start":{"line":14,"column":4},"end":{"line":21,"column":5}},"9":{"start":{"line":15,"column":23},"end":{"line":15,"column":33}},"10":{"start":{"line":16,"column":32},"end":{"line":16,"column":87}},"11":{"start":{"line":17,"column":8},"end":{"line":17,"column":89}},"12":{"start":{"line":17,"column":30},"end":{"line":17,"column":89}},"13":{"start":{"line":18,"column":8},"end":{"line":18,"column":46}},"14":{"start":{"line":20,"column":8},"end":{"line":20,"column":20}},"15":{"start":{"line":24,"column":0},"end":{"line":37,"column":1}},"16":{"start":{"line":25,"column":14},"end":{"line":25,"column":46}},"17":{"start":{"line":26,"column":4},"end":{"line":36,"column":5}},"18":{"start":{"line":27,"column":24},"end":{"line":30,"column":10}},"19":{"start":{"line":31,"column":8},"end":{"line":31,"column":25}},"20":{"start":{"line":32,"column":8},"end":{"line":32,"column":38}},"21":{"start":{"line":34,"column":8},"end":{"line":34,"column":27}},"22":{"start":{"line":35,"column":8},"end":{"line":35,"column":20}},"23":{"start":{"line":39,"column":0},"end":{"line":51,"column":1}},"24":{"start":{"line":40,"column":14},"end":{"line":40,"column":46}},"25":{"start":{"line":41,"column":4},"end":{"line":50,"column":5}},"26":{"start":{"line":42,"column":23},"end":{"line":42,"column":33}},"27":{"start":{"line":43,"column":24},"end":{"line":43,"column":108}},"28":{"start":{"line":44,"column":8},"end":{"line":44,"column":81}},"29":{"start":{"line":44,"column":22},"end":{"line":44,"column":81}},"30":{"start":{"line":45,"column":8},"end":{"line":45,"column":25}},"31":{"start":{"line":46,"column":8},"end":{"line":46,"column":38}},"32":{"start":{"line":48,"column":8},"end":{"line":48,"column":27}},"33":{"start":{"line":49,"column":8},"end":{"line":49,"column":20}},"34":{"start":{"line":53,"column":0},"end":{"line":65,"column":1}},"35":{"start":{"line":54,"column":14},"end":{"line":54,"column":46}},"36":{"start":{"line":55,"column":4},"end":{"line":64,"column":5}},"37":{"start":{"line":56,"column":23},"end":{"line":56,"column":33}},"38":{"start":{"line":57,"column":24},"end":{"line":57,"column":98}},"39":{"start":{"line":58,"column":8},"end":{"line":58,"column":81}},"40":{"start":{"line":58,"column":22},"end":{"line":58,"column":81}},"41":{"start":{"line":59,"column":8},"end":{"line":59,"column":25}},"42":{"start":{"line":60,"column":8},"end":{"line":60,"column":80}},"43":{"start":{"line":62,"column":8},"end":{"line":62,"column":27}},"44":{"start":{"line":63,"column":8},"end":{"line":63,"column":20}}},"fnMap":{"0":{"name":"(anonymous_0)","decl":{"start":{"line":5,"column":29},"end":{"line":5,"column":30}},"loc":{"start":{"line":5,"column":55},"end":{"line":11,"column":1}},"line":5},"1":{"name":"(anonymous_1)","decl":{"start":{"line":13,"column":33},"end":{"line":13,"column":34}},"loc":{"start":{"line":13,"column":59},"end":{"line":22,"column":1}},"line":13},"2":{"name":"(anonymous_2)","decl":{"start":{"line":24,"column":32},"end":{"line":24,"column":33}},"loc":{"start":{"line":24,"column":58},"end":{"line":37,"column":1}},"line":24},"3":{"name":"(anonymous_3)","decl":{"start":{"line":39,"column":32},"end":{"line":39,"column":33}},"loc":{"start":{"line":39,"column":58},"end":{"line":51,"column":1}},"line":39},"4":{"name":"(anonymous_4)","decl":{"start":{"line":53,"column":32},"end":{"line":53,"column":33}},"loc":{"start":{"line":53,"column":58},"end":{"line":65,"column":1}},"line":53}},"branchMap":{"0":{"loc":{"start":{"line":17,"column":8},"end":{"line":17,"column":89}},"type":"if","locations":[{"start":{"line":17,"column":8},"end":{"line":17,"column":89}},{"start":{},"end":{}}],"line":17},"1":{"loc":{"start":{"line":44,"column":8},"end":{"line":44,"column":81}},"type":"if","locations":[{"start":{"line":44,"column":8},"end":{"line":44,"column":81}},{"start":{},"end":{}}],"line":44},"2":{"loc":{"start":{"line":58,"column":8},"end":{"line":58,"column":81}},"type":"if","locations":[{"start":{"line":58,"column":8},"end":{"line":58,"column":81}},{"start":{},"end":{}}],"line":58}},"s":{"0":5,"1":5,"2":5,"3":5,"4":1,"5":1,"6":0,"7":5,"8":4,"9":4,"10":4,"11":4,"12":1,"13":3,"14":1,"15":5,"16":5,"17":5,"18":5,"19":1,"20":1,"21":4,"22":4,"23":5,"24":6,"25":6,"26":6,"27":6,"28":4,"29":1,"30":3,"31":3,"32":3,"33":3,"34":5,"35":4,"36":4,"37":4,"38":4,"39":4,"40":1,"41":3,"42":3,"43":1,"44":1},"f":{"0":1,"1":4,"2":5,"3":6,"4":4},"b":{"0":[1,3],"1":[1,3],"2":[1,3]},"_coverageSchema":"1a1c01bbd47fc00a2c39e90264f33305004495a9","hash":"8d02a0659191ad27f133ea21b8ca033a75f1e081"}
,"D:\\Suli 2025-26\\Mestermu\\Delibab_Foglalo\\Backend\\api\\controllers\\IdopontController.js": {"path":"D:\\Suli 2025-26\\Mestermu\\Delibab_Foglalo\\Backend\\api\\controllers\\IdopontController.js","statementMap":{"0":{"start":{"line":1,"column":11},"end":{"line":1,"column":27}},"1":{"start":{"line":2,"column":27},"end":{"line":2,"column":53}},"2":{"start":{"line":3,"column":26},"end":{"line":3,"column":46}},"3":{"start":{"line":5,"column":0},"end":{"line":11,"column":1}},"4":{"start":{"line":6,"column":4},"end":{"line":10,"column":5}},"5":{"start":{"line":7,"column":8},"end":{"line":7,"column":64}},"6":{"start":{"line":9,"column":8},"end":{"line":9,"column":20}},"7":{"start":{"line":13,"column":0},"end":{"line":22,"column":1}},"8":{"start":{"line":14,"column":4},"end":{"line":21,"column":5}},"9":{"start":{"line":15,"column":23},"end":{"line":15,"column":33}},"10":{"start":{"line":16,"column":24},"end":{"line":16,"column":63}},"11":{"start":{"line":17,"column":8},"end":{"line":17,"column":71}},"12":{"start":{"line":17,"column":22},"end":{"line":17,"column":71}},"13":{"start":{"line":18,"column":8},"end":{"line":18,"column":38}},"14":{"start":{"line":20,"column":8},"end":{"line":20,"column":20}},"15":{"start":{"line":24,"column":0},"end":{"line":34,"column":1}},"16":{"start":{"line":25,"column":14},"end":{"line":25,"column":46}},"17":{"start":{"line":26,"column":4},"end":{"line":33,"column":5}},"18":{"start":{"line":27,"column":24},"end":{"line":27,"column":88}},"19":{"start":{"line":28,"column":8},"end":{"line":28,"column":25}},"20":{"start":{"line":29,"column":8},"end":{"line":29,"column":38}},"21":{"start":{"line":31,"column":8},"end":{"line":31,"column":27}},"22":{"start":{"line":32,"column":8},"end":{"line":32,"column":20}},"23":{"start":{"line":36,"column":0},"end":{"line":48,"column":1}},"24":{"start":{"line":37,"column":14},"end":{"line":37,"column":46}},"25":{"start":{"line":38,"column":4},"end":{"line":47,"column":5}},"26":{"start":{"line":39,"column":23},"end":{"line":39,"column":33}},"27":{"start":{"line":40,"column":24},"end":{"line":40,"column":92}},"28":{"start":{"line":41,"column":8},"end":{"line":41,"column":71}},"29":{"start":{"line":41,"column":22},"end":{"line":41,"column":71}},"30":{"start":{"line":42,"column":8},"end":{"line":42,"column":25}},"31":{"start":{"line":43,"column":8},"end":{"line":43,"column":38}},"32":{"start":{"line":45,"column":8},"end":{"line":45,"column":27}},"33":{"start":{"line":46,"column":8},"end":{"line":46,"column":20}},"34":{"start":{"line":50,"column":0},"end":{"line":62,"column":1}},"35":{"start":{"line":51,"column":14},"end":{"line":51,"column":46}},"36":{"start":{"line":52,"column":4},"end":{"line":61,"column":5}},"37":{"start":{"line":53,"column":23},"end":{"line":53,"column":33}},"38":{"start":{"line":54,"column":24},"end":{"line":54,"column":82}},"39":{"start":{"line":55,"column":8},"end":{"line":55,"column":71}},"40":{"start":{"line":55,"column":22},"end":{"line":55,"column":71}},"41":{"start":{"line":56,"column":8},"end":{"line":56,"column":25}},"42":{"start":{"line":57,"column":8},"end":{"line":57,"column":71}},"43":{"start":{"line":59,"column":8},"end":{"line":59,"column":27}},"44":{"start":{"line":60,"column":8},"end":{"line":60,"column":20}}},"fnMap":{"0":{"name":"(anonymous_0)","decl":{"start":{"line":5,"column":21},"end":{"line":5,"column":22}},"loc":{"start":{"line":5,"column":47},"end":{"line":11,"column":1}},"line":5},"1":{"name":"(anonymous_1)","decl":{"start":{"line":13,"column":25},"end":{"line":13,"column":26}},"loc":{"start":{"line":13,"column":51},"end":{"line":22,"column":1}},"line":13},"2":{"name":"(anonymous_2)","decl":{"start":{"line":24,"column":24},"end":{"line":24,"column":25}},"loc":{"start":{"line":24,"column":50},"end":{"line":34,"column":1}},"line":24},"3":{"name":"(anonymous_3)","decl":{"start":{"line":36,"column":24},"end":{"line":36,"column":25}},"loc":{"start":{"line":36,"column":50},"end":{"line":48,"column":1}},"line":36},"4":{"name":"(anonymous_4)","decl":{"start":{"line":50,"column":24},"end":{"line":50,"column":25}},"loc":{"start":{"line":50,"column":50},"end":{"line":62,"column":1}},"line":50}},"branchMap":{"0":{"loc":{"start":{"line":17,"column":8},"end":{"line":17,"column":71}},"type":"if","locations":[{"start":{"line":17,"column":8},"end":{"line":17,"column":71}},{"start":{},"end":{}}],"line":17},"1":{"loc":{"start":{"line":41,"column":8},"end":{"line":41,"column":71}},"type":"if","locations":[{"start":{"line":41,"column":8},"end":{"line":41,"column":71}},{"start":{},"end":{}}],"line":41},"2":{"loc":{"start":{"line":55,"column":8},"end":{"line":55,"column":71}},"type":"if","locations":[{"start":{"line":55,"column":8},"end":{"line":55,"column":71}},{"start":{},"end":{}}],"line":55}},"s":{"0":5,"1":5,"2":5,"3":5,"4":1,"5":1,"6":0,"7":5,"8":4,"9":4,"10":4,"11":4,"12":1,"13":3,"14":1,"15":5,"16":6,"17":6,"18":6,"19":1,"20":1,"21":5,"22":5,"23":5,"24":5,"25":5,"26":5,"27":5,"28":4,"29":1,"30":3,"31":3,"32":2,"33":2,"34":5,"35":4,"36":4,"37":4,"38":4,"39":4,"40":1,"41":3,"42":3,"43":1,"44":1},"f":{"0":1,"1":4,"2":6,"3":5,"4":4},"b":{"0":[1,3],"1":[1,3],"2":[1,3]},"_coverageSchema":"1a1c01bbd47fc00a2c39e90264f33305004495a9","hash":"e824aaae03e6a3bfa5a93c5f91ea58ca1c9abe0f"}
,"D:\\Suli 2025-26\\Mestermu\\Delibab_Foglalo\\Backend\\api\\controllers\\authController.js": {"path":"D:\\Suli 2025-26\\Mestermu\\Delibab_Foglalo\\Backend\\api\\controllers\\authController.js","statementMap":{"0":{"start":{"line":1,"column":15},"end":{"line":1,"column":32}},"1":{"start":{"line":2,"column":11},"end":{"line":2,"column":27}},"2":{"start":{"line":3,"column":24},"end":{"line":3,"column":50}},"3":{"start":{"line":4,"column":18},"end":{"line":4,"column":51}},"4":{"start":{"line":5,"column":47},"end":{"line":5,"column":67}},"5":{"start":{"line":7,"column":0},"end":{"line":54,"column":1}},"6":{"start":{"line":9,"column":30},"end":{"line":9,"column":38}},"7":{"start":{"line":11,"column":4},"end":{"line":53,"column":5}},"8":{"start":{"line":13,"column":8},"end":{"line":16,"column":9}},"9":{"start":{"line":15,"column":12},"end":{"line":15,"column":75}},"10":{"start":{"line":18,"column":22},"end":{"line":18,"column":61}},"11":{"start":{"line":20,"column":8},"end":{"line":23,"column":9}},"12":{"start":{"line":22,"column":12},"end":{"line":22,"column":67}},"13":{"start":{"line":25,"column":21},"end":{"line":25,"column":29}},"14":{"start":{"line":27,"column":30},"end":{"line":27,"column":71}},"15":{"start":{"line":29,"column":8},"end":{"line":32,"column":9}},"16":{"start":{"line":31,"column":12},"end":{"line":31,"column":67}},"17":{"start":{"line":34,"column":22},"end":{"line":34,"column":55}},"18":{"start":{"line":36,"column":8},"end":{"line":36,"column":54}},"19":{"start":{"line":38,"column":8},"end":{"line":48,"column":11}},"20":{"start":{"line":52,"column":8},"end":{"line":52,"column":20}},"21":{"start":{"line":56,"column":0},"end":{"line":65,"column":1}},"22":{"start":{"line":58,"column":18},"end":{"line":58,"column":41}},"23":{"start":{"line":60,"column":4},"end":{"line":60,"column":43}},"24":{"start":{"line":60,"column":16},"end":{"line":60,"column":43}},"25":{"start":{"line":62,"column":4},"end":{"line":62,"column":65}},"26":{"start":{"line":62,"column":38},"end":{"line":62,"column":65}},"27":{"start":{"line":64,"column":4},"end":{"line":64,"column":24}},"28":{"start":{"line":67,"column":0},"end":{"line":71,"column":1}},"29":{"start":{"line":69,"column":4},"end":{"line":69,"column":34}},"30":{"start":{"line":70,"column":4},"end":{"line":70,"column":24}}},"fnMap":{"0":{"name":"(anonymous_0)","decl":{"start":{"line":7,"column":16},"end":{"line":7,"column":17}},"loc":{"start":{"line":8,"column":0},"end":{"line":54,"column":1}},"line":8},"1":{"name":"(anonymous_1)","decl":{"start":{"line":56,"column":17},"end":{"line":56,"column":18}},"loc":{"start":{"line":57,"column":0},"end":{"line":65,"column":1}},"line":57},"2":{"name":"(anonymous_2)","decl":{"start":{"line":67,"column":17},"end":{"line":67,"column":18}},"loc":{"start":{"line":68,"column":0},"end":{"line":71,"column":1}},"line":68}},"branchMap":{"0":{"loc":{"start":{"line":13,"column":8},"end":{"line":16,"column":9}},"type":"if","locations":[{"start":{"line":13,"column":8},"end":{"line":16,"column":9}},{"start":{},"end":{}}],"line":13},"1":{"loc":{"start":{"line":13,"column":12},"end":{"line":13,"column":29}},"type":"binary-expr","locations":[{"start":{"line":13,"column":12},"end":{"line":13,"column":18}},{"start":{"line":13,"column":22},"end":{"line":13,"column":29}}],"line":13},"2":{"loc":{"start":{"line":20,"column":8},"end":{"line":23,"column":9}},"type":"if","locations":[{"start":{"line":20,"column":8},"end":{"line":23,"column":9}},{"start":{},"end":{}}],"line":20},"3":{"loc":{"start":{"line":20,"column":12},"end":{"line":20,"column":40}},"type":"binary-expr","locations":[{"start":{"line":20,"column":12},"end":{"line":20,"column":18}},{"start":{"line":20,"column":22},"end":{"line":20,"column":40}}],"line":20},"4":{"loc":{"start":{"line":29,"column":8},"end":{"line":32,"column":9}},"type":"if","locations":[{"start":{"line":29,"column":8},"end":{"line":32,"column":9}},{"start":{},"end":{}}],"line":29},"5":{"loc":{"start":{"line":46,"column":25},"end":{"line":46,"column":68}},"type":"binary-expr","locations":[{"start":{"line":46,"column":25},"end":{"line":46,"column":46}},{"start":{"line":46,"column":50},"end":{"line":46,"column":68}}],"line":46},"6":{"loc":{"start":{"line":60,"column":4},"end":{"line":60,"column":43}},"type":"if","locations":[{"start":{"line":60,"column":4},"end":{"line":60,"column":43}},{"start":{},"end":{}}],"line":60},"7":{"loc":{"start":{"line":62,"column":4},"end":{"line":62,"column":65}},"type":"if","locations":[{"start":{"line":62,"column":4},"end":{"line":62,"column":65}},{"start":{},"end":{}}],"line":62}},"s":{"0":5,"1":5,"2":5,"3":5,"4":5,"5":5,"6":0,"7":0,"8":0,"9":0,"10":0,"11":0,"12":0,"13":0,"14":0,"15":0,"16":0,"17":0,"18":0,"19":0,"20":0,"21":5,"22":0,"23":0,"24":0,"25":0,"26":0,"27":0,"28":5,"29":0,"30":0},"f":{"0":0,"1":0,"2":0},"b":{"0":[0,0],"1":[0,0],"2":[0,0],"3":[0,0],"4":[0,0],"5":[0,0],"6":[0,0],"7":[0,0]},"_coverageSchema":"1a1c01bbd47fc00a2c39e90264f33305004495a9","hash":"02bd981e495f5c93ec6279b896fcdf875d177697"}
,"D:\\Suli 2025-26\\Mestermu\\Delibab_Foglalo\\Backend\\api\\db\\index.js": {"path":"D:\\Suli 2025-26\\Mestermu\\Delibab_Foglalo\\Backend\\api\\db\\index.js","statementMap":{"0":{"start":{"line":1,"column":40},"end":{"line":1,"column":60}},"1":{"start":{"line":3,"column":16},"end":{"line":3,"column":49}},"2":{"start":{"line":4,"column":23},"end":{"line":4,"column":25}},"3":{"start":{"line":9,"column":0},"end":{"line":13,"column":1}},"4":{"start":{"line":10,"column":2},"end":{"line":10,"column":37}},"5":{"start":{"line":11,"column":2},"end":{"line":11,"column":36}},"6":{"start":{"line":12,"column":2},"end":{"line":12,"column":33}},"7":{"start":{"line":15,"column":18},"end":{"line":28,"column":1}},"8":{"start":{"line":30,"column":15},"end":{"line":30,"column":46}},"9":{"start":{"line":32,"column":11},"end":{"line":36,"column":1}},"10":{"start":{"line":40,"column":0},"end":{"line":53,"column":1}},"11":{"start":{"line":41,"column":2},"end":{"line":52,"column":7}},"12":{"start":{"line":42,"column":4},"end":{"line":51,"column":5}},"13":{"start":{"line":43,"column":6},"end":{"line":43,"column":43}},"14":{"start":{"line":44,"column":6},"end":{"line":44,"column":44}},"15":{"start":{"line":45,"column":6},"end":{"line":45,"column":38}},"16":{"start":{"line":47,"column":6},"end":{"line":47,"column":54}},"17":{"start":{"line":48,"column":6},"end":{"line":50,"column":7}},"18":{"start":{"line":49,"column":8},"end":{"line":49,"column":20}},"19":{"start":{"line":55,"column":0},"end":{"line":55,"column":20}}},"fnMap":{"0":{"name":"(anonymous_0)","decl":{"start":{"line":41,"column":3},"end":{"line":41,"column":4}},"loc":{"start":{"line":41,"column":14},"end":{"line":52,"column":3}},"line":41}},"branchMap":{"0":{"loc":{"start":{"line":3,"column":16},"end":{"line":3,"column":49}},"type":"binary-expr","locations":[{"start":{"line":3,"column":16},"end":{"line":3,"column":38}},{"start":{"line":3,"column":42},"end":{"line":3,"column":49}}],"line":3},"1":{"loc":{"start":{"line":9,"column":0},"end":{"line":13,"column":1}},"type":"if","locations":[{"start":{"line":9,"column":0},"end":{"line":13,"column":1}},{"start":{},"end":{}}],"line":9},"2":{"loc":{"start":{"line":26,"column":20},"end":{"line":26,"column":87}},"type":"cond-expr","locations":[{"start":{"line":26,"column":61},"end":{"line":26,"column":75}},{"start":{"line":26,"column":78},"end":{"line":26,"column":87}}],"line":26},"3":{"loc":{"start":{"line":40,"column":0},"end":{"line":53,"column":1}},"type":"if","locations":[{"start":{"line":40,"column":0},"end":{"line":53,"column":1}},{"start":{},"end":{}}],"line":40},"4":{"loc":{"start":{"line":40,"column":4},"end":{"line":40,"column":66}},"type":"binary-expr","locations":[{"start":{"line":40,"column":4},"end":{"line":40,"column":35}},{"start":{"line":40,"column":39},"end":{"line":40,"column":66}}],"line":40},"5":{"loc":{"start":{"line":48,"column":6},"end":{"line":50,"column":7}},"type":"if","locations":[{"start":{"line":48,"column":6},"end":{"line":50,"column":7}},{"start":{},"end":{}}],"line":48}},"s":{"0":5,"1":5,"2":5,"3":5,"4":5,"5":5,"6":5,"7":5,"8":5,"9":5,"10":5,"11":0,"12":0,"13":0,"14":0,"15":0,"16":0,"17":0,"18":0,"19":5},"f":{"0":0},"b":{"0":[5,0],"1":[5,0],"2":[5,0],"3":[0,5],"4":[5,0],"5":[0,0]},"_coverageSchema":"1a1c01bbd47fc00a2c39e90264f33305004495a9","hash":"e61f6c7694243ae18b0599df24e41e42573eef5b"}
,"D:\\Suli 2025-26\\Mestermu\\Delibab_Foglalo\\Backend\\api\\errors\\AppError.js": {"path":"D:\\Suli 2025-26\\Mestermu\\Delibab_Foglalo\\Backend\\api\\errors\\AppError.js","statementMap":{"0":{"start":{"line":12,"column":8},"end":{"line":12,"column":23}},"1":{"start":{"line":14,"column":8},"end":{"line":14,"column":37}},"2":{"start":{"line":16,"column":8},"end":{"line":16,"column":43}},"3":{"start":{"line":18,"column":8},"end":{"line":18,"column":83}},"4":{"start":{"line":20,"column":8},"end":{"line":20,"column":77}},"5":{"start":{"line":22,"column":8},"end":{"line":22,"column":98}},"6":{"start":{"line":22,"column":50},"end":{"line":22,"column":98}},"7":{"start":{"line":26,"column":0},"end":{"line":26,"column":26}}},"fnMap":{"0":{"name":"(anonymous_0)","decl":{"start":{"line":3,"column":4},"end":{"line":3,"column":5}},"loc":{"start":{"line":11,"column":4},"end":{"line":23,"column":5}},"line":11}},"branchMap":{"0":{"loc":{"start":{"line":5,"column":8},"end":{"line":5,"column":41}},"type":"default-arg","locations":[{"start":{"line":5,"column":18},"end":{"line":5,"column":41}}],"line":5},"1":{"loc":{"start":{"line":6,"column":8},"end":{"line":9,"column":14}},"type":"default-arg","locations":[{"start":{"line":9,"column":12},"end":{"line":9,"column":14}}],"line":6},"2":{"loc":{"start":{"line":7,"column":12},"end":{"line":7,"column":28}},"type":"default-arg","locations":[{"start":{"line":7,"column":25},"end":{"line":7,"column":28}}],"line":7},"3":{"loc":{"start":{"line":7,"column":30},"end":{"line":7,"column":50}},"type":"default-arg","locations":[{"start":{"line":7,"column":46},"end":{"line":7,"column":50}}],"line":7},"4":{"loc":{"start":{"line":8,"column":12},"end":{"line":8,"column":31}},"type":"default-arg","locations":[{"start":{"line":8,"column":22},"end":{"line":8,"column":31}}],"line":8},"5":{"loc":{"start":{"line":8,"column":33},"end":{"line":8,"column":49}},"type":"default-arg","locations":[{"start":{"line":8,"column":40},"end":{"line":8,"column":49}}],"line":8},"6":{"loc":{"start":{"line":18,"column":23},"end":{"line":18,"column":82}},"type":"cond-expr","locations":[{"start":{"line":18,"column":63},"end":{"line":18,"column":70}},{"start":{"line":18,"column":73},"end":{"line":18,"column":82}}],"line":18},"7":{"loc":{"start":{"line":20,"column":20},"end":{"line":20,"column":76}},"type":"cond-expr","locations":[{"start":{"line":20,"column":60},"end":{"line":20,"column":64}},{"start":{"line":20,"column":67},"end":{"line":20,"column":76}}],"line":20},"8":{"loc":{"start":{"line":22,"column":8},"end":{"line":22,"column":98}},"type":"if","locations":[{"start":{"line":22,"column":8},"end":{"line":22,"column":98}},{"start":{},"end":{}}],"line":22}},"s":{"0":38,"1":38,"2":38,"3":38,"4":38,"5":38,"6":38,"7":5},"f":{"0":38},"b":{"0":[0],"1":[0],"2":[0],"3":[38],"4":[38],"5":[38],"6":[38,0],"7":[38,0],"8":[38,0]},"_coverageSchema":"1a1c01bbd47fc00a2c39e90264f33305004495a9","hash":"b62b7b02187fd0cc9b6b064ea08e120e190662cb"}
,"D:\\Suli 2025-26\\Mestermu\\Delibab_Foglalo\\Backend\\api\\errors\\BadRequestError.js": {"path":"D:\\Suli 2025-26\\Mestermu\\Delibab_Foglalo\\Backend\\api\\errors\\BadRequestError.js","statementMap":{"0":{"start":{"line":1,"column":17},"end":{"line":1,"column":38}},"1":{"start":{"line":7,"column":8},"end":{"line":7,"column":56}},"2":{"start":{"line":11,"column":0},"end":{"line":11,"column":33}}},"fnMap":{"0":{"name":"(anonymous_0)","decl":{"start":{"line":5,"column":4},"end":{"line":5,"column":5}},"loc":{"start":{"line":6,"column":4},"end":{"line":8,"column":5}},"line":6}},"branchMap":{"0":{"loc":{"start":{"line":5,"column":16},"end":{"line":5,"column":39}},"type":"default-arg","locations":[{"start":{"line":5,"column":26},"end":{"line":5,"column":39}}],"line":5},"1":{"loc":{"start":{"line":5,"column":41},"end":{"line":5,"column":53}},"type":"default-arg","locations":[{"start":{"line":5,"column":51},"end":{"line":5,"column":53}}],"line":5}},"s":{"0":5,"1":21,"2":5},"f":{"0":21},"b":{"0":[0],"1":[21]},"_coverageSchema":"1a1c01bbd47fc00a2c39e90264f33305004495a9","hash":"63552385540ee5acbdd9258e843671f42ec6e279"}
,"D:\\Suli 2025-26\\Mestermu\\Delibab_Foglalo\\Backend\\api\\errors\\DbError.js": {"path":"D:\\Suli 2025-26\\Mestermu\\Delibab_Foglalo\\Backend\\api\\errors\\DbError.js","statementMap":{"0":{"start":{"line":1,"column":17},"end":{"line":1,"column":38}},"1":{"start":{"line":7,"column":8},"end":{"line":7,"column":79}},"2":{"start":{"line":11,"column":0},"end":{"line":11,"column":25}}},"fnMap":{"0":{"name":"(anonymous_0)","decl":{"start":{"line":5,"column":4},"end":{"line":5,"column":5}},"loc":{"start":{"line":6,"column":4},"end":{"line":8,"column":5}},"line":6}},"branchMap":{"0":{"loc":{"start":{"line":5,"column":16},"end":{"line":5,"column":61}},"type":"default-arg","locations":[{"start":{"line":5,"column":26},"end":{"line":5,"column":61}}],"line":5},"1":{"loc":{"start":{"line":5,"column":63},"end":{"line":5,"column":75}},"type":"default-arg","locations":[{"start":{"line":5,"column":73},"end":{"line":5,"column":75}}],"line":5}},"s":{"0":5,"1":0,"2":5},"f":{"0":0},"b":{"0":[0],"1":[0]},"_coverageSchema":"1a1c01bbd47fc00a2c39e90264f33305004495a9","hash":"b34afa5904c6b8ebfea2d731a7030eb94dece074"}
,"D:\\Suli 2025-26\\Mestermu\\Delibab_Foglalo\\Backend\\api\\errors\\NotFoundError.js": {"path":"D:\\Suli 2025-26\\Mestermu\\Delibab_Foglalo\\Backend\\api\\errors\\NotFoundError.js","statementMap":{"0":{"start":{"line":1,"column":17},"end":{"line":1,"column":38}},"1":{"start":{"line":7,"column":8},"end":{"line":7,"column":57}},"2":{"start":{"line":11,"column":0},"end":{"line":11,"column":31}}},"fnMap":{"0":{"name":"(anonymous_0)","decl":{"start":{"line":5,"column":4},"end":{"line":5,"column":5}},"loc":{"start":{"line":6,"column":4},"end":{"line":8,"column":5}},"line":6}},"branchMap":{"0":{"loc":{"start":{"line":5,"column":16},"end":{"line":5,"column":67}},"type":"default-arg","locations":[{"start":{"line":5,"column":26},"end":{"line":5,"column":67}}],"line":5},"1":{"loc":{"start":{"line":5,"column":69},"end":{"line":5,"column":81}},"type":"default-arg","locations":[{"start":{"line":5,"column":79},"end":{"line":5,"column":81}}],"line":5}},"s":{"0":5,"1":17,"2":5},"f":{"0":17},"b":{"0":[0],"1":[17]},"_coverageSchema":"1a1c01bbd47fc00a2c39e90264f33305004495a9","hash":"acddf7c300ea727bff647492269a81aa2c825982"}
,"D:\\Suli 2025-26\\Mestermu\\Delibab_Foglalo\\Backend\\api\\errors\\UnauthorizedError.js": {"path":"D:\\Suli 2025-26\\Mestermu\\Delibab_Foglalo\\Backend\\api\\errors\\UnauthorizedError.js","statementMap":{"0":{"start":{"line":1,"column":17},"end":{"line":1,"column":38}},"1":{"start":{"line":7,"column":8},"end":{"line":7,"column":56}},"2":{"start":{"line":11,"column":0},"end":{"line":11,"column":35}}},"fnMap":{"0":{"name":"(anonymous_0)","decl":{"start":{"line":5,"column":4},"end":{"line":5,"column":5}},"loc":{"start":{"line":6,"column":4},"end":{"line":8,"column":5}},"line":6}},"branchMap":{"0":{"loc":{"start":{"line":5,"column":16},"end":{"line":5,"column":46}},"type":"default-arg","locations":[{"start":{"line":5,"column":26},"end":{"line":5,"column":46}}],"line":5},"1":{"loc":{"start":{"line":5,"column":48},"end":{"line":5,"column":60}},"type":"default-arg","locations":[{"start":{"line":5,"column":58},"end":{"line":5,"column":60}}],"line":5}},"s":{"0":5,"1":0,"2":5},"f":{"0":0},"b":{"0":[0],"1":[0]},"_coverageSchema":"1a1c01bbd47fc00a2c39e90264f33305004495a9","hash":"ef728ef24ea56cb55970934fd0472762c724bdb2"}
,"D:\\Suli 2025-26\\Mestermu\\Delibab_Foglalo\\Backend\\api\\errors\\index.js": {"path":"D:\\Suli 2025-26\\Mestermu\\Delibab_Foglalo\\Backend\\api\\errors\\index.js","statementMap":{"0":{"start":{"line":1,"column":0},"end":{"line":8,"column":1}}},"fnMap":{},"branchMap":{},"s":{"0":5},"f":{},"b":{},"_coverageSchema":"1a1c01bbd47fc00a2c39e90264f33305004495a9","hash":"bd65d2aa0fdb3bc8f959bfa8b98dc85d4afc4fea"}
,"D:\\Suli 2025-26\\Mestermu\\Delibab_Foglalo\\Backend\\api\\middlewares\\authMiddleware.js": {"path":"D:\\Suli 2025-26\\Mestermu\\Delibab_Foglalo\\Backend\\api\\middlewares\\authMiddleware.js","statementMap":{"0":{"start":{"line":1,"column":12},"end":{"line":1,"column":35}},"1":{"start":{"line":2,"column":30},"end":{"line":2,"column":50}},"2":{"start":{"line":4,"column":18},"end":{"line":4,"column":51}},"3":{"start":{"line":6,"column":0},"end":{"line":19,"column":1}},"4":{"start":{"line":8,"column":27},"end":{"line":8,"column":44}},"5":{"start":{"line":10,"column":4},"end":{"line":10,"column":103}},"6":{"start":{"line":10,"column":21},"end":{"line":10,"column":103}},"7":{"start":{"line":12,"column":17},"end":{"line":12,"column":50}},"8":{"start":{"line":14,"column":4},"end":{"line":14,"column":83}},"9":{"start":{"line":14,"column":15},"end":{"line":14,"column":83}},"10":{"start":{"line":16,"column":4},"end":{"line":16,"column":20}},"11":{"start":{"line":18,"column":4},"end":{"line":18,"column":11}},"12":{"start":{"line":21,"column":0},"end":{"line":36,"column":1}},"13":{"start":{"line":23,"column":27},"end":{"line":23,"column":44}},"14":{"start":{"line":25,"column":4},"end":{"line":25,"column":103}},"15":{"start":{"line":25,"column":21},"end":{"line":25,"column":103}},"16":{"start":{"line":27,"column":17},"end":{"line":27,"column":50}},"17":{"start":{"line":29,"column":4},"end":{"line":29,"column":83}},"18":{"start":{"line":29,"column":15},"end":{"line":29,"column":83}},"19":{"start":{"line":31,"column":4},"end":{"line":31,"column":99}},"20":{"start":{"line":31,"column":23},"end":{"line":31,"column":99}},"21":{"start":{"line":33,"column":4},"end":{"line":33,"column":20}},"22":{"start":{"line":35,"column":4},"end":{"line":35,"column":11}}},"fnMap":{"0":{"name":"(anonymous_0)","decl":{"start":{"line":6,"column":22},"end":{"line":6,"column":23}},"loc":{"start":{"line":7,"column":0},"end":{"line":19,"column":1}},"line":7},"1":{"name":"(anonymous_1)","decl":{"start":{"line":21,"column":22},"end":{"line":21,"column":23}},"loc":{"start":{"line":22,"column":0},"end":{"line":36,"column":1}},"line":22}},"branchMap":{"0":{"loc":{"start":{"line":8,"column":27},"end":{"line":8,"column":44}},"type":"binary-expr","locations":[{"start":{"line":8,"column":27},"end":{"line":8,"column":38}},{"start":{"line":8,"column":42},"end":{"line":8,"column":44}}],"line":8},"1":{"loc":{"start":{"line":10,"column":4},"end":{"line":10,"column":103}},"type":"if","locations":[{"start":{"line":10,"column":4},"end":{"line":10,"column":103}},{"start":{},"end":{}}],"line":10},"2":{"loc":{"start":{"line":14,"column":4},"end":{"line":14,"column":83}},"type":"if","locations":[{"start":{"line":14,"column":4},"end":{"line":14,"column":83}},{"start":{},"end":{}}],"line":14},"3":{"loc":{"start":{"line":23,"column":27},"end":{"line":23,"column":44}},"type":"binary-expr","locations":[{"start":{"line":23,"column":27},"end":{"line":23,"column":38}},{"start":{"line":23,"column":42},"end":{"line":23,"column":44}}],"line":23},"4":{"loc":{"start":{"line":25,"column":4},"end":{"line":25,"column":103}},"type":"if","locations":[{"start":{"line":25,"column":4},"end":{"line":25,"column":103}},{"start":{},"end":{}}],"line":25},"5":{"loc":{"start":{"line":29,"column":4},"end":{"line":29,"column":83}},"type":"if","locations":[{"start":{"line":29,"column":4},"end":{"line":29,"column":83}},{"start":{},"end":{}}],"line":29},"6":{"loc":{"start":{"line":31,"column":4},"end":{"line":31,"column":99}},"type":"if","locations":[{"start":{"line":31,"column":4},"end":{"line":31,"column":99}},{"start":{},"end":{}}],"line":31}},"s":{"0":5,"1":5,"2":5,"3":5,"4":0,"5":0,"6":0,"7":0,"8":0,"9":0,"10":0,"11":0,"12":5,"13":0,"14":0,"15":0,"16":0,"17":0,"18":0,"19":0,"20":0,"21":0,"22":0},"f":{"0":0,"1":0},"b":{"0":[0,0],"1":[0,0],"2":[0,0],"3":[0,0],"4":[0,0],"5":[0,0],"6":[0,0]},"_coverageSchema":"1a1c01bbd47fc00a2c39e90264f33305004495a9","hash":"7cfb575efb379d5036575765575e04292ccdb4b9"}
,"D:\\Suli 2025-26\\Mestermu\\Delibab_Foglalo\\Backend\\api\\middlewares\\errorHandler.js": {"path":"D:\\Suli 2025-26\\Mestermu\\Delibab_Foglalo\\Backend\\api\\middlewares\\errorHandler.js","statementMap":{"0":{"start":{"line":1,"column":36},"end":{"line":1,"column":56}},"1":{"start":{"line":5,"column":4},"end":{"line":5,"column":65}},"2":{"start":{"line":10,"column":4},"end":{"line":17,"column":5}},"3":{"start":{"line":11,"column":8},"end":{"line":16,"column":11}},"4":{"start":{"line":19,"column":4},"end":{"line":24,"column":5}},"5":{"start":{"line":20,"column":8},"end":{"line":23,"column":11}},"6":{"start":{"line":26,"column":4},"end":{"line":29,"column":7}},"7":{"start":{"line":32,"column":0},"end":{"line":32,"column":46}}},"fnMap":{"0":{"name":"notFoundError","decl":{"start":{"line":3,"column":9},"end":{"line":3,"column":22}},"loc":{"start":{"line":4,"column":0},"end":{"line":6,"column":1}},"line":4},"1":{"name":"showError","decl":{"start":{"line":8,"column":9},"end":{"line":8,"column":18}},"loc":{"start":{"line":9,"column":0},"end":{"line":30,"column":1}},"line":9}},"branchMap":{"0":{"loc":{"start":{"line":10,"column":4},"end":{"line":17,"column":5}},"type":"if","locations":[{"start":{"line":10,"column":4},"end":{"line":17,"column":5}},{"start":{},"end":{}}],"line":10},"1":{"loc":{"start":{"line":14,"column":16},"end":{"line":14,"column":59}},"type":"binary-expr","locations":[{"start":{"line":14,"column":16},"end":{"line":14,"column":29}},{"start":{"line":14,"column":33},"end":{"line":14,"column":59}}],"line":14},"2":{"loc":{"start":{"line":15,"column":16},"end":{"line":15,"column":50}},"type":"binary-expr","locations":[{"start":{"line":15,"column":16},"end":{"line":15,"column":26}},{"start":{"line":15,"column":30},"end":{"line":15,"column":50}}],"line":15},"3":{"loc":{"start":{"line":19,"column":4},"end":{"line":24,"column":5}},"type":"if","locations":[{"start":{"line":19,"column":4},"end":{"line":24,"column":5}},{"start":{},"end":{}}],"line":19},"4":{"loc":{"start":{"line":22,"column":17},"end":{"line":22,"column":57}},"type":"binary-expr","locations":[{"start":{"line":22,"column":17},"end":{"line":22,"column":30}},{"start":{"line":22,"column":34},"end":{"line":22,"column":57}}],"line":22},"5":{"loc":{"start":{"line":28,"column":13},"end":{"line":28,"column":53}},"type":"binary-expr","locations":[{"start":{"line":28,"column":13},"end":{"line":28,"column":26}},{"start":{"line":28,"column":30},"end":{"line":28,"column":53}}],"line":28}},"s":{"0":5,"1":0,"2":39,"3":38,"4":1,"5":0,"6":1,"7":5},"f":{"0":0,"1":39},"b":{"0":[38,1],"1":[38,0],"2":[38,0],"3":[0,1],"4":[0,0],"5":[1,0]},"_coverageSchema":"1a1c01bbd47fc00a2c39e90264f33305004495a9","hash":"36ecee54262f67b81b0218dda8f542413c970cd7"}
,"D:\\Suli 2025-26\\Mestermu\\Delibab_Foglalo\\Backend\\api\\models\\Asztal.js": {"path":"D:\\Suli 2025-26\\Mestermu\\Delibab_Foglalo\\Backend\\api\\models\\Asztal.js","statementMap":{"0":{"start":{"line":1,"column":27},"end":{"line":1,"column":47}},"1":{"start":{"line":3,"column":0},"end":{"line":29,"column":1}},"2":{"start":{"line":6,"column":4},"end":{"line":27,"column":6}},"3":{"start":{"line":28,"column":4},"end":{"line":28,"column":18}}},"fnMap":{"0":{"name":"(anonymous_0)","decl":{"start":{"line":3,"column":17},"end":{"line":3,"column":18}},"loc":{"start":{"line":3,"column":32},"end":{"line":29,"column":1}},"line":3}},"branchMap":{},"s":{"0":5,"1":5,"2":5,"3":5},"f":{"0":5},"b":{},"_coverageSchema":"1a1c01bbd47fc00a2c39e90264f33305004495a9","hash":"aabc334ba239f12f87a17decfe52a6dffd5e3f92"}
,"D:\\Suli 2025-26\\Mestermu\\Delibab_Foglalo\\Backend\\api\\models\\Felhasznalo.js": {"path":"D:\\Suli 2025-26\\Mestermu\\Delibab_Foglalo\\Backend\\api\\models\\Felhasznalo.js","statementMap":{"0":{"start":{"line":1,"column":29},"end":{"line":1,"column":49}},"1":{"start":{"line":3,"column":0},"end":{"line":59,"column":1}},"2":{"start":{"line":6,"column":4},"end":{"line":57,"column":6}},"3":{"start":{"line":34,"column":32},"end":{"line":34,"column":42}},"4":{"start":{"line":35,"column":20},"end":{"line":35,"column":53}},"5":{"start":{"line":36,"column":20},"end":{"line":36,"column":31}},"6":{"start":{"line":58,"column":4},"end":{"line":58,"column":23}}},"fnMap":{"0":{"name":"(anonymous_0)","decl":{"start":{"line":3,"column":17},"end":{"line":3,"column":18}},"loc":{"start":{"line":3,"column":32},"end":{"line":59,"column":1}},"line":3},"1":{"name":"(anonymous_1)","decl":{"start":{"line":33,"column":30},"end":{"line":33,"column":31}},"loc":{"start":{"line":33,"column":36},"end":{"line":37,"column":17}},"line":33}},"branchMap":{},"s":{"0":5,"1":5,"2":5,"3":58,"4":58,"5":58,"6":5},"f":{"0":5,"1":58},"b":{},"_coverageSchema":"1a1c01bbd47fc00a2c39e90264f33305004495a9","hash":"92d5961e216214af090c8332fc2596a8adb4324a"}
,"D:\\Suli 2025-26\\Mestermu\\Delibab_Foglalo\\Backend\\api\\models\\Foglalas.js": {"path":"D:\\Suli 2025-26\\Mestermu\\Delibab_Foglalo\\Backend\\api\\models\\Foglalas.js","statementMap":{"0":{"start":{"line":1,"column":27},"end":{"line":1,"column":47}},"1":{"start":{"line":3,"column":0},"end":{"line":44,"column":1}},"2":{"start":{"line":6,"column":5},"end":{"line":42,"column":6}},"3":{"start":{"line":43,"column":4},"end":{"line":43,"column":20}}},"fnMap":{"0":{"name":"(anonymous_0)","decl":{"start":{"line":3,"column":17},"end":{"line":3,"column":18}},"loc":{"start":{"line":3,"column":32},"end":{"line":44,"column":1}},"line":3}},"branchMap":{},"s":{"0":5,"1":5,"2":5,"3":5},"f":{"0":5},"b":{},"_coverageSchema":"1a1c01bbd47fc00a2c39e90264f33305004495a9","hash":"64f49b401c68eb6d9a110911fa79d529e1f6aed6"}
,"D:\\Suli 2025-26\\Mestermu\\Delibab_Foglalo\\Backend\\api\\models\\FoglalasiAdatok.js": {"path":"D:\\Suli 2025-26\\Mestermu\\Delibab_Foglalo\\Backend\\api\\models\\FoglalasiAdatok.js","statementMap":{"0":{"start":{"line":1,"column":27},"end":{"line":1,"column":47}},"1":{"start":{"line":3,"column":0},"end":{"line":41,"column":1}},"2":{"start":{"line":6,"column":4},"end":{"line":39,"column":6}},"3":{"start":{"line":40,"column":4},"end":{"line":40,"column":27}}},"fnMap":{"0":{"name":"(anonymous_0)","decl":{"start":{"line":3,"column":17},"end":{"line":3,"column":18}},"loc":{"start":{"line":3,"column":32},"end":{"line":41,"column":1}},"line":3}},"branchMap":{},"s":{"0":5,"1":5,"2":5,"3":5},"f":{"0":5},"b":{},"_coverageSchema":"1a1c01bbd47fc00a2c39e90264f33305004495a9","hash":"1d633961a79df53d16e5a6b72bb745aa079a1785"}
,"D:\\Suli 2025-26\\Mestermu\\Delibab_Foglalo\\Backend\\api\\models\\Idopont.js": {"path":"D:\\Suli 2025-26\\Mestermu\\Delibab_Foglalo\\Backend\\api\\models\\Idopont.js","statementMap":{"0":{"start":{"line":1,"column":27},"end":{"line":1,"column":47}},"1":{"start":{"line":3,"column":0},"end":{"line":33,"column":1}},"2":{"start":{"line":6,"column":4},"end":{"line":31,"column":6}},"3":{"start":{"line":32,"column":4},"end":{"line":32,"column":19}}},"fnMap":{"0":{"name":"(anonymous_0)","decl":{"start":{"line":3,"column":17},"end":{"line":3,"column":18}},"loc":{"start":{"line":3,"column":32},"end":{"line":33,"column":1}},"line":3}},"branchMap":{},"s":{"0":5,"1":5,"2":5,"3":5},"f":{"0":5},"b":{},"_coverageSchema":"1a1c01bbd47fc00a2c39e90264f33305004495a9","hash":"a3e6af2232b87f5a45fef6d29b4c7ac73804149a"}
,"D:\\Suli 2025-26\\Mestermu\\Delibab_Foglalo\\Backend\\api\\models\\index.js": {"path":"D:\\Suli 2025-26\\Mestermu\\Delibab_Foglalo\\Backend\\api\\models\\index.js","statementMap":{"0":{"start":{"line":3,"column":0},"end":{"line":40,"column":1}},"1":{"start":{"line":4,"column":19},"end":{"line":4,"column":49}},"2":{"start":{"line":5,"column":24},"end":{"line":5,"column":59}},"3":{"start":{"line":6,"column":21},"end":{"line":6,"column":53}},"4":{"start":{"line":7,"column":28},"end":{"line":7,"column":67}},"5":{"start":{"line":8,"column":20},"end":{"line":8,"column":51}},"6":{"start":{"line":11,"column":4},"end":{"line":11,"column":61}},"7":{"start":{"line":12,"column":4},"end":{"line":12,"column":63}},"8":{"start":{"line":14,"column":4},"end":{"line":14,"column":76}},"9":{"start":{"line":15,"column":4},"end":{"line":15,"column":74}},"10":{"start":{"line":17,"column":4},"end":{"line":17,"column":29}},"11":{"start":{"line":18,"column":4},"end":{"line":18,"column":32}},"12":{"start":{"line":20,"column":4},"end":{"line":26,"column":6}},"13":{"start":{"line":27,"column":4},"end":{"line":31,"column":7}},"14":{"start":{"line":33,"column":4},"end":{"line":39,"column":6}}},"fnMap":{"0":{"name":"(anonymous_0)","decl":{"start":{"line":3,"column":17},"end":{"line":3,"column":18}},"loc":{"start":{"line":3,"column":32},"end":{"line":40,"column":1}},"line":3}},"branchMap":{},"s":{"0":5,"1":5,"2":5,"3":5,"4":5,"5":5,"6":5,"7":5,"8":5,"9":5,"10":5,"11":5,"12":5,"13":5,"14":5},"f":{"0":5},"b":{},"_coverageSchema":"1a1c01bbd47fc00a2c39e90264f33305004495a9","hash":"7f50ea657505c823d8803c5bf3a94abb4d3c3652"}
,"D:\\Suli 2025-26\\Mestermu\\Delibab_Foglalo\\Backend\\api\\repositories\\AsztalRepository.js": {"path":"D:\\Suli 2025-26\\Mestermu\\Delibab_Foglalo\\Backend\\api\\repositories\\AsztalRepository.js","statementMap":{"0":{"start":{"line":1,"column":20},"end":{"line":1,"column":40}},"1":{"start":{"line":3,"column":20},"end":{"line":3,"column":40}},"2":{"start":{"line":7,"column":8},"end":{"line":7,"column":32}},"3":{"start":{"line":8,"column":8},"end":{"line":8,"column":36}},"4":{"start":{"line":12,"column":8},"end":{"line":14,"column":11}},"5":{"start":{"line":18,"column":8},"end":{"line":20,"column":11}},"6":{"start":{"line":24,"column":8},"end":{"line":26,"column":11}},"7":{"start":{"line":30,"column":8},"end":{"line":33,"column":11}},"8":{"start":{"line":34,"column":8},"end":{"line":34,"column":53}},"9":{"start":{"line":38,"column":24},"end":{"line":41,"column":10}},"10":{"start":{"line":42,"column":8},"end":{"line":42,"column":27}},"11":{"start":{"line":48,"column":28},"end":{"line":48,"column":59}},"12":{"start":{"line":49,"column":8},"end":{"line":49,"column":57}},"13":{"start":{"line":51,"column":8},"end":{"line":97,"column":9}},"14":{"start":{"line":53,"column":12},"end":{"line":92,"column":15}},"15":{"start":{"line":96,"column":12},"end":{"line":96,"column":62}},"16":{"start":{"line":101,"column":0},"end":{"line":101,"column":34}}},"fnMap":{"0":{"name":"(anonymous_0)","decl":{"start":{"line":6,"column":4},"end":{"line":6,"column":5}},"loc":{"start":{"line":6,"column":20},"end":{"line":9,"column":5}},"line":6},"1":{"name":"(anonymous_1)","decl":{"start":{"line":11,"column":4},"end":{"line":11,"column":5}},"loc":{"start":{"line":11,"column":34},"end":{"line":15,"column":5}},"line":11},"2":{"name":"(anonymous_2)","decl":{"start":{"line":17,"column":4},"end":{"line":17,"column":5}},"loc":{"start":{"line":17,"column":43},"end":{"line":21,"column":5}},"line":17},"3":{"name":"(anonymous_3)","decl":{"start":{"line":23,"column":4},"end":{"line":23,"column":5}},"loc":{"start":{"line":23,"column":42},"end":{"line":27,"column":5}},"line":23},"4":{"name":"(anonymous_4)","decl":{"start":{"line":29,"column":4},"end":{"line":29,"column":5}},"loc":{"start":{"line":29,"column":47},"end":{"line":35,"column":5}},"line":29},"5":{"name":"(anonymous_5)","decl":{"start":{"line":37,"column":4},"end":{"line":37,"column":5}},"loc":{"start":{"line":37,"column":41},"end":{"line":43,"column":5}},"line":37},"6":{"name":"(anonymous_6)","decl":{"start":{"line":45,"column":4},"end":{"line":45,"column":5}},"loc":{"start":{"line":45,"column":58},"end":{"line":98,"column":5}},"line":45}},"branchMap":{"0":{"loc":{"start":{"line":11,"column":20},"end":{"line":11,"column":32}},"type":"default-arg","locations":[{"start":{"line":11,"column":30},"end":{"line":11,"column":32}}],"line":11},"1":{"loc":{"start":{"line":17,"column":29},"end":{"line":17,"column":41}},"type":"default-arg","locations":[{"start":{"line":17,"column":39},"end":{"line":17,"column":41}}],"line":17},"2":{"loc":{"start":{"line":23,"column":28},"end":{"line":23,"column":40}},"type":"default-arg","locations":[{"start":{"line":23,"column":38},"end":{"line":23,"column":40}}],"line":23},"3":{"loc":{"start":{"line":29,"column":33},"end":{"line":29,"column":45}},"type":"default-arg","locations":[{"start":{"line":29,"column":43},"end":{"line":29,"column":45}}],"line":29},"4":{"loc":{"start":{"line":37,"column":27},"end":{"line":37,"column":39}},"type":"default-arg","locations":[{"start":{"line":37,"column":37},"end":{"line":37,"column":39}}],"line":37},"5":{"loc":{"start":{"line":45,"column":44},"end":{"line":45,"column":56}},"type":"default-arg","locations":[{"start":{"line":45,"column":54},"end":{"line":45,"column":56}}],"line":45}},"s":{"0":5,"1":5,"2":240,"3":240,"4":1,"5":1,"6":11,"7":4,"8":4,"9":4,"10":4,"11":2,"12":2,"13":2,"14":2,"15":0,"16":5},"f":{"0":240,"1":1,"2":1,"3":11,"4":4,"5":4,"6":2},"b":{"0":[0],"1":[0],"2":[0],"3":[0],"4":[0],"5":[0]},"_coverageSchema":"1a1c01bbd47fc00a2c39e90264f33305004495a9","hash":"4a8cfd545d7d5c3629018f5dd4717e4be80cc68d"}
,"D:\\Suli 2025-26\\Mestermu\\Delibab_Foglalo\\Backend\\api\\repositories\\FelhasznaloRepository.js": {"path":"D:\\Suli 2025-26\\Mestermu\\Delibab_Foglalo\\Backend\\api\\repositories\\FelhasznaloRepository.js","statementMap":{"0":{"start":{"line":3,"column":8},"end":{"line":3,"column":42}},"1":{"start":{"line":4,"column":8},"end":{"line":4,"column":38}},"2":{"start":{"line":8,"column":8},"end":{"line":10,"column":11}},"3":{"start":{"line":14,"column":8},"end":{"line":16,"column":11}},"4":{"start":{"line":20,"column":8},"end":{"line":22,"column":11}},"5":{"start":{"line":26,"column":8},"end":{"line":29,"column":11}},"6":{"start":{"line":30,"column":8},"end":{"line":30,"column":51}},"7":{"start":{"line":34,"column":24},"end":{"line":37,"column":10}},"8":{"start":{"line":38,"column":8},"end":{"line":38,"column":27}},"9":{"start":{"line":42,"column":8},"end":{"line":47,"column":11}},"10":{"start":{"line":51,"column":32},"end":{"line":51,"column":73}},"11":{"start":{"line":52,"column":8},"end":{"line":57,"column":11}},"12":{"start":{"line":61,"column":8},"end":{"line":65,"column":11}},"13":{"start":{"line":69,"column":8},"end":{"line":81,"column":11}},"14":{"start":{"line":85,"column":8},"end":{"line":90,"column":11}},"15":{"start":{"line":94,"column":8},"end":{"line":105,"column":11}},"16":{"start":{"line":109,"column":0},"end":{"line":109,"column":39}}},"fnMap":{"0":{"name":"(anonymous_0)","decl":{"start":{"line":2,"column":4},"end":{"line":2,"column":5}},"loc":{"start":{"line":2,"column":20},"end":{"line":5,"column":5}},"line":2},"1":{"name":"(anonymous_1)","decl":{"start":{"line":7,"column":4},"end":{"line":7,"column":5}},"loc":{"start":{"line":7,"column":32},"end":{"line":11,"column":5}},"line":7},"2":{"name":"(anonymous_2)","decl":{"start":{"line":13,"column":4},"end":{"line":13,"column":5}},"loc":{"start":{"line":13,"column":40},"end":{"line":17,"column":5}},"line":13},"3":{"name":"(anonymous_3)","decl":{"start":{"line":19,"column":4},"end":{"line":19,"column":5}},"loc":{"start":{"line":19,"column":41},"end":{"line":23,"column":5}},"line":19},"4":{"name":"(anonymous_4)","decl":{"start":{"line":25,"column":4},"end":{"line":25,"column":5}},"loc":{"start":{"line":25,"column":45},"end":{"line":31,"column":5}},"line":25},"5":{"name":"(anonymous_5)","decl":{"start":{"line":33,"column":4},"end":{"line":33,"column":5}},"loc":{"start":{"line":33,"column":39},"end":{"line":39,"column":5}},"line":33},"6":{"name":"(anonymous_6)","decl":{"start":{"line":41,"column":4},"end":{"line":41,"column":5}},"loc":{"start":{"line":41,"column":46},"end":{"line":48,"column":5}},"line":41},"7":{"name":"(anonymous_7)","decl":{"start":{"line":50,"column":4},"end":{"line":50,"column":5}},"loc":{"start":{"line":50,"column":52},"end":{"line":58,"column":5}},"line":50},"8":{"name":"(anonymous_8)","decl":{"start":{"line":60,"column":4},"end":{"line":60,"column":5}},"loc":{"start":{"line":60,"column":43},"end":{"line":66,"column":5}},"line":60},"9":{"name":"(anonymous_9)","decl":{"start":{"line":68,"column":4},"end":{"line":68,"column":5}},"loc":{"start":{"line":68,"column":44},"end":{"line":82,"column":5}},"line":68},"10":{"name":"(anonymous_10)","decl":{"start":{"line":84,"column":4},"end":{"line":84,"column":5}},"loc":{"start":{"line":84,"column":64},"end":{"line":91,"column":5}},"line":84},"11":{"name":"(anonymous_11)","decl":{"start":{"line":93,"column":4},"end":{"line":93,"column":5}},"loc":{"start":{"line":93,"column":47},"end":{"line":106,"column":5}},"line":93}},"branchMap":{"0":{"loc":{"start":{"line":7,"column":18},"end":{"line":7,"column":30}},"type":"default-arg","locations":[{"start":{"line":7,"column":28},"end":{"line":7,"column":30}}],"line":7},"1":{"loc":{"start":{"line":13,"column":26},"end":{"line":13,"column":38}},"type":"default-arg","locations":[{"start":{"line":13,"column":36},"end":{"line":13,"column":38}}],"line":13},"2":{"loc":{"start":{"line":19,"column":27},"end":{"line":19,"column":39}},"type":"default-arg","locations":[{"start":{"line":19,"column":37},"end":{"line":19,"column":39}}],"line":19},"3":{"loc":{"start":{"line":25,"column":31},"end":{"line":25,"column":43}},"type":"default-arg","locations":[{"start":{"line":25,"column":41},"end":{"line":25,"column":43}}],"line":25},"4":{"loc":{"start":{"line":33,"column":25},"end":{"line":33,"column":37}},"type":"default-arg","locations":[{"start":{"line":33,"column":35},"end":{"line":33,"column":37}}],"line":33},"5":{"loc":{"start":{"line":41,"column":32},"end":{"line":41,"column":44}},"type":"default-arg","locations":[{"start":{"line":41,"column":42},"end":{"line":41,"column":44}}],"line":41},"6":{"loc":{"start":{"line":50,"column":38},"end":{"line":50,"column":50}},"type":"default-arg","locations":[{"start":{"line":50,"column":48},"end":{"line":50,"column":50}}],"line":50},"7":{"loc":{"start":{"line":60,"column":29},"end":{"line":60,"column":41}},"type":"default-arg","locations":[{"start":{"line":60,"column":39},"end":{"line":60,"column":41}}],"line":60},"8":{"loc":{"start":{"line":68,"column":30},"end":{"line":68,"column":42}},"type":"default-arg","locations":[{"start":{"line":68,"column":40},"end":{"line":68,"column":42}}],"line":68},"9":{"loc":{"start":{"line":84,"column":50},"end":{"line":84,"column":62}},"type":"default-arg","locations":[{"start":{"line":84,"column":60},"end":{"line":84,"column":62}}],"line":84},"10":{"loc":{"start":{"line":93,"column":22},"end":{"line":93,"column":31}},"type":"default-arg","locations":[{"start":{"line":93,"column":30},"end":{"line":93,"column":31}}],"line":93},"11":{"loc":{"start":{"line":93,"column":33},"end":{"line":93,"column":45}},"type":"default-arg","locations":[{"start":{"line":93,"column":43},"end":{"line":93,"column":45}}],"line":93}},"s":{"0":240,"1":240,"2":1,"3":11,"4":1,"5":4,"6":4,"7":3,"8":3,"9":2,"10":2,"11":2,"12":0,"13":0,"14":0,"15":0,"16":5},"f":{"0":240,"1":1,"2":11,"3":1,"4":4,"5":3,"6":2,"7":2,"8":0,"9":0,"10":0,"11":0},"b":{"0":[0],"1":[0],"2":[0],"3":[0],"4":[0],"5":[0],"6":[0],"7":[0],"8":[0],"9":[0],"10":[0],"11":[0]},"_coverageSchema":"1a1c01bbd47fc00a2c39e90264f33305004495a9","hash":"67334eab82559e6bef43cd7098e32c66abd5e566"}
,"D:\\Suli 2025-26\\Mestermu\\Delibab_Foglalo\\Backend\\api\\repositories\\FoglalasRepository.js": {"path":"D:\\Suli 2025-26\\Mestermu\\Delibab_Foglalo\\Backend\\api\\repositories\\FoglalasRepository.js","statementMap":{"0":{"start":{"line":3,"column":8},"end":{"line":3,"column":36}},"1":{"start":{"line":4,"column":8},"end":{"line":4,"column":42}},"2":{"start":{"line":5,"column":8},"end":{"line":5,"column":32}},"3":{"start":{"line":9,"column":8},"end":{"line":22,"column":11}},"4":{"start":{"line":26,"column":8},"end":{"line":28,"column":11}},"5":{"start":{"line":32,"column":8},"end":{"line":45,"column":11}},"6":{"start":{"line":49,"column":8},"end":{"line":52,"column":11}},"7":{"start":{"line":53,"column":8},"end":{"line":53,"column":55}},"8":{"start":{"line":57,"column":24},"end":{"line":60,"column":10}},"9":{"start":{"line":61,"column":8},"end":{"line":61,"column":27}},"10":{"start":{"line":65,"column":23},"end":{"line":65,"column":43}},"11":{"start":{"line":67,"column":8},"end":{"line":78,"column":11}},"12":{"start":{"line":82,"column":23},"end":{"line":82,"column":43}},"13":{"start":{"line":84,"column":8},"end":{"line":103,"column":11}},"14":{"start":{"line":107,"column":8},"end":{"line":121,"column":11}},"15":{"start":{"line":125,"column":0},"end":{"line":125,"column":36}}},"fnMap":{"0":{"name":"(anonymous_0)","decl":{"start":{"line":2,"column":4},"end":{"line":2,"column":5}},"loc":{"start":{"line":2,"column":20},"end":{"line":6,"column":5}},"line":2},"1":{"name":"(anonymous_1)","decl":{"start":{"line":8,"column":4},"end":{"line":8,"column":5}},"loc":{"start":{"line":8,"column":36},"end":{"line":23,"column":5}},"line":8},"2":{"name":"(anonymous_2)","decl":{"start":{"line":25,"column":4},"end":{"line":25,"column":5}},"loc":{"start":{"line":25,"column":45},"end":{"line":29,"column":5}},"line":25},"3":{"name":"(anonymous_3)","decl":{"start":{"line":31,"column":4},"end":{"line":31,"column":5}},"loc":{"start":{"line":31,"column":44},"end":{"line":46,"column":5}},"line":31},"4":{"name":"(anonymous_4)","decl":{"start":{"line":48,"column":4},"end":{"line":48,"column":5}},"loc":{"start":{"line":48,"column":49},"end":{"line":54,"column":5}},"line":48},"5":{"name":"(anonymous_5)","decl":{"start":{"line":56,"column":4},"end":{"line":56,"column":5}},"loc":{"start":{"line":56,"column":43},"end":{"line":62,"column":5}},"line":56},"6":{"name":"(anonymous_6)","decl":{"start":{"line":64,"column":4},"end":{"line":64,"column":5}},"loc":{"start":{"line":64,"column":61},"end":{"line":79,"column":5}},"line":64},"7":{"name":"(anonymous_7)","decl":{"start":{"line":81,"column":4},"end":{"line":81,"column":5}},"loc":{"start":{"line":81,"column":50},"end":{"line":104,"column":5}},"line":81},"8":{"na
[...]
art":{"line":120,"column":12},"end":{"line":120,"column":56}},"22":{"start":{"line":122,"column":8},"end":{"line":122,"column":80}},"23":{"start":{"line":126,"column":8},"end":{"line":128,"column":9}},"24":{"start":{"line":127,"column":12},"end":{"line":127,"column":65}},"25":{"start":{"line":129,"column":8},"end":{"line":129,"column":80}},"26":{"start":{"line":133,"column":0},"end":{"line":133,"column":33}}},"fnMap":{"0":{"name":"(anonymous_0)","decl":{"start":{"line":4,"column":4},"end":{"line":4,"column":5}},"loc":{"start":{"line":4,"column":20},"end":{"line":8,"column":5}},"line":4},"1":{"name":"(anonymous_1)","decl":{"start":{"line":10,"column":4},"end":{"line":10,"column":5}},"loc":{"start":{"line":10,"column":36},"end":{"line":12,"column":5}},"line":10},"2":{"name":"(anonymous_2)","decl":{"start":{"line":15,"column":4},"end":{"line":15,"column":5}},"loc":{"start":{"line":15,"column":45},"end":{"line":27,"column":5}},"line":15},"3":{"name":"(anonymous_3)","decl":{"start":{"line":99,"column":4},"end":{"line":99,"column":5}},"loc":{"start":{"line":99,"column":44},"end":{"line":101,"column":5}},"line":99},"4":{"name":"(anonymous_4)","decl":{"start":{"line":103,"column":4},"end":{"line":103,"column":5}},"loc":{"start":{"line":103,"column":49},"end":{"line":105,"column":5}},"line":103},"5":{"name":"(anonymous_5)","decl":{"start":{"line":107,"column":4},"end":{"line":107,"column":5}},"loc":{"start":{"line":107,"column":43},"end":{"line":109,"column":5}},"line":107},"6":{"name":"(anonymous_6)","decl":{"start":{"line":111,"column":4},"end":{"line":111,"column":5}},"loc":{"start":{"line":111,"column":61},"end":{"line":116,"column":5}},"line":111},"7":{"name":"(anonymous_7)","decl":{"start":{"line":118,"column":4},"end":{"line":118,"column":5}},"loc":{"start":{"line":118,"column":50},"end":{"line":123,"column":5}},"line":118},"8":{"name":"(anonymous_8)","decl":{"start":{"line":125,"column":4},"end":{"line":125,"column":5}},"loc":{"start":{"line":125,"column":50},"end":{"line":130,"column":5}},"line":125}},"branchMap":{"0":{"loc":{"start":{"line":10,"column":22},"end":{"line":10,"column":34}},"type":"default-arg","locations":[{"start":{"line":10,"column":32},"end":{"line":10,"column":34}}],"line":10},"1":{"loc":{"start":{"line":15,"column":31},"end":{"line":15,"column":43}},"type":"default-arg","locations":[{"start":{"line":15,"column":41},"end":{"line":15,"column":43}}],"line":15},"2":{"loc":{"start":{"line":16,"column":8},"end":{"line":18,"column":9}},"type":"if","locations":[{"start":{"line":16,"column":8},"end":{"line":18,"column":9}},{"start":{},"end":{}}],"line":16},"3":{"loc":{"start":{"line":16,"column":12},"end":{"line":16,"column":68}},"type":"binary-expr","locations":[{"start":{"line":16,"column":12},"end":{"line":16,"column":25}},{"start":{"line":16,"column":29},"end":{"line":16,"column":44}},{"start":{"line":16,"column":48},"end":{"line":16,"column":68}}],"line":16},"4":{"loc":{"start":{"line":21,"column":8},"end":{"line":21,"column":81}},"type":"if","locations":[{"start":{"line":21,"column":8},"end":{"line":21,"column":81}},{"start":{},"end":{}}],"line":21},"5":{"loc":{"start":{"line":24,"column":8},"end":{"line":24,"column":78}},"type":"if","locations":[{"start":{"line":24,"column":8},"end":{"line":24,"column":78}},{"start":{},"end":{}}],"line":24},"6":{"loc":{"start":{"line":99,"column":30},"end":{"line":99,"column":42}},"type":"default-arg","locations":[{"start":{"line":99,"column":40},"end":{"line":99,"column":42}}],"line":99},"7":{"loc":{"start":{"line":103,"column":35},"end":{"line":103,"column":47}},"type":"default-arg","locations":[{"start":{"line":103,"column":45},"end":{"line":103,"column":47}}],"line":103},"8":{"loc":{"start":{"line":107,"column":29},"end":{"line":107,"column":41}},"type":"default-arg","locations":[{"start":{"line":107,"column":39},"end":{"line":107,"column":41}}],"line":107},"9":{"loc":{"start":{"line":111,"column":47},"end":{"line":111,"column":59}},"type":"default-arg","locations":[{"start":{"line":111,"column":57},"end":{"line":111,"column":59}}],"line":111},"10":{"loc":{"start":{"line":112,"column":8},"end":{"line":114,"column":9}},"type":"if","locations":[{"start":{"line":112,"column":8},"end":{"line":114,"column":9}},{"start":{},"end":{}}],"line":112},"11":{"loc":{"start":{"line":112,"column":12},"end":{"line":112,"column":31}},"type":"binary-expr","locations":[{"start":{"line":112,"column":12},"end":{"line":112,"column":18}},{"start":{"line":112,"column":22},"end":{"line":112,"column":31}}],"line":112},"12":{"loc":{"start":{"line":118,"column":36},"end":{"line":118,"column":48}},"type":"default-arg","locations":[{"start":{"line":118,"column":46},"end":{"line":118,"column":48}}],"line":118},"13":{"loc":{"start":{"line":119,"column":8},"end":{"line":121,"column":9}},"type":"if","locations":[{"start":{"line":119,"column":8},"end":{"line":121,"column":9}},{"start":{},"end":{}}],"line":119},"14":{"loc":{"start":{"line":125,"column":36},"end":{"line":125,"column":48}},"type":"default-arg","locations":[{"start":{"line":125,"column":46},"end":{"line":125,"column":48}}],"line":125},"15":{"loc":{"start":{"line":126,"column":8},"end":{"line":128,"column":9}},"type":"if","locations":[{"start":{"line":126,"column":8},"end":{"line":128,"column":9}},{"start":{},"end":{}}],"line":126}},"s":{"0":5,"1":30,"2":30,"3":30,"4":1,"5":5,"6":1,"7":4,"8":4,"9":1,"10":3,"11":3,"12":1,"13":2,"14":3,"15":3,"16":3,"17":2,"18":0,"19":2,"20":3,"21":1,"22":2,"23":2,"24":0,"25":2,"26":5},"f":{"0":30,"1":1,"2":5,"3":3,"4":3,"5":3,"6":2,"7":3,"8":2},"b":{"0":[1],"1":[0],"2":[1,4],"3":[5,5,4],"4":[1,3],"5":[1,2],"6":[3],"7":[0],"8":[0],"9":[2],"10":[0,2],"11":[2,2],"12":[3],"13":[1,2],"14":[2],"15":[0,2]},"_coverageSchema":"1a1c01bbd47fc00a2c39e90264f33305004495a9","hash":"e77405e0a0173a56db434813ba02aa4a660133b2"}
,"D:\\Suli 2025-26\\Mestermu\\Delibab_Foglalo\\Backend\\api\\services\\FoglalasiAdatokService.js": {"path":"D:\\Suli 2025-26\\Mestermu\\Delibab_Foglalo\\Backend\\api\\services\\FoglalasiAdatokService.js","statementMap":{"0":{"start":{"line":1,"column":43},"end":{"line":1,"column":63}},"1":{"start":{"line":5,"column":8},"end":{"line":5,"column":98}},"2":{"start":{"line":6,"column":8},"end":{"line":6,"column":84}},"3":{"start":{"line":10,"column":8},"end":{"line":10,"column":80}},"4":{"start":{"line":14,"column":8},"end":{"line":16,"column":9}},"5":{"start":{"line":15,"column":12},"end":{"line":15,"column":79}},"6":{"start":{"line":18,"column":8},"end":{"line":20,"column":9}},"7":{"start":{"line":19,"column":12},"end":{"line":19,"column":84}},"8":{"start":{"line":22,"column":8},"end":{"line":25,"column":9}},"9":{"start":{"line":23,"column":29},"end":{"line":23,"column":101}},"10":{"start":{"line":24,"column":12},"end":{"line":24,"column":86}},"11":{"start":{"line":24,"column":27},"end":{"line":24,"column":86}},"12":{"start":{"line":27,"column":8},"end":{"line":27,"column":89}},"13":{"start":{"line":31,"column":8},"end":{"line":31,"column":88}},"14":{"start":{"line":35,"column":8},"end":{"line":37,"column":9}},"15":{"start":{"line":36,"column":12},"end":{"line":36,"column":74}},"16":{"start":{"line":38,"column":8},"end":{"line":40,"column":9}},"17":{"start":{"line":39,"column":12},"end":{"line":39,"column":73}},"18":{"start":{"line":41,"column":8},"end":{"line":41,"column":93}},"19":{"start":{"line":45,"column":8},"end":{"line":45,"column":87}},"20":{"start":{"line":49,"column":0},"end":{"line":49,"column":40}}},"fnMap":{"0":{"name":"(anonymous_0)","decl":{"start":{"line":4,"column":4},"end":{"line":4,"column":5}},"loc":{"start":{"line":4,"column":20},"end":{"line":7,"column":5}},"line":4},"1":{"name":"(anonymous_1)","decl":{"start":{"line":9,"column":4},"end":{"line":9,"column":5}},"loc":{"start":{"line":9,"column":43},"end":{"line":11,"column":5}},"line":9},"2":{"name":"(anonymous_2)","decl":{"start":{"line":13,"column":4},"end":{"line":13,"column":5}},"loc":{"start":{"line":13,"column":52},"end":{"line":28,"column":5}},"line":13},"3":{"name":"(anonymous_3)","decl":{"start":{"line":30,"column":4},"end":{"line":30,"column":5}},"loc":{"start":{"line":30,"column":51},"end":{"line":32,"column":5}},"line":30},"4":{"name":"(anonymous_4)","decl":{"start":{"line":34,"column":4},"end":{"line":34,"column":5}},"loc":{"start":{"line":34,"column":56},"end":{"line":42,"column":5}},"line":34},"5":{"name":"(anonymous_5)","decl":{"start":{"line":44,"column":4},"end":{"line":44,"column":5}},"loc":{"start":{"line":44,"column":50},"end":{"line":46,"column":5}},"line":44}},"branchMap":{"0":{"loc":{"start":{"line":9,"column":29},"end":{"line":9,"column":41}},"type":"default-arg","locations":[{"start":{"line":9,"column":39},"end":{"line":9,"column":41}}],"line":9},"1":{"loc":{"start":{"line":13,"column":38},"end":{"line":13,"column":50}},"type":"default-arg","locations":[{"start":{"line":13,"column":48},"end":{"line":13,"column":50}}],"line":13},"2":{"loc":{"start":{"line":14,"column":8},"end":{"line":16,"column":9}},"type":"if","locations":[{"start":{"line":14,"column":8},"end":{"line":16,"column":9}},{"start":{},"end":{}}],"line":14},"3":{"loc":{"start":{"line":14,"column":12},"end":{"line":14,"column":67}},"type":"binary-expr","locations":[{"start":{"line":14,"column":12},"end":{"line":14,"column":38}},{"start":{"line":14,"column":42},"end":{"line":14,"column":67}}],"line":14},"4":{"loc":{"start":{"line":18,"column":8},"end":{"line":20,"column":9}},"type":"if","locations":[{"start":{"line":18,"column":8},"end":{"line":20,"column":9}},{"start":{},"end":{}}],"line":18},"5":{"loc":{"start":{"line":18,"column":12},"end":{"line":18,"column":47}},"type":"binary-expr","locations":[{"start":{"line":18,"column":12},"end":{"line":18,"column":28}},{"start":{"line":18,"column":32},"end":{"line":18,"column":47}}],"line":18},"6":{"loc":{"start":{"line":22,"column":8},"end":{"line":25,"column":9}},"type":"if","locations":[{"start":{"line":22,"column":8},"end":{"line":25,"column":9}},{"start":{},"end":{}}],"line":22},"7":{"loc":{"start":{"line":24,"column":12},"end":{"line":24,"column":86}},"type":"if","locations":[{"start":{"line":24,"column":12},"end":{"line":24,"column":86}},{"start":{},"end":{}}],"line":24},"8":{"loc":{"start":{"line":30,"column":37},"end":{"line":30,"column":49}},"type":"default-arg","locations":[{"start":{"line":30,"column":47},"end":{"line":30,"column":49}}],"line":30},"9":{"loc":{"start":{"line":34,"column":42},"end":{"line":34,"column":54}},"type":"default-arg","locations":[{"start":{"line":34,"column":52},"end":{"line":34,"column":54}}],"line":34},"10":{"loc":{"start":{"line":35,"column":8},"end":{"line":37,"column":9}},"type":"if","locations":[{"start":{"line":35,"column":8},"end":{"line":37,"column":9}},{"start":{},"end":{}}],"line":35},"11":{"loc":{"start":{"line":35,"column":12},"end":{"line":35,"column":58}},"type":"binary-expr","locations":[{"start":{"line":35,"column":12},"end":{"line":35,"column":38}},{"start":{"line":35,"column":42},"end":{"line":35,"column":58}}],"line":35},"12":{"loc":{"start":{"line":38,"column":8},"end":{"line":40,"column":9}},"type":"if","locations":[{"start":{"line":38,"column":8},"end":{"line":40,"column":9}},{"start":{},"end":{}}],"line":38},"13":{"loc":{"start":{"line":38,"column":12},"end":{"line":38,"column":56}},"type":"binary-expr","locations":[{"start":{"line":38,"column":12},"end":{"line":38,"column":37}},{"start":{"line":38,"column":41},"end":{"line":38,"column":56}}],"line":38},"14":{"loc":{"start":{"line":44,"column":36},"end":{"line":44,"column":48}},"type":"default-arg","locations":[{"start":{"line":44,"column":46},"end":{"line":44,"column":48}}],"line":44}},"s":{"0":5,"1":30,"2":30,"3":1,"4":5,"5":1,"6":4,"7":2,"8":2,"9":0,"10":0,"11":0,"12":2,"13":4,"14":6,"15":1,"16":5,"17":1,"18":4,"19":4,"20":5},"f":{"0":30,"1":1,"2":5,"3":4,"4":6,"5":4},"b":{"0":[1],"1":[0],"2":[1,4],"3":[5,4],"4":[2,2],"5":[4,3],"6":[0,2],"7":[0,0],"8":[4],"9":[0],"10":[1,5],"11":[6,4],"12":[1,4],"13":[5,3],"14":[0]},"_coverageSchema":"1a1c01bbd47fc00a2c39e90264f33305004495a9","hash":"8636604b73718d977d614b640107f17b8fadbd2b"}
,"D:\\Suli 2025-26\\Mestermu\\Delibab_Foglalo\\Backend\\api\\services\\IdopontService.js": {"path":"D:\\Suli 2025-26\\Mestermu\\Delibab_Foglalo\\Backend\\api\\services\\IdopontService.js","statementMap":{"0":{"start":{"line":1,"column":28},"end":{"line":1,"column":48}},"1":{"start":{"line":5,"column":8},"end":{"line":5,"column":82}},"2":{"start":{"line":9,"column":8},"end":{"line":9,"column":64}},"3":{"start":{"line":13,"column":8},"end":{"line":15,"column":9}},"4":{"start":{"line":14,"column":12},"end":{"line":14,"column":79}},"5":{"start":{"line":17,"column":8},"end":{"line":19,"column":9}},"6":{"start":{"line":18,"column":12},"end":{"line":18,"column":69}},"7":{"start":{"line":21,"column":8},"end":{"line":21,"column":73}},"8":{"start":{"line":25,"column":8},"end":{"line":25,"column":72}},"9":{"start":{"line":29,"column":8},"end":{"line":31,"column":9}},"10":{"start":{"line":30,"column":12},"end":{"line":30,"column":107}},"11":{"start":{"line":32,"column":8},"end":{"line":32,"column":77}},"12":{"start":{"line":36,"column":8},"end":{"line":36,"column":71}},"13":{"start":{"line":40,"column":0},"end":{"line":40,"column":32}}},"fnMap":{"0":{"name":"(anonymous_0)","decl":{"start":{"line":4,"column":4},"end":{"line":4,"column":5}},"loc":{"start":{"line":4,"column":20},"end":{"line":6,"column":5}},"line":4},"1":{"name":"(anonymous_1)","decl":{"start":{"line":8,"column":4},"end":{"line":8,"column":5}},"loc":{"start":{"line":8,"column":35},"end":{"line":10,"column":5}},"line":8},"2":{"name":"(anonymous_2)","decl":{"start":{"line":12,"column":4},"end":{"line":12,"column":5}},"loc":{"start":{"line":12,"column":44},"end":{"line":22,"column":5}},"line":12},"3":{"name":"(anonymous_3)","decl":{"start":{"line":24,"column":4},"end":{"line":24,"column":5}},"loc":{"start":{"line":24,"column":43},"end":{"line":26,"column":5}},"line":24},"4":{"name":"(anonymous_4)","decl":{"start":{"line":28,"column":4},"end":{"line":28,"column":5}},"loc":{"start":{"line":28,"column":48},"end":{"line":33,"column":5}},"line":28},"5":{"name":"(anonymous_5)","decl":{"start":{"line":35,"column":4},"end":{"line":35,"column":5}},"loc":{"start":{"line":35,"column":42},"end":{"line":37,"column":5}},"line":35}},"branchMap":{"0":{"loc":{"start":{"line":8,"column":21},"end":{"line":8,"column":33}},"type":"default-arg","locations":[{"start":{"line":8,"column":31},"end":{"line":8,"column":33}}],"line":8},"1":{"loc":{"start":{"line":12,"column":30},"end":{"line":12,"column":42}},"type":"default-arg","locations":[{"start":{"line":12,"column":40},"end":{"line":12,"column":42}}],"line":12},"2":{"loc":{"start":{"line":13,"column":8},"end":{"line":15,"column":9}},"type":"if","locations":[{"start":{"line":13,"column":8},"end":{"line":15,"column":9}},{"start":{},"end":{}}],"line":13},"3":{"loc":{"start":{"line":13,"column":12},"end":{"line":13,"column":63}},"type":"binary-expr","locations":[{"start":{"line":13,"column":12},"end":{"line":13,"column":37}},{"start":{"line":13,"column":41},"end":{"line":13,"column":63}}],"line":13},"4":{"loc":{"start":{"line":17,"column":8},"end":{"line":19,"column":9}},"type":"if","locations":[{"start":{"line":17,"column":8},"end":{"line":19,"column":9}},{"start":{},"end":{}}],"line":17},"5":{"loc":{"start":{"line":17,"column":12},"end":{"line":17,"column":70}},"type":"binary-expr","locations":[{"start":{"line":17,"column":12},"end":{"line":17,"column":27}},{"start":{"line":17,"column":31},"end":{"line":17,"column":43}},{"start":{"line":17,"column":47},"end":{"line":17,"column":70}}],"line":17},"6":{"loc":{"start":{"line":24,"column":29},"end":{"line":24,"column":41}},"type":"default-arg","locations":[{"start":{"line":24,"column":39},"end":{"line":24,"column":41}}],"line":24},"7":{"loc":{"start":{"line":28,"column":34},"end":{"line":28,"column":46}},"type":"default-arg","locations":[{"start":{"line":28,"column":44},"end":{"line":28,"column":46}}],"line":28},"8":{"loc":{"start":{"line":29,"column":8},"end":{"line":31,"column":9}},"type":"if","locations":[{"start":{"line":29,"column":8},"end":{"line":31,"column":9}},{"start":{},"end":{}}],"line":29},"9":{"loc":{"start":{"line":29,"column":12},"end":{"line":29,"column":90}},"type":"binary-expr","locations":[{"start":{"line":29,"column":12},"end":{"line":29,"column":37}},{"start":{"line":29,"column":41},"end":{"line":29,"column":63}},{"start":{"line":29,"column":67},"end":{"line":29,"column":90}}],"line":29},"10":{"loc":{"start":{"line":35,"column":28},"end":{"line":35,"column":40}},"type":"default-arg","locations":[{"start":{"line":35,"column":38},"end":{"line":35,"column":40}}],"line":35}},"s":{"0":5,"1":30,"2":1,"3":6,"4":2,"5":4,"6":3,"7":1,"8":4,"9":5,"10":1,"11":4,"12":4,"13":5},"f":{"0":30,"1":1,"2":6,"3":4,"4":5,"5":4},"b":{"0":[1],"1":[0],"2":[2,4],"3":[6,5],"4":[3,1],"5":[4,3,3],"6":[4],"7":[0],"8":[1,4],"9":[5,4,4],"10":[0]},"_coverageSchema":"1a1c01bbd47fc00a2c39e90264f33305004495a9","hash":"76e84faf9599d471a2529b63842306d68ec578f2"}
,"D:\\Suli 2025-26\\Mestermu\\Delibab_Foglalo\\Backend\\api\\services\\index.js": {"path":"D:\\Suli 2025-26\\Mestermu\\Delibab_Foglalo\\Backend\\api\\services\\index.js","statementMap":{"0":{"start":{"line":1,"column":20},"end":{"line":1,"column":51}},"1":{"start":{"line":2,"column":22},"end":{"line":2,"column":48}},"2":{"start":{"line":3,"column":24},"end":{"line":3,"column":52}},"3":{"start":{"line":4,"column":31},"end":{"line":4,"column":66}},"4":{"start":{"line":5,"column":23},"end":{"line":5,"column":50}},"5":{"start":{"line":7,"column":0},"end":{"line":21,"column":1}},"6":{"start":{"line":8,"column":24},"end":{"line":8,"column":43}},"7":{"start":{"line":9,"column":26},"end":{"line":9,"column":47}},"8":{"start":{"line":10,"column":28},"end":{"line":10,"column":51}},"9":{"start":{"line":11,"column":35},"end":{"line":11,"column":65}},"10":{"start":{"line":12,"column":27},"end":{"line":12,"column":49}},"11":{"start":{"line":14,"column":4},"end":{"line":20,"column":6}}},"fnMap":{"0":{"name":"(anonymous_0)","decl":{"start":{"line":7,"column":17},"end":{"line":7,"column":18}},"loc":{"start":{"line":7,"column":25},"end":{"line":21,"column":1}},"line":7}},"branchMap":{},"s":{"0":5,"1":5,"2":5,"3":5,"4":5,"5":5,"6":30,"7":30,"8":30,"9":30,"10":30,"11":30},"f":{"0":30},"b":{},"_coverageSchema":"1a1c01bbd47fc00a2c39e90264f33305004495a9","hash":"98f2922c9a15dac97512468a0b00e27c75730a62"}
,"D:\\Suli 2025-26\\Mestermu\\Delibab_Foglalo\\Backend\\api\\utilities\\authUtils.js": {"path":"D:\\Suli 2025-26\\Mestermu\\Delibab_Foglalo\\Backend\\api\\utilities\\authUtils.js","statementMap":{"0":{"start":{"line":1,"column":12},"end":{"line":1,"column":35}},"1":{"start":{"line":3,"column":0},"end":{"line":10,"column":1}},"2":{"start":{"line":5,"column":4},"end":{"line":9,"column":6}},"3":{"start":{"line":12,"column":0},"end":{"line":22,"column":1}},"4":{"start":{"line":14,"column":4},"end":{"line":21,"column":5}},"5":{"start":{"line":16,"column":8},"end":{"line":16,"column":57}},"6":{"start":{"line":20,"column":8},"end":{"line":20,"column":20}},"7":{"start":{"line":24,"column":0},"end":{"line":33,"column":1}},"8":{"start":{"line":26,"column":4},"end":{"line":32,"column":7}}},"fnMap":{"0":{"name":"(anonymous_0)","decl":{"start":{"line":3,"column":28},"end":{"line":3,"column":29}},"loc":{"start":{"line":4,"column":0},"end":{"line":10,"column":1}},"line":4},"1":{"name":"(anonymous_1)","decl":{"start":{"line":12,"column":22},"end":{"line":12,"column":23}},"loc":{"start":{"line":13,"column":0},"end":{"line":22,"column":1}},"line":13},"2":{"name":"(anonymous_2)","decl":{"start":{"line":24,"column":20},"end":{"line":24,"column":21}},"loc":{"start":{"line":25,"column":0},"end":{"line":33,"column":1}},"line":25}},"branchMap":{},"s":{"0":5,"1":5,"2":0,"3":5,"4":0,"5":0,"6":0,"7":5,"8":0},"f":{"0":0,"1":0,"2":0},"b":{},"_coverageSchema":"1a1c01bbd47fc00a2c39e90264f33305004495a9","hash":"a44e0354bce378d3dd003c49a66930fb233d4d5c"}
}
