{"\\\\ckik-pdc\\Diakok\\2021_B\\farkas.mate\\.VIZSGAREMEK\\Delibab_Foglalo\\Delibab_Foglalo\\Backend\\app.js": {"path":"\\\\ckik-pdc\\Diakok\\2021_B\\farkas.mate\\.VIZSGAREMEK\\Delibab_Foglalo\\Delibab_Foglalo\\Backend\\app.js","statementMap":{"0":{"start":{"line":1,"column":16},"end":{"line":1,"column":34}},"1":{"start":{"line":2,"column":12},"end":{"line":2,"column":21}},"2":{"start":{"line":3,"column":12},"end":{"line":3,"column":21}},"3":{"start":{"line":4,"column":13},"end":{"line":4,"column":28}},"4":{"start":{"line":5,"column":21},"end":{"line":5,"column":62}},"5":{"start":{"line":9,"column":0},"end":{"line":9,"column":16}},"6":{"start":{"line":10,"column":0},"end":{"line":10,"column":24}},"7":{"start":{"line":11,"column":0},"end":{"line":11,"column":45}},"8":{"start":{"line":14,"column":19},"end":{"line":14,"column":60}},"9":{"start":{"line":15,"column":21},"end":{"line":15,"column":57}},"10":{"start":{"line":16,"column":23},"end":{"line":16,"column":61}},"11":{"start":{"line":17,"column":30},"end":{"line":17,"column":75}},"12":{"start":{"line":18,"column":22},"end":{"line":18,"column":59}},"13":{"start":{"line":20,"column":0},"end":{"line":20,"column":21}},"14":{"start":{"line":21,"column":0},"end":{"line":21,"column":30}},"15":{"start":{"line":22,"column":0},"end":{"line":22,"column":35}},"16":{"start":{"line":23,"column":0},"end":{"line":23,"column":39}},"17":{"start":{"line":24,"column":0},"end":{"line":24,"column":52}},"18":{"start":{"line":25,"column":0},"end":{"line":25,"column":37}},"19":{"start":{"line":28,"column":0},"end":{"line":28,"column":22}},"20":{"start":{"line":35,"column":0},"end":{"line":35,"column":21}}},"fnMap":{},"branchMap":{},"s":{"0":5,"1":5,"2":5,"3":5,"4":5,"5":5,"6":5,"7":5,"8":5,"9":5,"10":5,"11":5,"12":5,"13":5,"14":5,"15":5,"16":5,"17":5,"18":5,"19":5,"20":5},"f":{},"b":{},"_coverageSchema":"1a1c01bbd47fc00a2c39e90264f33305004495a9","hash":"3c071f94e36d719a54a45930623dc5a94eab36e1"}
,"\\\\ckik-pdc\\Diakok\\2021_B\\farkas.mate\\.VIZSGAREMEK\\Delibab_Foglalo\\Delibab_Foglalo\\Backend\\api\\controllers\\AsztalController.js": {"path":"\\\\ckik-pdc\\Diakok\\2021_B\\farkas.mate\\.VIZSGAREMEK\\Delibab_Foglalo\\Delibab_Foglalo\\Backend\\api\\controllers\\AsztalController.js","statementMap":{"0":{"start":{"line":1,"column":11},"end":{"line":1,"column":27}},"1":{"start":{"line":2,"column":26},"end":{"line":2,"column":52}},"2":{"start":{"line":3,"column":26},"end":{"line":3,"column":46}},"3":{"start":{"line":5,"column":0},"end":{"line":11,"column":1}},"4":{"start":{"line":6,"column":4},"end":{"line":10,"column":5}},"5":{"start":{"line":7,"column":8},"end":{"line":7,"column":62}},"6":{"start":{"line":9,"column":8},"end":{"line":9,"column":20}},"7":{"start":{"line":13,"column":0},"end":{"line":22,"column":1}},"8":{"start":{"line":14,"column":4},"end":{"line":21,"column":5}},"9":{"start":{"line":15,"column":23},"end":{"line":15,"column":33}},"10":{"start":{"line":16,"column":23},"end":{"line":16,"column":60}},"11":{"start":{"line":17,"column":8},"end":{"line":17,"column":69}},"12":{"start":{"line":17,"column":21},"end":{"line":17,"column":69}},"13":{"start":{"line":18,"column":8},"end":{"line":18,"column":37}},"14":{"start":{"line":20,"column":8},"end":{"line":20,"column":20}},"15":{"start":{"line":24,"column":0},"end":{"line":34,"column":1}},"16":{"start":{"line":25,"column":14},"end":{"line":25,"column":46}},"17":{"start":{"line":26,"column":4},"end":{"line":33,"column":5}},"18":{"start":{"line":27,"column":24},"end":{"line":27,"column":86}},"19":{"start":{"line":28,"column":8},"end":{"line":28,"column":25}},"20":{"start":{"line":29,"column":8},"end":{"line":29,"column":38}},"21":{"start":{"line":31,"column":8},"end":{"line":31,"column":27}},"22":{"start":{"line":32,"column":8},"end":{"line":32,"column":20}},"23":{"start":{"line":36,"column":0},"end":{"line":48,"column":1}},"24":{"start":{"line":37,"column":14},"end":{"line":37,"column":46}},"25":{"start":{"line":38,"column":4},"end":{"line":47,"column":5}},"26":{"start":{"line":39,"column":23},"end":{"line":39,"column":33}},"27":{"start":{"line":40,"column":24},"end":{"line":40,"column":90}},"28":{"start":{"line":41,"column":8},"end":{"line":41,"column":70}},"29":{"start":{"line":41,"column":22},"end":{"line":41,"column":70}},"30":{"start":{"line":42,"column":8},"end":{"line":42,"column":25}},"31":{"start":{"line":43,"column":8},"end":{"line":43,"column":38}},"32":{"start":{"line":45,"column":8},"end":{"line":45,"column":27}},"33":{"start":{"line":46,"column":8},"end":{"line":46,"column":20}},"34":{"start":{"line":50,"column":0},"end":{"line":62,"column":1}},"35":{"start":{"line":51,"column":14},"end":{"line":51,"column":46}},"36":{"start":{"line":52,"column":4},"end":{"line":61,"column":5}},"37":{"start":{"line":53,"column":23},"end":{"line":53,"column":33}},"38":{"start":{"line":54,"column":24},"end":{"line":54,"column":80}},"39":{"start":{"line":55,"column":8},"end":{"line":55,"column":70}},"40":{"start":{"line":55,"column":22},"end":{"line":55,"column":70}},"41":{"start":{"line":56,"column":8},"end":{"line":56,"column":25}},"42":{"start":{"line":57,"column":8},"end":{"line":57,"column":70}},"43":{"start":{"line":59,"column":8},"end":{"line":59,"column":27}},"44":{"start":{"line":60,"column":8},"end":{"line":60,"column":20}},"45":{"start":{"line":64,"column":0},"end":{"line":77,"column":1}},"46":{"start":{"line":65,"column":4},"end":{"line":76,"column":5}},"47":{"start":{"line":66,"column":48},"end":{"line":66,"column":57}},"48":{"start":{"line":67,"column":31},"end":{"line":67,"column":97}},"49":{"start":{"line":68,"column":8},"end":{"line":73,"column":11}},"50":{"start":{"line":75,"column":8},"end":{"line":75,"column":20}}},"fnMap":{"0":{"name":"(anonymous_0)","decl":{"start":{"line":5,"column":20},"end":{"line":5,"column":21}},"loc":{"start":{"line":5,"column":46},"end":{"line":11,"column":1}},"line":5},"1":{"name":"(anonymous_1)","decl":{"start":{"line":13,"column":24},"end":{"line":13,"column":25}},"loc":{"start":{"line":13,"column":50},"end":{"line":22,"column":1}},"line":13},"2":{"name":"(anonymous_2)","decl":{"start":{"line":24,"column":23},"end":{"line":24,"column":24}},"loc":{"start":{"line":24,"column":49},"end":{"line":34,"column":1}},"line":24},"3":{"name":"(anonymous_3)","decl":{"start":{"line":36,"column":23},"end":{"line":36,"column":24}},"loc":{"start":{"line":36,"column":49},"end":{"line":48,"column":1}},"line":36},"4":{"name":"(anonymous_4)","decl":{"start":{"line":50,"column":23},"end":{"line":50,"column":24}},"loc":{"start":{"line":50,"column":49},"end":{"line":62,"column":1}},"line":50},"5":{"name":"(anonymous_5)","decl":{"start":{"line":64,"column":28},"end":{"line":64,"column":29}},"loc":{"start":{"line":64,"column":54},"end":{"line":77,"column":1}},"line":64}},"branchMap":{"0":{"loc":{"start":{"line":17,"column":8},"end":{"line":17,"column":69}},"type":"if","locations":[{"start":{"line":17,"column":8},"end":{"line":17,"column":69}},{"start":{},"end":{}}],"line":17},"1":{"loc":{"start":{"line":41,"column":8},"end":{"line":41,"column":70}},"type":"if","locations":[{"start":{"line":41,"column":8},"end":{"line":41,"column":70}},{"start":{},"end":{}}],"line":41},"2":{"loc":{"start":{"line":55,"column":8},"end":{"line":55,"column":70}},"type":"if","locations":[{"start":{"line":55,"column":8},"end":{"line":55,"column":70}},{"start":{},"end":{}}],"line":55},"3":{"loc":{"start":{"line":71,"column":26},"end":{"line":71,"column":56}},"type":"binary-expr","locations":[{"start":{"line":71,"column":26},"end":{"line":71,"column":37}},{"start":{"line":71,"column":41},"end":{"line":71,"column":56}}],"line":71}},"s":{"0":5,"1":5,"2":5,"3":5,"4":1,"5":1,"6":0,"7":5,"8":4,"9":4,"10":4,"11":4,"12":1,"13":3,"14":1,"15":5,"16":4,"17":4,"18":4,"19":1,"20":1,"21":3,"22":3,"23":5,"24":4,"25":4,"26":4,"27":4,"28":4,"29":1,"30":3,"31":3,"32":1,"33":1,"34":5,"35":4,"36":4,"37":4,"38":4,"39":4,"40":1,"41":3,"42":3,"43":1,"44":1,"45":5,"46":4,"47":4,"48":4,"49":2,"50":2},"f":{"0":1,"1":4,"2":4,"3":4,"4":4,"5":4},"b":{"0":[1,3],"1":[1,3],"2":[1,3],"3":[2,1]},"_coverageSchema":"1a1c01bbd47fc00a2c39e90264f33305004495a9","hash":"a846f5df716428879498416c095900f3ccdff0c6"}
,"\\\\ckik-pdc\\Diakok\\2021_B\\farkas.mate\\.VIZSGAREMEK\\Delibab_Foglalo\\Delibab_Foglalo\\Backend\\api\\controllers\\FelhasznaloController.js": {"path":"\\\\ckik-pdc\\Diakok\\2021_B\\farkas.mate\\.VIZSGAREMEK\\Delibab_Foglalo\\Delibab_Foglalo\\Backend\\api\\controllers\\FelhasznaloController.js","statementMap":{"0":{"start":{"line":1,"column":11},"end":{"line":1,"column":27}},"1":{"start":{"line":2,"column":24},"end":{"line":2,"column":50}},"2":{"start":{"line":3,"column":26},"end":{"line":3,"column":46}},"3":{"start":{"line":5,"column":0},"end":{"line":11,"column":1}},"4":{"start":{"line":6,"column":4},"end":{"line":10,"column":5}},"5":{"start":{"line":7,"column":8},"end":{"line":7,"column":58}},"6":{"start":{"line":9,"column":8},"end":{"line":9,"column":20}},"7":{"start":{"line":13,"column":0},"end":{"line":22,"column":1}},"8":{"start":{"line":14,"column":4},"end":{"line":21,"column":5}},"9":{"start":{"line":15,"column":23},"end":{"line":15,"column":33}},"10":{"start":{"line":16,"column":21},"end":{"line":16,"column":54}},"11":{"start":{"line":17,"column":8},"end":{"line":17,"column":72}},"12":{"start":{"line":17,"column":19},"end":{"line":17,"column":72}},"13":{"start":{"line":18,"column":8},"end":{"line":18,"column":35}},"14":{"start":{"line":20,"column":8},"end":{"line":20,"column":20}},"15":{"start":{"line":24,"column":0},"end":{"line":37,"column":1}},"16":{"start":{"line":25,"column":14},"end":{"line":25,"column":46}},"17":{"start":{"line":26,"column":4},"end":{"line":36,"column":5}},"18":{"start":{"line":27,"column":24},"end":{"line":30,"column":10}},"19":{"start":{"line":31,"column":8},"end":{"line":31,"column":25}},"20":{"start":{"line":32,"column":8},"end":{"line":32,"column":38}},"21":{"start":{"line":34,"column":8},"end":{"line":34,"column":27}},"22":{"start":{"line":35,"column":8},"end":{"line":35,"column":20}},"23":{"start":{"line":39,"column":0},"end":{"line":53,"column":1}},"24":{"start":{"line":40,"column":14},"end":{"line":40,"column":46}},"25":{"start":{"line":41,"column":4},"end":{"line":52,"column":5}},"26":{"start":{"line":42,"column":23},"end":{"line":42,"column":33}},"27":{"start":{"line":43,"column":24},"end":{"line":45,"column":10}},"28":{"start":{"line":46,"column":8},"end":{"line":46,"column":75}},"29":{"start":{"line":46,"column":22},"end":{"line":46,"column":75}},"30":{"start":{"line":47,"column":8},"end":{"line":47,"column":25}},"31":{"start":{"line":48,"column":8},"end":{"line":48,"column":38}},"32":{"start":{"line":50,"column":8},"end":{"line":50,"column":27}},"33":{"start":{"line":51,"column":8},"end":{"line":51,"column":20}},"34":{"start":{"line":55,"column":0},"end":{"line":67,"column":1}},"35":{"start":{"line":56,"column":14},"end":{"line":56,"column":46}},"36":{"start":{"line":57,"column":4},"end":{"line":66,"column":5}},"37":{"start":{"line":58,"column":23},"end":{"line":58,"column":33}},"38":{"start":{"line":59,"column":24},"end":{"line":59,"column":76}},"39":{"start":{"line":60,"column":8},"end":{"line":60,"column":75}},"40":{"start":{"line":60,"column":22},"end":{"line":60,"column":75}},"41":{"start":{"line":61,"column":8},"end":{"line":61,"column":25}},"42":{"start":{"line":62,"column":8},"end":{"line":62,"column":75}},"43":{"start":{"line":64,"column":8},"end":{"line":64,"column":27}},"44":{"start":{"line":65,"column":8},"end":{"line":65,"column":20}},"45":{"start":{"line":69,"column":0},"end":{"line":78,"column":1}},"46":{"start":{"line":70,"column":4},"end":{"line":77,"column":5}},"47":{"start":{"line":71,"column":26},"end":{"line":71,"column":36}},"48":{"start":{"line":72,"column":21},"end":{"line":72,"column":60}},"49":{"start":{"line":73,"column":8},"end":{"line":73,"column":93}},"50":{"start":{"line":73,"column":40},"end":{"line":73,"column":93}},"51":{"start":{"line":74,"column":8},"end":{"line":74,"column":35}},"52":{"start":{"line":76,"column":8},"end":{"line":76,"column":20}},"53":{"start":{"line":80,"column":0},"end":{"line":86,"column":1}},"54":{"start":{"line":81,"column":4},"end":{"line":85,"column":5}},"55":{"start":{"line":82,"column":8},"end":{"line":82,"column":70}},"56":{"start":{"line":84,"column":8},"end":{"line":84,"column":20}},"57":{"start":{"line":88,"column":0},"end":{"line":95,"column":1}},"58":{"start":{"line":89,"column":4},"end":{"line":94,"column":5}},"59":{"start":{"line":90,"column":26},"end":{"line":90,"column":35}},"60":{"start":{"line":91,"column":8},"end":{"line":91,"column":67}},"61":{"start":{"line":93,"column":8},"end":{"line":93,"column":20}},"62":{"start":{"line":97,"column":0},"end":{"line":104,"column":1}},"63":{"start":{"line":98,"column":4},"end":{"line":103,"column":5}},"64":{"start":{"line":99,"column":39},"end":{"line":99,"column":48}},"65":{"start":{"line":100,"column":8},"end":{"line":100,"column":88}},"66":{"start":{"line":102,"column":8},"end":{"line":102,"column":20}},"67":{"start":{"line":106,"column":0},"end":{"line":112,"column":1}},"68":{"start":{"line":107,"column":4},"end":{"line":111,"column":5}},"69":{"start":{"line":108,"column":8},"end":{"line":108,"column":72}},"70":{"start":{"line":110,"column":8},"end":{"line":110,"column":20}}},"fnMap":{"0":{"name":"(anonymous_0)","decl":{"start":{"line":5,"column":18},"end":{"line":5,"column":19}},"loc":{"start":{"line":5,"column":44},"end":{"line":11,"column":1}},"line":5},"1":{"name":"(anonymous_1)","decl":{"start":{"line":13,"column":22},"end":{"line":13,"column":23}},"loc":{"start":{"line":13,"column":48},"end":{"line":22,"column":1}},"line":13},"2":{"name":"(anonymous_2)","decl":{"start":{"line":24,"column":21},"end":{"line":24,"column":22}},"loc":{"start":{"line":24,"column":47},"end":{"line":37,"column":1}},"line":24},"3":{"name":"(anonymous_3)","decl":{"start":{"line":39,"column":21},"end":{"line":39,"column":22}},"loc":{"start":{"line":39,"column":47},"end":{"line":53,"column":1}},"line":39},"4":{"name":"(anonymous_4)","decl":{"start":{"line":55,"column":21},"end":{"line":55,"column":22}},"loc":{"start":{"line":55,"column":47},"end":{"line":67,"column":1}},"line":55},"5":{"name":"(anonymous_5)","decl":{"start":{"line":69,"column":25},"end":{"line":69,"column":26}},"loc":{"start":{"line":69,"column":51},"end":{"line":78,"column":1}},"line":69},"6":{"name":"(anonymous_6)","decl":{"start":{"line":80,"column":30},"end":{"line":80,"column":31}},"loc":{"start":{"line":80,"column":56},"end":{"line":86,"column":1}},"line":80},"7":{"name":"(anonymous_7)","decl":{"start":{"line":88,"column":22},"end":{"line":88,"column":23}},"loc":{"start":{"line":88,"column":48},"end":{"line":95,"column":1}},"line":88},"8":{"name":"(anonymous_8)","decl":{"start":{"line":97,"column":30},"end":{"line":97,"column":31}},"loc":{"start":{"line":97,"column":56},"end":{"line":104,"column":1}},"line":97},"9":{"name":"(anonymous_9)","decl":{"start":{"line":106,"column":32},"end":{"line":106,"column":33}},"loc":{"start":{"line":106,"column":58},"end":{"line":112,"column":1}},"line":106}},"branchMap":{"0":{"loc":{"start":{"line":17,"column":8},"end":{"line":17,"column":72}},"type":"if","locations":[{"start":{"line":17,"column":8},"end":{"line":17,"column":72}},{"start":{},"end":{}}],"line":17},"1":{"loc":{"start":{"line":46,"column":8},"end":{"line":46,"column":75}},"type":"if","locations":[{"start":{"line":46,"column":8},"end":{"line":46,"column":75}},{"start":{},"end":{}}],"line":46},"2":{"loc":{"start":{"line":60,"column":8},"end":{"line":60,"column":75}},"type":"if","locations":[{"start":{"line":60,"column":8},"end":{"line":60,"column":75}},{"start":{},"end":{}}],"line":60},"3":{"loc":{"start":{"line":73,"column":8},"end":{"line":73,"column":93}},"type":"if","locations":[{"start":{"line":73,"column":8},"end":{"line":73,"column":93}},{"start":{},"end":{}}],"line":73},"4":{"loc":{"start":{"line":73,"column":12},"end":{"line":73,"column":38}},"type":"binary-expr","locations":[{"start":{"line":73,"column":12},"end":{"line":73,"column":17}},{"start":{"line":73,"column":21},"end":{"line":73,"column":38}}],"line":73}},"s":{"0":5,"1":5,"2":5,"3":5,"4":1,"5":1,"6":0,"7":5,"8":3,"9":3,"10":3,"11":3,"12":1,"13":2,"14":1,"15":5,"16":4,"17":4,"18":4,"19":1,"20":1,"21":3,"22":3,"23":5,"24":4,"25":4,"26":4,"27":4,"28":4,"29":1,"30":3,"31":3,"32":1,"33":1,"34":5,"35":3,"36":3,"37":3,"38":3,"39":3,"40":1,"41":2,"42":2,"43":1,"44":1,"45":5,"46":0,"47":0,"48":0,"49":0,"50":0,"51":0,"52":0,"53":5,"54":0,"55":0,"56":0,"57":5,"58":0,"59":0,"60":0,"61":0,"62":5,"63":0,"64":0,"65":0,"66":0,"67":5,"68":0,"69":0,"70":0},"f":{"0":1,"1":3,"2":4,"3":4,"4":3,"5":0,"6":0,"7":0,"8":0,"9":0},"b":{"0":[1,2],"1":[1,3],"2":[1,2],"3":[0,0],"4":[0,0]},"_coverageSchema":"1a1c01bbd47fc00a2c39e90264f33305004495a9","hash":"43a043c900b7af9b0ac277fb723bb561b68b896a"}
,"\\\\ckik-pdc\\Diakok\\2021_B\\farkas.mate\\.VIZSGAREMEK\\Delibab_Foglalo\\Delibab_Foglalo\\Backend\\api\\controllers\\FoglalasController.js": {"path":"\\\\ckik-pdc\\Diakok\\2021_B\\farkas.mate\\.VIZSGAREMEK\\Delibab_Foglalo\\Delibab_Foglalo\\Backend\\api\\controllers\\FoglalasController.js","statementMap":{"0":{"start":{"line":1,"column":11},"end":{"line":1,"column":27}},"1":{"start":{"line":2,"column":28},"end":{"line":2,"column":54}},"2":{"start":{"line":3,"column":26},"end":{"line":3,"column":46}},"3":{"start":{"line":5,"column":0},"end":{"line":11,"column":1}},"4":{"start":{"line":6,"column":4},"end":{"line":10,"column":5}},"5":{"start":{"line":7,"column":8},"end":{"line":7,"column":66}},"6":{"start":{"line":9,"column":8},"end":{"line":9,"column":20}},"7":{"start":{"line":13,"column":0},"end":{"line":22,"column":1}},"8":{"start":{"line":14,"column":4},"end":{"line":21,"column":5}},"9":{"start":{"line":15,"column":23},"end":{"line":15,"column":33}},"10":{"start":{"line":16,"column":25},"end":{"line":16,"column":66}},"11":{"start":{"line":17,"column":8},"end":{"line":17,"column":73}},"12":{"start":{"line":17,"column":23},"end":{"line":17,"column":73}},"13":{"start":{"line":18,"column":8},"end":{"line":18,"column":39}},"14":{"start":{"line":20,"column":8},"end":{"line":20,"column":20}},"15":{"start":{"line":24,"column":0},"end":{"line":37,"column":1}},"16":{"start":{"line":25,"column":14},"end":{"line":25,"column":46}},"17":{"start":{"line":26,"column":4},"end":{"line":36,"column":5}},"18":{"start":{"line":27,"column":24},"end":{"line":30,"column":10}},"19":{"start":{"line":31,"column":8},"end":{"line":31,"column":25}},"20":{"start":{"line":32,"column":8},"end":{"line":32,"column":38}},"21":{"start":{"line":34,"column":8},"end":{"line":34,"column":27}},"22":{"start":{"line":35,"column":8},"end":{"line":35,"column":20}},"23":{"start":{"line":39,"column":0},"end":{"line":51,"column":1}},"24":{"start":{"line":40,"column":14},"end":{"line":40,"column":46}},"25":{"start":{"line":41,"column":4},"end":{"line":50,"column":5}},"26":{"start":{"line":42,"column":23},"end":{"line":42,"column":33}},"27":{"start":{"line":43,"column":24},"end":{"line":43,"column":94}},"28":{"start":{"line":44,"column":8},"end":{"line":44,"column":72}},"29":{"start":{"line":44,"column":22},"end":{"line":44,"column":72}},"30":{"start":{"line":45,"column":8},"end":{"line":45,"column":25}},"31":{"start":{"line":46,"column":8},"end":{"line":46,"column":38}},"32":{"start":{"line":48,"column":8},"end":{"line":48,"column":27}},"33":{"start":{"line":49,"column":8},"end":{"line":49,"column":20}},"34":{"start":{"line":53,"column":0},"end":{"line":65,"column":1}},"35":{"start":{"line":54,"column":14},"end":{"line":54,"column":46}},"36":{"start":{"line":55,"column":4},"end":{"line":64,"column":5}},"37":{"start":{"line":56,"column":23},"end":{"line":56,"column":33}},"38":{"start":{"line":57,"column":24},"end":{"line":57,"column":84}},"39":{"start":{"line":58,"column":8},"end":{"line":58,"column":72}},"40":{"start":{"line":58,"column":22},"end":{"line":58,"column":72}},"41":{"start":{"line":59,"column":8},"end":{"line":59,"column":25}},"42":{"start":{"line":60,"column":8},"end":{"line":60,"column":72}},"43":{"start":{"line":62,"column":8},"end":{"line":62,"column":27}},"44":{"start":{"line":63,"column":8},"end":{"line":63,"column":20}},"45":{"start":{"line":67,"column":0},"end":{"line":79,"column":1}},"46":{"start":{"line":68,"column":4},"end":{"line":78,"column":5}},"47":{"start":{"line":69,"column":36},"end":{"line":69,"column":45}},"48":{"start":{"line":70,"column":33},"end":{"line":70,"column":91}},"49":{"start":{"line":71,"column":8},"end":{"line":75,"column":11}},"50":{"start":{"line":77,"column":8},"end":{"line":77,"column":20}},"51":{"start":{"line":81,"column":0},"end":{"line":88,"column":1}},"52":{"start":{"line":82,"column":4},"end":{"line":87,"column":5}},"53":{"start":{"line":83,"column":26},"end":{"line":83,"column":35}},"54":{"start":{"line":84,"column":8},"end":{"line":84,"column":78}},"55":{"start":{"line":86,"column":8},"end":{"line":86,"column":20}},"56":{"start":{"line":90,"column":0},"end":{"line":97,"column":1}},"57":{"start":{"line":91,"column":4},"end":{"line":96,"column":5}},"58":{"start":{"line":92,"column":27},"end":{"line":92,"column":37}},"59":{"start":{"line":93,"column":8},"end":{"line":93,"column":78}},"60":{"start":{"line":95,"column":8},"end":{"line":95,"column":20}}},"fnMap":{"0":{"name":"(anonymous_0)","decl":{"start":{"line":5,"column":22},"end":{"line":5,"column":23}},"loc":{"start":{"line":5,"column":48},"end":{"line":11,"column":1}},"line":5},"1":{"name":"(anonymous_1)","decl":{"start":{"line":13,"column":26},"end":{"line":13,"column":27}},"loc":{"start":{"line":13,"column":52},"end":{"line":22,"column":1}},"line":13},"2":{"name":"(anonymous_2)","decl":{"start":{"line":24,"column":25},"end":{"line":24,"column":26}},"loc":{"start":{"line":24,"column":51},"end":{"line":37,"column":1}},"line":24},"3":{"name":"(anonymous_3)","decl":{"start":{"line":39,"column":25},"end":{"line":39,"column":26}},"loc":{"start":{"line":39,"column":51},"end":{"line":51,"column":1}},"line":39},"4":{"name":"(anonymous_4)","decl":{"start":{"line":53,"column":25},"end":{"line":53,"column":26}},"loc":{"start":{"line":53,"column":51},"end":{"line":65,"column":1}},"line":53},"5":{"name":"(anonymous_5)","decl":{"start":{"line":67,"column":30},"end":{"line":67,"column":31}},"loc":{"start":{"line":67,"column":56},"end":{"line":79,"column":1}},"line":67},"6":{"name":"(anonymous_6)","decl":{"start":{"line":81,"column":29},"end":{"line":81,"column":30}},"loc":{"start":{"line":81,"column":55},"end":{"line":88,"column":1}},"line":81},"7":{"name":"(anonymous_7)","decl":{"start":{"line":90,"column":28},"end":{"line":90,"column":29}},"loc":{"start":{"line":90,"column":54},"end":{"line":97,"column":1}},"line":90}},"branchMap":{"0":{"loc":{"start":{"line":17,"column":8},"end":{"line":17,"column":73}},"type":"if","locations":[{"start":{"line":17,"column":8},"end":{"line":17,"column":73}},{"start":{},"end":{}}],"line":17},"1":{"loc":{"start":{"line":44,"column":8},"end":{"line":44,"column":72}},"type":"if","locations":[{"start":{"line":44,"column":8},"end":{"line":44,"column":72}},{"start":{},"end":{}}],"line":44},"2":{"loc":{"start":{"line":58,"column":8},"end":{"line":58,"column":72}},"type":"if","locations":[{"start":{"line":58,"column":8},"end":{"line":58,"column":72}},{"start":{},"end":{}}],"line":58}},"s":{"0":5,"1":5,"2":5,"3":5,"4":1,"5":1,"6":0,"7":5,"8":3,"9":3,"10":3,"11":3,"12":1,"13":2,"14":1,"15":5,"16":5,"17":5,"18":5,"19":1,"20":1,"21":4,"22":4,"23":5,"24":3,"25":3,"26":3,"27":3,"28":3,"29":1,"30":2,"31":2,"32":1,"33":1,"34":5,"35":3,"36":3,"37":3,"38":3,"39":3,"40":1,"41":2,"42":2,"43":1,"44":1,"45":5,"46":2,"47":2,"48":2,"49":2,"50":0,"51":5,"52":3,"53":3,"54":3,"55":1,"56":5,"57":2,"58":2,"59":2,"60":0},"f":{"0":1,"1":3,"2":5,"3":3,"4":3,"5":2,"6":3,"7":2},"b":{"0":[1,2],"1":[1,2],"2":[1,2]},"_coverageSchema":"1a1c01bbd47fc00a2c39e90264f33305004495a9","hash":"8cce8df5ce99ef333d18fb89dc782072ab88f287"}
,"\\\\ckik-pdc\\Diakok\\2021_B\\farkas.mate\\.VIZSGAREMEK\\Delibab_Foglalo\\Delibab_Foglalo\\Backend\\api\\controllers\\FoglalasiAdatokController.js": {"path":"\\\\ckik-pdc\\Diakok\\2021_B\\farkas.mate\\.VIZSGAREMEK\\Delibab_Foglalo\\Delibab_Foglalo\\Backend\\api\\controllers\\FoglalasiAdatokController.js","statementMap":{"0":{"start":{"line":1,"column":11},"end":{"line":1,"column":27}},"1":{"start":{"line":2,"column":35},"end":{"line":2,"column":61}},"2":{"start":{"line":3,"column":26},"end":{"line":3,"column":46}},"3":{"start":{"line":5,"column":0},"end":{"line":11,"column":1}},"4":{"start":{"line":6,"column":4},"end":{"line":10,"column":5}},"5":{"start":{"line":7,"column":8},"end":{"line":7,"column":80}},"6":{"start":{"line":9,"column":8},"end":{"line":9,"column":20}},"7":{"start":{"line":13,"column":0},"end":{"line":22,"column":1}},"8":{"start":{"line":14,"column":4},"end":{"line":21,"column":5}},"9":{"start":{"line":15,"column":23},"end":{"line":15,"column":33}},"10":{"start":{"line":16,"column":32},"end":{"line":16,"column":87}},"11":{"start":{"line":17,"column":8},"end":{"line":17,"column":89}},"12":{"start":{"line":17,"column":30},"end":{"line":17,"column":89}},"13":{"start":{"line":18,"column":8},"end":{"line":18,"column":46}},"14":{"start":{"line":20,"column":8},"end":{"line":20,"column":20}},"15":{"start":{"line":24,"column":0},"end":{"line":37,"column":1}},"16":{"start":{"line":25,"column":14},"end":{"line":25,"column":46}},"17":{"start":{"line":26,"column":4},"end":{"line":36,"column":5}},"18":{"start":{"line":27,"column":24},"end":{"line":30,"column":10}},"19":{"start":{"line":31,"column":8},"end":{"line":31,"column":25}},"20":{"start":{"line":32,"column":8},"end":{"line":32,"column":38}},"21":{"start":{"line":34,"column":8},"end":{"line":34,"column":27}},"22":{"start":{"line":35,"column":8},"end":{"line":35,"column":20}},"23":{"start":{"line":39,"column":0},"end":{"line":51,"column":1}},"24":{"start":{"line":40,"column":14},"end":{"line":40,"column":46}},"25":{"start":{"line":41,"column":4},"end":{"line":50,"column":5}},"26":{"start":{"line":42,"column":23},"end":{"line":42,"column":33}},"27":{"start":{"line":43,"column":24},"end":{"line":43,"column":108}},"28":{"start":{"line":44,"column":8},"end":{"line":44,"column":81}},"29":{"start":{"line":44,"column":22},"end":{"line":44,"column":81}},"30":{"start":{"line":45,"column":8},"end":{"line":45,"column":25}},"31":{"start":{"line":46,"column":8},"end":{"line":46,"column":38}},"32":{"start":{"line":48,"column":8},"end":{"line":48,"column":27}},"33":{"start":{"line":49,"column":8},"end":{"line":49,"column":20}},"34":{"start":{"line":53,"column":0},"end":{"line":65,"column":1}},"35":{"start":{"line":54,"column":14},"end":{"line":54,"column":46}},"36":{"start":{"line":55,"column":4},"end":{"line":64,"column":5}},"37":{"start":{"line":56,"column":23},"end":{"line":56,"column":33}},"38":{"start":{"line":57,"column":24},"end":{"line":57,"column":98}},"39":{"start":{"line":58,"column":8},"end":{"line":58,"column":81}},"40":{"start":{"line":58,"column":22},"end":{"line":58,"column":81}},"41":{"start":{"line":59,"column":8},"end":{"line":59,"column":25}},"42":{"start":{"line":60,"column":8},"end":{"line":60,"column":80}},"43":{"start":{"line":62,"column":8},"end":{"line":62,"column":27}},"44":{"start":{"line":63,"column":8},"end":{"line":63,"column":20}}},"fnMap":{"0":{"name":"(anonymous_0)","decl":{"start":{"line":5,"column":29},"end":{"line":5,"column":30}},"loc":{"start":{"line":5,"column":55},"end":{"line":11,"column":1}},"line":5},"1":{"name":"(anonymous_1)","decl":{"start":{"line":13,"column":33},"end":{"line":13,"column":34}},"loc":{"start":{"line":13,"column":59},"end":{"line":22,"column":1}},"line":13},"2":{"name":"(anonymous_2)","decl":{"start":{"line":24,"column":32},"end":{"line":24,"column":33}},"loc":{"start":{"line":24,"column":58},"end":{"line":37,"column":1}},"line":24},"3":{"name":"(anonymous_3)","decl":{"start":{"line":39,"column":32},"end":{"line":39,"column":33}},"loc":{"start":{"line":39,"column":58},"end":{"line":51,"column":1}},"line":39},"4":{"name":"(anonymous_4)","decl":{"start":{"line":53,"column":32},"end":{"line":53,"column":33}},"loc":{"start":{"line":53,"column":58},"end":{"line":65,"column":1}},"line":53}},"branchMap":{"0":{"loc":{"start":{"line":17,"column":8},"end":{"line":17,"column":89}},"type":"if","locations":[{"start":{"line":17,"column":8},"end":{"line":17,"column":89}},{"start":{},"end":{}}],"line":17},"1":{"loc":{"start":{"line":44,"column":8},"end":{"line":44,"column":81}},"type":"if","locations":[{"start":{"line":44,"column":8},"end":{"line":44,"column":81}},{"start":{},"end":{}}],"line":44},"2":{"loc":{"start":{"line":58,"column":8},"end":{"line":58,"column":81}},"type":"if","locations":[{"start":{"line":58,"column":8},"end":{"line":58,"column":81}},{"start":{},"end":{}}],"line":58}},"s":{"0":5,"1":5,"2":5,"3":5,"4":1,"5":1,"6":0,"7":5,"8":4,"9":4,"10":4,"11":4,"12":1,"13":3,"14":1,"15":5,"16":5,"17":5,"18":5,"19":1,"20":1,"21":4,"22":4,"23":5,"24":6,"25":6,"26":6,"27":6,"28":4,"29":1,"30":3,"31":3,"32":3,"33":3,"34":5,"35":4,"36":4,"37":4,"38":4,"39":4,"40":1,"41":3,"42":3,"43":1,"44":1},"f":{"0":1,"1":4,"2":5,"3":6,"4":4},"b":{"0":[1,3],"1":[1,3],"2":[1,3]},"_coverageSchema":"1a1c01bbd47fc00a2c39e90264f33305004495a9","hash":"2da1b4554a400cc2b1c1d655fcd9262a29ce9da5"}
,"\\\\ckik-pdc\\Diakok\\2021_B\\farkas.mate\\.VIZSGAREMEK\\Delibab_Foglalo\\Delibab_Foglalo\\Backend\\api\\controllers\\IdopontController.js": {"path":"\\\\ckik-pdc\\Diakok\\2021_B\\farkas.mate\\.VIZSGAREMEK\\Delibab_Foglalo\\Delibab_Foglalo\\Backend\\api\\controllers\\IdopontController.js","statementMap":{"0":{"start":{"line":1,"column":11},"end":{"line":1,"column":27}},"1":{"start":{"line":2,"column":27},"end":{"line":2,"column":53}},"2":{"start":{"line":3,"column":26},"end":{"line":3,"column":46}},"3":{"start":{"line":5,"column":0},"end":{"line":11,"column":1}},"4":{"start":{"line":6,"column":4},"end":{"line":10,"column":5}},"5":{"start":{"line":7,"column":8},"end":{"line":7,"column":64}},"6":{"start":{"line":9,"column":8},"end":{"line":9,"column":20}},"7":{"start":{"line":13,"column":0},"end":{"line":22,"column":1}},"8":{"start":{"line":14,"column":4},"end":{"line":21,"column":5}},"9":{"start":{"line":15,"column":23},"end":{"line":15,"column":33}},"10":{"start":{"line":16,"column":24},"end":{"line":16,"column":63}},"11":{"start":{"line":17,"column":8},"end":{"line":17,"column":71}},"12":{"start":{"line":17,"column":22},"end":{"line":17,"column":71}},"13":{"start":{"line":18,"column":8},"end":{"line":18,"column":38}},"14":{"start":{"line":20,"column":8},"end":{"line":20,"column":20}},"15":{"start":{"line":24,"column":0},"end":{"line":34,"column":1}},"16":{"start":{"line":25,"column":14},"end":{"line":25,"column":46}},"17":{"start":{"line":26,"column":4},"end":{"line":33,"column":5}},"18":{"start":{"line":27,"column":24},"end":{"line":27,"column":88}},"19":{"start":{"line":28,"column":8},"end":{"line":28,"column":25}},"20":{"start":{"line":29,"column":8},"end":{"line":29,"column":38}},"21":{"start":{"line":31,"column":8},"end":{"line":31,"column":27}},"22":{"start":{"line":32,"column":8},"end":{"line":32,"column":20}},"23":{"start":{"line":36,"column":0},"end":{"line":48,"column":1}},"24":{"start":{"line":37,"column":14},"end":{"line":37,"column":46}},"25":{"start":{"line":38,"column":4},"end":{"line":47,"column":5}},"26":{"start":{"line":39,"column":23},"end":{"line":39,"column":33}},"27":{"start":{"line":40,"column":24},"end":{"line":40,"column":92}},"28":{"start":{"line":41,"column":8},"end":{"line":41,"column":71}},"29":{"start":{"line":41,"column":22},"end":{"line":41,"column":71}},"30":{"start":{"line":42,"column":8},"end":{"line":42,"column":25}},"31":{"start":{"line":43,"column":8},"end":{"line":43,"column":38}},"32":{"start":{"line":45,"column":8},"end":{"line":45,"column":27}},"33":{"start":{"line":46,"column":8},"end":{"line":46,"column":20}},"34":{"start":{"line":50,"column":0},"end":{"line":62,"column":1}},"35":{"start":{"line":51,"column":14},"end":{"line":51,"column":46}},"36":{"start":{"line":52,"column":4},"end":{"line":61,"column":5}},"37":{"start":{"line":53,"column":23},"end":{"line":53,"column":33}},"38":{"start":{"line":54,"column":24},"end":{"line":54,"column":82}},"39":{"start":{"line":55,"column":8},"end":{"line":55,"column":71}},"40":{"start":{"line":55,"column":22},"end":{"line":55,"column":71}},"41":{"start":{"line":56,"column":8},"end":{"line":56,"column":25}},"42":{"start":{"line":57,"column":8},"end":{"line":57,"column":71}},"43":{"start":{"line":59,"column":8},"end":{"line":59,"column":27}},"44":{"start":{"line":60,"column":8},"end":{"line":60,"column":20}}},"fnMap":{"0":{"name":"(anonymous_0)","decl":{"start":{"line":5,"column":21},"end":{"line":5,"column":22}},"loc":{"start":{"line":5,"column":47},"end":{"line":11,"column":1}},"line":5},"1":{"name":"(anonymous_1)","decl":{"start":{"line":13,"column":25},"end":{"line":13,"column":26}},"loc":{"start":{"line":13,"column":51},"end":{"line":22,"column":1}},"line":13},"2":{"name":"(anonymous_2)","decl":{"start":{"line":24,"column":24},"end":{"line":24,"column":25}},"loc":{"start":{"line":24,"column":50},"end":{"line":34,"column":1}},"line":24},"3":{"name":"(anonymous_3)","decl":{"start":{"line":36,"column":24},"end":{"line":36,"column":25}},"loc":{"start":{"line":36,"column":50},"end":{"line":48,"column":1}},"line":36},"4":{"name":"(anonymous_4)","decl":{"start":{"line":50,"column":24},"end":{"line":50,"column":25}},"loc":{"start":{"line":50,"column":50},"end":{"line":62,"column":1}},"line":50}},"branchMap":{"0":{"loc":{"start":{"line":17,"column":8},"end":{"line":17,"column":71}},"type":"if","locations":[{"start":{"line":17,"column":8},"end":{"line":17,"column":71}},{"start":{},"end":{}}],"line":17},"1":{"loc":{"start":{"line":41,"column":8},"end":{"line":41,"column":71}},"type":"if","locations":[{"start":{"line":41,"column":8},"end":{"line":41,"column":71}},{"start":{},"end":{}}],"line":41},"2":{"loc":{"start":{"line":55,"column":8},"end":{"line":55,"column":71}},"type":"if","locations":[{"start":{"line":55,"column":8},"end":{"line":55,"column":71}},{"start":{},"end":{}}],"line":55}},"s":{"0":5,"1":5,"2":5,"3":5,"4":1,"5":1,"6":0,"7":5,"8":4,"9":4,"10":4,"11":4,"12":1,"13":3,"14":1,"15":5,"16":6,"17":6,"18":6,"19":1,"20":1,"21":5,"22":5,"23":5,"24":5,"25":5,"26":5,"27":5,"28":4,"29":1,"30":3,"31":3,"32":2,"33":2,"34":5,"35":4,"36":4,"37":4,"38":4,"39":4,"40":1,"41":3,"42":3,"43":1,"44":1},"f":{"0":1,"1":4,"2":6,"3":5,"4":4},"b":{"0":[1,3],"1":[1,3],"2":[1,3]},"_coverageSchema":"1a1c01bbd47fc00a2c39e90264f33305004495a9","hash":"9bd93a90b38c6c60775e64a6b2f086e98ad50352"}
,"\\\\ckik-pdc\\Diakok\\2021_B\\farkas.mate\\.VIZSGAREMEK\\Delibab_Foglalo\\Delibab_Foglalo\\Backend\\api\\db\\index.js": {"path":"\\\\ckik-pdc\\Diakok\\2021_B\\farkas.mate\\.VIZSGAREMEK\\Delibab_Foglalo\\Delibab_Foglalo\\Backend\\api\\db\\index.js","statementMap":{"0":{"start":{"line":1,"column":40},"end":{"line":1,"column":60}},"1":{"start":{"line":3,"column":16},"end":{"line":3,"column":49}},"2":{"start":{"line":4,"column":23},"end":{"line":4,"column":25}},"3":{"start":{"line":9,"column":0},"end":{"line":11,"column":1}},"4":{"start":{"line":10,"column":2},"end":{"line":10,"column":37}},"5":{"start":{"line":13,"column":18},"end":{"line":26,"column":1}},"6":{"start":{"line":28,"column":15},"end":{"line":28,"column":46}},"7":{"start":{"line":30,"column":11},"end":{"line":34,"column":1}},"8":{"start":{"line":38,"column":0},"end":{"line":51,"column":1}},"9":{"start":{"line":39,"column":2},"end":{"line":50,"column":7}},"10":{"start":{"line":40,"column":4},"end":{"line":49,"column":5}},"11":{"start":{"line":41,"column":6},"end":{"line":41,"column":43}},"12":{"start":{"line":42,"column":6},"end":{"line":42,"column":44}},"13":{"start":{"line":43,"column":6},"end":{"line":43,"column":38}},"14":{"start":{"line":45,"column":6},"end":{"line":45,"column":54}},"15":{"start":{"line":46,"column":6},"end":{"line":48,"column":7}},"16":{"start":{"line":47,"column":8},"end":{"line":47,"column":20}},"17":{"start":{"line":53,"column":0},"end":{"line":53,"column":20}}},"fnMap":{"0":{"name":"(anonymous_0)","decl":{"start":{"line":39,"column":3},"end":{"line":39,"column":4}},"loc":{"start":{"line":39,"column":14},"end":{"line":50,"column":3}},"line":39}},"branchMap":{"0":{"loc":{"start":{"line":3,"column":16},"end":{"line":3,"column":49}},"type":"binary-expr","locations":[{"start":{"line":3,"column":16},"end":{"line":3,"column":38}},{"start":{"line":3,"column":42},"end":{"line":3,"column":49}}],"line":3},"1":{"loc":{"start":{"line":9,"column":0},"end":{"line":11,"column":1}},"type":"if","locations":[{"start":{"line":9,"column":0},"end":{"line":11,"column":1}},{"start":{},"end":{}}],"line":9},"2":{"loc":{"start":{"line":24,"column":20},"end":{"line":24,"column":87}},"type":"cond-expr","locations":[{"start":{"line":24,"column":61},"end":{"line":24,"column":75}},{"start":{"line":24,"column":78},"end":{"line":24,"column":87}}],"line":24},"3":{"loc":{"start":{"line":38,"column":0},"end":{"line":51,"column":1}},"type":"if","locations":[{"start":{"line":38,"column":0},"end":{"line":51,"column":1}},{"start":{},"end":{}}],"line":38},"4":{"loc":{"start":{"line":38,"column":4},"end":{"line":38,"column":66}},"type":"binary-expr","locations":[{"start":{"line":38,"column":4},"end":{"line":38,"column":35}},{"start":{"line":38,"column":39},"end":{"line":38,"column":66}}],"line":38},"5":{"loc":{"start":{"line":46,"column":6},"end":{"line":48,"column":7}},"type":"if","locations":[{"start":{"line":46,"column":6},"end":{"line":48,"column":7}},{"start":{},"end":{}}],"line":46}},"s":{"0":5,"1":5,"2":5,"3":5,"4":5,"5":5,"6":5,"7":5,"8":5,"9":0,"10":0,"11":0,"12":0,"13":0,"14":0,"15":0,"16":0,"17":5},"f":{"0":0},"b":{"0":[5,0],"1":[5,0],"2":[5,0],"3":[0,5],"4":[5,0],"5":[0,0]},"_coverageSchema":"1a1c01bbd47fc00a2c39e90264f33305004495a9","hash":"030646796555cbf860880fb6cde8393a7bb8e8a2"}
,"\\\\ckik-pdc\\Diakok\\2021_B\\farkas.mate\\.VIZSGAREMEK\\Delibab_Foglalo\\Delibab_Foglalo\\Backend\\api\\errors\\AppError.js": {"path":"\\\\ckik-pdc\\Diakok\\2021_B\\farkas.mate\\.VIZSGAREMEK\\Delibab_Foglalo\\Delibab_Foglalo\\Backend\\api\\errors\\AppError.js","statementMap":{"0":{"start":{"line":12,"column":8},"end":{"line":12,"column":23}},"1":{"start":{"line":14,"column":8},"end":{"line":14,"column":37}},"2":{"start":{"line":16,"column":8},"end":{"line":16,"column":43}},"3":{"start":{"line":18,"column":8},"end":{"line":18,"column":83}},"4":{"start":{"line":20,"column":8},"end":{"line":20,"column":77}},"5":{"start":{"line":22,"column":8},"end":{"line":22,"column":98}},"6":{"start":{"line":22,"column":50},"end":{"line":22,"column":98}},"7":{"start":{"line":26,"column":0},"end":{"line":26,"column":26}}},"fnMap":{"0":{"name":"(anonymous_0)","decl":{"start":{"line":3,"column":4},"end":{"line":3,"column":5}},"loc":{"start":{"line":11,"column":4},"end":{"line":23,"column":5}},"line":11}},"branchMap":{"0":{"loc":{"start":{"line":5,"column":8},"end":{"line":5,"column":41}},"type":"default-arg","locations":[{"start":{"line":5,"column":18},"end":{"line":5,"column":41}}],"line":5},"1":{"loc":{"start":{"line":6,"column":8},"end":{"line":9,"column":14}},"type":"default-arg","locations":[{"start":{"line":9,"column":12},"end":{"line":9,"column":14}}],"line":6},"2":{"loc":{"start":{"line":7,"column":12},"end":{"line":7,"column":28}},"type":"default-arg","locations":[{"start":{"line":7,"column":25},"end":{"line":7,"column":28}}],"line":7},"3":{"loc":{"start":{"line":7,"column":30},"end":{"line":7,"column":50}},"type":"default-arg","locations":[{"start":{"line":7,"column":46},"end":{"line":7,"column":50}}],"line":7},"4":{"loc":{"start":{"line":8,"column":12},"end":{"line":8,"column":31}},"type":"default-arg","locations":[{"start":{"line":8,"column":22},"end":{"line":8,"column":31}}],"line":8},"5":{"loc":{"start":{"line":8,"column":33},"end":{"line":8,"column":49}},"type":"default-arg","locations":[{"start":{"line":8,"column":40},"end":{"line":8,"column":49}}],"line":8},"6":{"loc":{"start":{"line":18,"column":23},"end":{"line":18,"column":82}},"type":"cond-expr","locations":[{"start":{"line":18,"column":63},"end":{"line":18,"column":70}},{"start":{"line":18,"column":73},"end":{"line":18,"column":82}}],"line":18},"7":{"loc":{"start":{"line":20,"column":20},"end":{"line":20,"column":76}},"type":"cond-expr","locations":[{"start":{"line":20,"column":60},"end":{"line":20,"column":64}},{"start":{"line":20,"column":67},"end":{"line":20,"column":76}}],"line":20},"8":{"loc":{"start":{"line":22,"column":8},"end":{"line":22,"column":98}},"type":"if","locations":[{"start":{"line":22,"column":8},"end":{"line":22,"column":98}},{"start":{},"end":{}}],"line":22}},"s":{"0":40,"1":40,"2":40,"3":40,"4":40,"5":40,"6":40,"7":5},"f":{"0":40},"b":{"0":[0],"1":[0],"2":[0],"3":[40],"4":[40],"5":[40],"6":[40,0],"7":[40,0],"8":[40,0]},"_coverageSchema":"1a1c01bbd47fc00a2c39e90264f33305004495a9","hash":"07572a2e533b958744009e352d981f56607961c8"}
,"\\\\ckik-pdc\\Diakok\\2021_B\\farkas.mate\\.VIZSGAREMEK\\Delibab_Foglalo\\Delibab_Foglalo\\Backend\\api\\errors\\BadRequestError.js": {"path":"\\\\ckik-pdc\\Diakok\\2021_B\\farkas.mate\\.VIZSGAREMEK\\Delibab_Foglalo\\Delibab_Foglalo\\Backend\\api\\errors\\BadRequestError.js","statementMap":{"0":{"start":{"line":1,"column":17},"end":{"line":1,"column":38}},"1":{"start":{"line":7,"column":8},"end":{"line":7,"column":56}},"2":{"start":{"line":11,"column":0},"end":{"line":11,"column":33}}},"fnMap":{"0":{"name":"(anonymous_0)","decl":{"start":{"line":5,"column":4},"end":{"line":5,"column":5}},"loc":{"start":{"line":6,"column":4},"end":{"line":8,"column":5}},"line":6}},"branchMap":{"0":{"loc":{"start":{"line":5,"column":16},"end":{"line":5,"column":39}},"type":"default-arg","locations":[{"start":{"line":5,"column":26},"end":{"line":5,"column":39}}],"line":5},"1":{"loc":{"start":{"line":5,"column":41},"end":{"line":5,"column":53}},"type":"default-arg","locations":[{"start":{"line":5,"column":51},"end":{"line":5,"column":53}}],"line":5}},"s":{"0":5,"1":23,"2":5},"f":{"0":23},"b":{"0":[0],"1":[23]},"_coverageSchema":"1a1c01bbd47fc00a2c39e90264f33305004495a9","hash":"55e217f0400826d10fa6fe2f4b2745345330d39f"}
,"\\\\ckik-pdc\\Diakok\\2021_B\\farkas.mate\\.VIZSGAREMEK\\Delibab_Foglalo\\Delibab_Foglalo\\Backend\\api\\errors\\DbError.js": {"path":"\\\\ckik-pdc\\Diakok\\2021_B\\farkas.mate\\.VIZSGAREMEK\\Delibab_Foglalo\\Delibab_Foglalo\\Backend\\api\\errors\\DbError.js","statementMap":{"0":{"start":{"line":1,"column":17},"end":{"line":1,"column":38}},"1":{"start":{"line":7,"column":8},"end":{"line":7,"column":79}},"2":{"start":{"line":11,"column":0},"end":{"line":11,"column":25}}},"fnMap":{"0":{"name":"(anonymous_0)","decl":{"start":{"line":5,"column":4},"end":{"line":5,"column":5}},"loc":{"start":{"line":6,"column":4},"end":{"line":8,"column":5}},"line":6}},"branchMap":{"0":{"loc":{"start":{"line":5,"column":16},"end":{"line":5,"column":61}},"type":"default-arg","locations":[{"start":{"line":5,"column":26},"end":{"line":5,"column":61}}],"line":5},"1":{"loc":{"start":{"line":5,"column":63},"end":{"line":5,"column":75}},"type":"default-arg","locations":[{"start":{"line":5,"column":73},"end":{"line":5,"column":75}}],"line":5}},"s":{"0":5,"1":0,"2":5},"f":{"0":0},"b":{"0":[0],"1":[0]},"_coverageSchema":"1a1c01bbd47fc00a2c39e90264f33305004495a9","hash":"8e8ad8d2fb9a11bfa9306bc06cb0c99f7c6ea14c"}
,"\\\\ckik-pdc\\Diakok\\2021_B\\farkas.mate\\.VIZSGAREMEK\\Delibab_Foglalo\\Delibab_Foglalo\\Backend\\api\\errors\\NotFoundError.js": {"path":"\\\\ckik-pdc\\Diakok\\2021_B\\farkas.mate\\.VIZSGAREMEK\\Delibab_Foglalo\\Delibab_Foglalo\\Backend\\api\\errors\\NotFoundError.js","statementMap":{"0":{"start":{"line":1,"column":17},"end":{"line":1,"column":38}},"1":{"start":{"line":7,"column":8},"end":{"line":7,"column":57}},"2":{"start":{"line":11,"column":0},"end":{"line":11,"column":31}}},"fnMap":{"0":{"name":"(anonymous_0)","decl":{"start":{"line":5,"column":4},"end":{"line":5,"column":5}},"loc":{"start":{"line":6,"column":4},"end":{"line":8,"column":5}},"line":6}},"branchMap":{"0":{"loc":{"start":{"line":5,"column":16},"end":{"line":5,"column":67}},"type":"default-arg","locations":[{"start":{"line":5,"column":26},"end":{"line":5,"column":67}}],"line":5},"1":{"loc":{"start":{"line":5,"column":69},"end":{"line":5,"column":81}},"type":"default-arg","locations":[{"start":{"line":5,"column":79},"end":{"line":5,"column":81}}],"line":5}},"s":{"0":5,"1":17,"2":5},"f":{"0":17},"b":{"0":[0],"1":[17]},"_coverageSchema":"1a1c01bbd47fc00a2c39e90264f33305004495a9","hash":"5832dac3a37e33793e70d23f9dbe97375a7d2998"}
,"\\\\ckik-pdc\\Diakok\\2021_B\\farkas.mate\\.VIZSGAREMEK\\Delibab_Foglalo\\Delibab_Foglalo\\Backend\\api\\errors\\UnauthorizedError.js": {"path":"\\\\ckik-pdc\\Diakok\\2021_B\\farkas.mate\\.VIZSGAREMEK\\Delibab_Foglalo\\Delibab_Foglalo\\Backend\\api\\errors\\UnauthorizedError.js","statementMap":{"0":{"start":{"line":1,"column":17},"end":{"line":1,"column":38}},"1":{"start":{"line":7,"column":8},"end":{"line":7,"column":56}},"2":{"start":{"line":11,"column":0},"end":{"line":11,"column":35}}},"fnMap":{"0":{"name":"(anonymous_0)","decl":{"start":{"line":5,"column":4},"end":{"line":5,"column":5}},"loc":{"start":{"line":6,"column":4},"end":{"line":8,"column":5}},"line":6}},"branchMap":{"0":{"loc":{"start":{"line":5,"column":16},"end":{"line":5,"column":46}},"type":"default-arg","locations":[{"start":{"line":5,"column":26},"end":{"line":5,"column":46}}],"line":5},"1":{"loc":{"start":{"line":5,"column":48},"end":{"line":5,"column":60}},"type":"default-arg","locations":[{"start":{"line":5,"column":58},"end":{"line":5,"column":60}}],"line":5}},"s":{"0":5,"1":0,"2":5},"f":{"0":0},"b":{"0":[0],"1":[0]},"_coverageSchema":"1a1c01bbd47fc00a2c39e90264f33305004495a9","hash":"090345149fcfb7a4eab23b59561e51973d116bf4"}
,"\\\\ckik-pdc\\Diakok\\2021_B\\farkas.mate\\.VIZSGAREMEK\\Delibab_Foglalo\\Delibab_Foglalo\\Backend\\api\\errors\\index.js": {"path":"\\\\ckik-pdc\\Diakok\\2021_B\\farkas.mate\\.VIZSGAREMEK\\Delibab_Foglalo\\Delibab_Foglalo\\Backend\\api\\errors\\index.js","statementMap":{"0":{"start":{"line":1,"column":0},"end":{"line":8,"column":1}}},"fnMap":{},"branchMap":{},"s":{"0":5},"f":{},"b":{},"_coverageSchema":"1a1c01bbd47fc00a2c39e90264f33305004495a9","hash":"6d4de4300176d55c71926e478968ac4592064fbb"}
,"\\\\ckik-pdc\\Diakok\\2021_B\\farkas.mate\\.VIZSGAREMEK\\Delibab_Foglalo\\Delibab_Foglalo\\Backend\\api\\middlewares\\errorHandler.js": {"path":"\\\\ckik-pdc\\Diakok\\2021_B\\farkas.mate\\.VIZSGAREMEK\\Delibab_Foglalo\\Delibab_Foglalo\\Backend\\api\\middlewares\\errorHandler.js","statementMap":{"0":{"start":{"line":1,"column":36},"end":{"line":1,"column":56}},"1":{"start":{"line":5,"column":4},"end":{"line":5,"column":65}},"2":{"start":{"line":10,"column":4},"end":{"line":17,"column":5}},"3":{"start":{"line":11,"column":8},"end":{"line":16,"column":11}},"4":{"start":{"line":19,"column":4},"end":{"line":24,"column":5}},"5":{"start":{"line":20,"column":8},"end":{"line":23,"column":11}},"6":{"start":{"line":26,"column":4},"end":{"line":29,"column":7}},"7":{"start":{"line":32,"column":0},"end":{"line":32,"column":46}}},"fnMap":{"0":{"name":"notFoundError","decl":{"start":{"line":3,"column":9},"end":{"line":3,"column":22}},"loc":{"start":{"line":4,"column":0},"end":{"line":6,"column":1}},"line":4},"1":{"name":"showError","decl":{"start":{"line":8,"column":9},"end":{"line":8,"column":18}},"loc":{"start":{"line":9,"column":0},"end":{"line":30,"column":1}},"line":9}},"branchMap":{"0":{"loc":{"start":{"line":10,"column":4},"end":{"line":17,"column":5}},"type":"if","locations":[{"start":{"line":10,"column":4},"end":{"line":17,"column":5}},{"start":{},"end":{}}],"line":10},"1":{"loc":{"start":{"line":14,"column":16},"end":{"line":14,"column":59}},"type":"binary-expr","locations":[{"start":{"line":14,"column":16},"end":{"line":14,"column":29}},{"start":{"line":14,"column":33},"end":{"line":14,"column":59}}],"line":14},"2":{"loc":{"start":{"line":15,"column":16},"end":{"line":15,"column":50}},"type":"binary-expr","locations":[{"start":{"line":15,"column":16},"end":{"line":15,"column":26}},{"start":{"line":15,"column":30},"end":{"line":15,"column":50}}],"line":15},"3":{"loc":{"start":{"line":19,"column":4},"end":{"line":24,"column":5}},"type":"if","locations":[{"start":{"line":19,"column":4},"end":{"line":24,"column":5}},{"start":{},"end":{}}],"line":19},"4":{"loc":{"start":{"line":22,"column":17},"end":{"line":22,"column":57}},"type":"binary-expr","locations":[{"start":{"line":22,"column":17},"end":{"line":22,"column":30}},{"start":{"line":22,"column":34},"end":{"line":22,"column":57}}],"line":22},"5":{"loc":{"start":{"line":28,"column":13},"end":{"line":28,"column":53}},"type":"binary-expr","locations":[{"start":{"line":28,"column":13},"end":{"line":28,"column":26}},{"start":{"line":28,"column":30},"end":{"line":28,"column":53}}],"line":28}},"s":{"0":5,"1":0,"2":40,"3":40,"4":0,"5":0,"6":0,"7":5},"f":{"0":0,"1":40},"b":{"0":[40,0],"1":[40,0],"2":[40,0],"3":[0,0],"4":[0,0],"5":[0,0]},"_coverageSchema":"1a1c01bbd47fc00a2c39e90264f33305004495a9","hash":"4a5ad7f6b17c118899ceeb887067c43302d4d286"}
,"\\\\ckik-pdc\\Diakok\\2021_B\\farkas.mate\\.VIZSGAREMEK\\Delibab_Foglalo\\Delibab_Foglalo\\Backend\\api\\models\\Asztal.js": {"path":"\\\\ckik-pdc\\Diakok\\2021_B\\farkas.mate\\.VIZSGAREMEK\\Delibab_Foglalo\\Delibab_Foglalo\\Backend\\api\\models\\Asztal.js","statementMap":{"0":{"start":{"line":1,"column":27},"end":{"line":1,"column":47}},"1":{"start":{"line":3,"column":0},"end":{"line":29,"column":1}},"2":{"start":{"line":6,"column":4},"end":{"line":27,"column":6}},"3":{"start":{"line":28,"column":4},"end":{"line":28,"column":18}}},"fnMap":{"0":{"name":"(anonymous_0)","decl":{"start":{"line":3,"column":17},"end":{"line":3,"column":18}},"loc":{"start":{"line":3,"column":32},"end":{"line":29,"column":1}},"line":3}},"branchMap":{},"s":{"0":5,"1":5,"2":5,"3":5},"f":{"0":5},"b":{},"_coverageSchema":"1a1c01bbd47fc00a2c39e90264f33305004495a9","hash":"138fb2ed7a032c62a53569609d92d138d4ef7556"}
,"\\\\ckik-pdc\\Diakok\\2021_B\\farkas.mate\\.VIZSGAREMEK\\Delibab_Foglalo\\Delibab_Foglalo\\Backend\\api\\models\\Felhasznalo.js": {"path":"\\\\ckik-pdc\\Diakok\\2021_B\\farkas.mate\\.VIZSGAREMEK\\Delibab_Foglalo\\Delibab_Foglalo\\Backend\\api\\models\\Felhasznalo.js","statementMap":{"0":{"start":{"line":1,"column":27},"end":{"line":1,"column":47}},"1":{"start":{"line":3,"column":0},"end":{"line":50,"column":1}},"2":{"start":{"line":6,"column":4},"end":{"line":48,"column":6}},"3":{"start":{"line":49,"column":4},"end":{"line":49,"column":23}}},"fnMap":{"0":{"name":"(anonymous_0)","decl":{"start":{"line":3,"column":17},"end":{"line":3,"column":18}},"loc":{"start":{"line":3,"column":32},"end":{"line":50,"column":1}},"line":3}},"branchMap":{},"s":{"0":5,"1":5,"2":5,"3":5},"f":{"0":5},"b":{},"_coverageSchema":"1a1c01bbd47fc00a2c39e90264f33305004495a9","hash":"0005a241708859a07abd5a5b9c2619be7d18eed9"}
,"\\\\ckik-pdc\\Diakok\\2021_B\\farkas.mate\\.VIZSGAREMEK\\Delibab_Foglalo\\Delibab_Foglalo\\Backend\\api\\models\\Foglalas.js": {"path":"\\\\ckik-pdc\\Diakok\\2021_B\\farkas.mate\\.VIZSGAREMEK\\Delibab_Foglalo\\Delibab_Foglalo\\Backend\\api\\models\\Foglalas.js","statementMap":{"0":{"start":{"line":1,"column":27},"end":{"line":1,"column":47}},"1":{"start":{"line":3,"column":0},"end":{"line":44,"column":1}},"2":{"start":{"line":6,"column":5},"end":{"line":42,"column":6}},"3":{"start":{"line":43,"column":4},"end":{"line":43,"column":20}}},"fnMap":{"0":{"name":"(anonymous_0)","decl":{"start":{"line":3,"column":17},"end":{"line":3,"column":18}},"loc":{"start":{"line":3,"column":32},"end":{"line":44,"column":1}},"line":3}},"branchMap":{},"s":{"0":5,"1":5,"2":5,"3":5},"f":{"0":5},"b":{},"_coverageSchema":"1a1c01bbd47fc00a2c39e90264f33305004495a9","hash":"afc3ec546e718aeaec6230dbac4b090617c2ae86"}
,"\\\\ckik-pdc\\Diakok\\2021_B\\farkas.mate\\.VIZSGAREMEK\\Delibab_Foglalo\\Delibab_Foglalo\\Backend\\api\\models\\FoglalasiAdatok.js": {"path":"\\\\ckik-pdc\\Diakok\\2021_B\\farkas.mate\\.VIZSGAREMEK\\Delibab_Foglalo\\Delibab_Foglalo\\Backend\\api\\models\\FoglalasiAdatok.js","statementMap":{"0":{"start":{"line":1,"column":27},"end":{"line":1,"column":47}},"1":{"start":{"line":3,"column":0},"end":{"line":41,"column":1}},"2":{"start":{"line":6,"column":4},"end":{"line":39,"column":6}},"3":{"start":{"line":40,"column":4},"end":{"line":40,"column":27}}},"fnMap":{"0":{"name":"(anonymous_0)","decl":{"start":{"line":3,"column":17},"end":{"line":3,"column":18}},"loc":{"start":{"line":3,"column":32},"end":{"line":41,"column":1}},"line":3}},"branchMap":{},"s":{"0":5,"1":5,"2":5,"3":5},"f":{"0":5},"b":{},"_coverageSchema":"1a1c01bbd47fc00a2c39e90264f33305004495a9","hash":"2fb66be03233460b17fa5b57ba7d1648c07bebd1"}
,"\\\\ckik-pdc\\Diakok\\2021_B\\farkas.mate\\.VIZSGAREMEK\\Delibab_Foglalo\\Delibab_Foglalo\\Backend\\api\\models\\Idopont.js": {"path":"\\\\ckik-pdc\\Diakok\\2021_B\\farkas.mate\\.VIZSGAREMEK\\Delibab_Foglalo\\Delibab_Foglalo\\Backend\\api\\models\\Idopont.js","statementMap":{"0":{"start":{"line":1,"column":27},"end":{"line":1,"column":47}},"1":{"start":{"line":3,"column":0},"end":{"line":33,"column":1}},"2":{"start":{"line":6,"column":4},"end":{"line":31,"column":6}},"3":{"start":{"line":32,"column":4},"end":{"line":32,"column":19}}},"fnMap":{"0":{"name":"(anonymous_0)","decl":{"start":{"line":3,"column":17},"end":{"line":3,"column":18}},"loc":{"start":{"line":3,"column":32},"end":{"line":33,"column":1}},"line":3}},"branchMap":{},"s":{"0":5,"1":5,"2":5,"3":5},"f":{"0":5},"b":{},"_coverageSchema":"1a1c01bbd47fc00a2c39e90264f33305004495a9","hash":"ddf0cde7e1ef0bf68d0f2213c50ca9a715890cad"}
,"\\\\ckik-pdc\\Diakok\\2021_B\\farkas.mate\\.VIZSGAREMEK\\Delibab_Foglalo\\Delibab_Foglalo\\Backend\\api\\models\\index.js": {"path":"\\\\ckik-pdc\\Diakok\\2021_B\\farkas.mate\\.VIZSGAREMEK\\Delibab_Foglalo\\Delibab_Foglalo\\Backend\\api\\models\\index.js","statementMap":{"0":{"start":{"line":3,"column":0},"end":{"line":30,"column":1}},"1":{"start":{"line":4,"column":19},"end":{"line":4,"column":49}},"2":{"start":{"line":5,"column":24},"end":{"line":5,"column":59}},"3":{"start":{"line":6,"column":21},"end":{"line":6,"column":53}},"4":{"start":{"line":7,"column":28},"end":{"line":7,"column":67}},"5":{"start":{"line":8,"column":20},"end":{"line":8,"column":51}},"6":{"start":{"line":11,"column":4},"end":{"line":11,"column":61}},"7":{"start":{"line":12,"column":4},"end":{"line":12,"column":63}},"8":{"start":{"line":14,"column":4},"end":{"line":14,"column":58}},"9":{"start":{"line":15,"column":4},"end":{"line":15,"column":60}},"10":{"start":{"line":17,"column":4},"end":{"line":17,"column":29}},"11":{"start":{"line":18,"column":4},"end":{"line":18,"column":32}},"12":{"start":{"line":20,"column":4},"end":{"line":20,"column":36}},"13":{"start":{"line":21,"column":4},"end":{"line":21,"column":39}},"14":{"start":{"line":23,"column":4},"end":{"line":29,"column":6}}},"fnMap":{"0":{"name":"(anonymous_0)","decl":{"start":{"line":3,"column":17},"end":{"line":3,"column":18}},"loc":{"start":{"line":3,"column":32},"end":{"line":30,"column":1}},"line":3}},"branchMap":{},"s":{"0":5,"1":5,"2":5,"3":5,"4":5,"5":5,"6":5,"7":5,"8":5,"9":5,"10":5,"11":5,"12":5,"13":5,"14":5},"f":{"0":5},"b":{},"_coverageSchema":"1a1c01bbd47fc00a2c39e90264f33305004495a9","hash":"09f3dd245e05ce595a34145b1262a21c78d87ed9"}
,"\\\\ckik-pdc\\Diakok\\2021_B\\farkas.mate\\.VIZSGAREMEK\\Delibab_Foglalo\\Delibab_Foglalo\\Backend\\api\\repositories\\AsztalRepository.js": {"path":"\\\\ckik-pdc\\Diakok\\2021_B\\farkas.mate\\.VIZSGAREMEK\\Delibab_Foglalo\\Delibab_Foglalo\\Backend\\api\\repositories\\AsztalRepository.js","statementMap":{"0":{"start":{"line":3,"column":8},"end":{"line":3,"column":32}},"1":{"start":{"line":4,"column":8},"end":{"line":4,"column":36}},"2":{"start":{"line":8,"column":8},"end":{"line":10,"column":11}},"3":{"start":{"line":14,"column":8},"end":{"line":16,"column":11}},"4":{"start":{"line":20,"column":8},"end":{"line":22,"column":11}},"5":{"start":{"line":26,"column":8},"end":{"line":29,"column":11}},"6":{"start":{"line":30,"column":8},"end":{"line":30,"column":53}},"7":{"start":{"line":34,"column":24},"end":{"line":37,"column":10}},"8":{"start":{"line":38,"column":8},"end":{"line":38,"column":27}},"9":{"start":{"line":42,"column":23},"end":{"line":42,"column":43}},"10":{"start":{"line":44,"column":32},"end":{"line":49,"column":10}},"11":{"start":{"line":51,"column":33},"end":{"line":51,"column":70}},"12":{"start":{"line":51,"column":58},"end":{"line":51,"column":69}},"13":{"start":{"line":52,"column":31},"end":{"line":54,"column":9}},"14":{"start":{"line":56,"column":8},"end":{"line":58,"column":9}},"15":{"start":{"line":57,"column":12},"end":{"line":57,"column":65}},"16":{"start":{"line":60,"column":8},"end":{"line":63,"column":11}},"17":{"start":{"line":67,"column":0},"end":{"line":67,"column":34}}},"fnMap":{"0":{"name":"(anonymous_0)","decl":{"start":{"line":2,"column":4},"end":{"line":2,"column":5}},"loc":{"start":{"line":2,"column":20},"end":{"line":5,"column":5}},"line":2},"1":{"name":"(anonymous_1)","decl":{"start":{"line":7,"column":4},"end":{"line":7,"column":5}},"loc":{"start":{"line":7,"column":34},"end":{"line":11,"column":5}},"line":7},"2":{"name":"(anonymous_2)","decl":{"start":{"line":13,"column":4},"end":{"line":13,"column":5}},"loc":{"start":{"line":13,"column":43},"end":{"line":17,"column":5}},"line":13},"3":{"name":"(anonymous_3)","decl":{"start":{"line":19,"column":4},"end":{"line":19,"column":5}},"loc":{"start":{"line":19,"column":42},"end":{"line":23,"column":5}},"line":19},"4":{"name":"(anonymous_4)","decl":{"start":{"line":25,"column":4},"end":{"line":25,"column":5}},"loc":{"start":{"line":25,"column":47},"end":{"line":31,"column":5}},"line":25},"5":{"name":"(anonymous_5)","decl":{"start":{"line":33,"column":4},"end":{"line":33,"column":5}},"loc":{"start":{"line":33,"column":41},"end":{"line":39,"column":5}},"line":33},"6":{"name":"(anonymous_6)","decl":{"start":{"line":41,"column":4},"end":{"line":41,"column":5}},"loc":{"start":{"line":41,"column":71},"end":{"line":64,"column":5}},"line":41},"7":{"name":"(anonymous_7)","decl":{"start":{"line":51,"column":53},"end":{"line":51,"column":54}},"loc":{"start":{"line":51,"column":58},"end":{"line":51,"column":69}},"line":51}},"branchMap":{"0":{"loc":{"start":{"line":7,"column":20},"end":{"line":7,"column":32}},"type":"default-arg","locations":[{"start":{"line":7,"column":30},"end":{"line":7,"column":32}}],"line":7},"1":{"loc":{"start":{"line":13,"column":29},"end":{"line":13,"column":41}},"type":"default-arg","locations":[{"start":{"line":13,"column":39},"end":{"line":13,"column":41}}],"line":13},"2":{"loc":{"start":{"line":19,"column":28},"end":{"line":19,"column":40}},"type":"default-arg","locations":[{"start":{"line":19,"column":38},"end":{"line":19,"column":40}}],"line":19},"3":{"loc":{"start":{"line":25,"column":33},"end":{"line":25,"column":45}},"type":"default-arg","locations":[{"start":{"line":25,"column":43},"end":{"line":25,"column":45}}],"line":25},"4":{"loc":{"start":{"line":33,"column":27},"end":{"line":33,"column":39}},"type":"default-arg","locations":[{"start":{"line":33,"column":37},"end":{"line":33,"column":39}}],"line":33},"5":{"loc":{"start":{"line":41,"column":57},"end":{"line":41,"column":69}},"type":"default-arg","locations":[{"start":{"line":41,"column":67},"end":{"line":41,"column":69}}],"line":41},"6":{"loc":{"start":{"line":53,"column":38},"end":{"line":53,"column":54}},"type":"binary-expr","locations":[{"start":{"line":53,"column":38},"end":{"line":53,"column":49}},{"start":{"line":53,"column":53},"end":{"line":53,"column":54}}],"line":53},"7":{"loc":{"start":{"line":56,"column":8},"end":{"line":58,"column":9}},"type":"if","locations":[{"start":{"line":56,"column":8},"end":{"line":58,"column":9}},{"start":{},"end":{}}],"line":56}},"s":{"0":200,"1":200,"2":1,"3":1,"4":11,"5":4,"6":4,"7":4,"8":4,"9":2,"10":2,"11":2,"12":0,"13":2,"14":2,"15":0,"16":2,"17":5},"f":{"0":200,"1":1,"2":1,"3":11,"4":4,"5":4,"6":2,"7":0},"b":{"0":[0],"1":[0],"2":[0],"3":[0],"4":[0],"5":[0],"6":[2,1],"7":[0,2]},"_coverageSchema":"1a1c01bbd47fc00a2c39e90264f33305004495a9","hash":"1d3adc8392da20ed40fad8ae211759117a002b2c"}
,"\\\\ckik-pdc\\Diakok\\2021_B\\farkas.mate\\.VIZSGAREMEK\\Delibab_Foglalo\\Delibab_Foglalo\\Backend\\api\\repositories\\FelhasznaloRepository.js": {"path":"\\\\ckik-pdc\\Diakok\\2021_B\\farkas.mate\\.VIZSGAREMEK\\Delibab_Foglalo\\Delibab_Foglalo\\Backend\\api\\repositories\\FelhasznaloRepository.js","statementMap":{"0":{"start":{"line":3,"column":8},"end":{"line":3,"column":42}},"1":{"start":{"line":4,"column":8},"end":{"line":4,"column":38}},"2":{"start":{"line":8,"column":8},"end":{"line":10,"column":11}},"3":{"start":{"line":14,"column":8},"end":{"line":16,"column":11}},"4":{"start":{"line":20,"column":8},"end":{"line":22,"column":11}},"5":{"start":{"line":26,"column":8},"end":{"line":29,"column":11}},"6":{"start":{"line":30,"column":8},"end":{"line":30,"column":51}},"7":{"start":{"line":34,"column":24},"end":{"line":37,"column":10}},"8":{"start":{"line":38,"column":8},"end":{"line":38,"column":27}},"9":{"start":{"line":42,"column":8},"end":{"line":47,"column":11}},"10":{"start":{"line":51,"column":32},"end":{"line":51,"column":73}},"11":{"start":{"line":52,"column":8},"end":{"line":57,"column":11}},"12":{"start":{"line":61,"column":8},"end":{"line":65,"column":11}},"13":{"start":{"line":69,"column":8},"end":{"line":81,"column":11}},"14":{"start":{"line":85,"column":8},"end":{"line":90,"column":11}},"15":{"start":{"line":94,"column":8},"end":{"line":105,"column":11}},"16":{"start":{"line":109,"column":0},"end":{"line":109,"column":39}}},"fnMap":{"0":{"name":"(anonymous_0)","decl":{"start":{"line":2,"column":4},"end":{"line":2,"column":5}},"loc":{"start":{"line":2,"column":20},"end":{"line":5,"column":5}},"line":2},"1":{"name":"(anonymous_1)","decl":{"start":{"line":7,"column":4},"end":{"line":7,"column":5}},"loc":{"start":{"line":7,"column":32},"end":{"line":11,"column":5}},"line":7},"2":{"name":"(anonymous_2)","decl":{"start":{"line":13,"column":4},"end":{"line":13,"column":5}},"loc":{"start":{"line":13,"column":40},"end":{"line":17,"column":5}},"line":13},"3":{"name":"(anonymous_3)","decl":{"start":{"line":19,"column":4},"end":{"line":19,"column":5}},"loc":{"start":{"line":19,"column":41},"end":{"line":23,"column":5}},"line":19},"4":{"name":"(anonymous_4)","decl":{"start":{"line":25,"column":4},"end":{"line":25,"column":5}},"loc":{"start":{"line":25,"column":45},"end":{"line":31,"column":5}},"line":25},"5":{"name":"(anonymous_5)","decl":{"start":{"line":33,"column":4},"end":{"line":33,"column":5}},"loc":{"start":{"line":33,"column":39},"end":{"line":39,"column":5}},"line":33},"6":{"name":"(anonymous_6)","decl":{"start":{"line":41,"column":4},"end":{"line":41,"column":5}},"loc":{"start":{"line":41,"column":46},"end":{"line":48,"column":5}},"line":41},"7":{"name":"(anonymous_7)","decl":{"start":{"line":50,"column":4},"end":{"line":50,"column":5}},"loc":{"start":{"line":50,"column":52},"end":{"line":58,"column":5}},"line":50},"8":{"name":"(anonymous_8)","decl":{"start":{"line":60,"column":4},"end":{"line":60,"column":5}},"loc":{"start":{"line":60,"column":43},"end":{"line":66,"column":5}},"line":60},"9":{"name":"(anonymous_9)","decl":{"start":{"line":68,"column":4},"end":{"line":68,"column":5}},"loc":{"start":{"line":68,"column":44},"end":{"line":82,"column":5}},"line":68},"10":{"name":"(anonymous_10)","decl":{"start":{"line":84,"column":4},"end":{"line":84,"column":5}},"loc":{"start":{"line":84,"column":64},"end":{"line":91,"column":5}},"line":84},"11":{"name":"(anonymous_11)","decl":{"start":{"line":93,"column":4},"end":{"line":93,"column":5}},"loc":{"start":{"line":93,"column":47},"end":{"line":106,"column":5}},"line":93}},"branchMap":{"0":{"loc":{"start":{"line":7,"column":18},"end":{"line":7,"column":30}},"type":"default-arg","locations":[{"start":{"line":7,"column":28},"end":{"line":7,"column":30}}],"line":7},"1":{"loc":{"start":{"line":13,"column":26},"end":{"line":13,"column":38}},"type":"default-arg","locations":[{"start":{"line":13,"column":36},"end":{"line":13,"column":38}}],"line":13},"2":{"loc":{"start":{"line":19,"column":27},"end":{"line":19,"column":39}},"type":"default-arg","locations":[{"start":{"line":19,"column":37},"end":{"line":19,"column":39}}],"line":19},"3":{"loc":{"start":{"line":25,"column":31},"end":{"line":25,"column":43}},"type":"default-arg","locations":[{"start":{"line":25,"column":41},"end":{"line":25,"column":43}}],"line":25},"4":{"loc":{"start":{"line":33,"column":25},"end":{"line":33,"column":37}},"type":"default-arg","locations":[{"start":{"line":33,"column":35},"end":{"line":33,"column":37}}],"line":33},"5":{"loc":{"start":{"line":41,"column":32},"end":{"line":41,"column":44}},"type":"default-arg","locations":[{"start":{"line":41,"column":42},"end":{"line":41,"column":44}}],"line":41},"6":{"loc":{"start":{"line":50,"column":38},"end":{"line":50,"column":50}},"type":"default-arg","locations":[{"start":{"line":50,"column":48},"end":{"line":50,"column":50}}],"line":50},"7":{"loc":{"start":{"line":60,"column":29},"end":{"line":60,"column":41}},"type":"default-arg","locations":[{"start":{"line":60,"column":39},"end":{"line":60,"column":41}}],"line":60},"8":{"loc":{"start":{"line":68,"column":30},"end":{"line":68,"column":42}},"type":"default-arg","locations":[{"start":{"line":68,"column":40},"end":{"line":68,"column":42}}],"line":68},"9":{"loc":{"start":{"line":84,"column":50},"end":{"line":84,"column":62}},"type":"default-arg","locations":[{"start":{"line":84,"column":60},"end":{"line":84,"column":62}}],"line":84},"10":{"loc":{"start":{"line":93,"column":22},"end":{"line":93,"column":31}},"type":"default-arg","locations":[{"start":{"line":93,"column":30},"end":{"line":93,"column":31}}],"line":93},"11":{"loc":{"start":{"line":93,"column":33},"end":{"line":93,"column":45}},"type":"default-arg","locations":[{"start":{"line":93,"column":43},"end":{"line":93,"column":45}}],"line":93}},"s":{"0":200,"1":200,"2":1,"3":11,"4":1,"5":4,"6":4,"7":3,"8":3,"9":2,"10":2,"11":2,"12":0,"13":0,"14":0,"15":0,"16":5},"f":{"0":200,"1":1,"2":11,"3":1,"4":4,"5":3,"6":2,"7":2,"8":0,"9":0,"10":0,"11":0},"b":{"0":[0],"1":[0],"2":[0],"3":[0],"4":[0],"5":[0],"6":[0],"7":[0],"8":[0],"9":[0],"10":[0],"11":[0]},"_coverageSchema":"1a1c01bbd47fc00a2c39e90264f33305004495a9","hash":"e49ee60a3e1bf22316d8844f08f31ef436c844a2"}
,"\\\\ckik-pdc\\Diakok\\2021_B\\farkas.mate\\.VIZSGAREMEK\\Delibab_Foglalo\\Delibab_Foglalo\\Backend\\api\\repositories\\FoglalasRepository.js": {"path":"\\\\ckik-pdc\\Diakok\\2021_B\\farkas.mate\\.VIZSGAREMEK\\Delibab_Foglalo\\Delibab_Foglalo\\Backend\\api\\repositories\\FoglalasRepository.js","statementMap":{"0":{"start":{"line":3,"column":8},"end":{"line":3,"column":36}},"1":{"start":{"line":4,"column":8},"end":{"line":4,"column":42}},"2":{"start":{"line":5,"column":8},"end":{"line":5,"column":32}},"3":{"start":{"line":9,"column":8},"end":{"line":21,"column":11}},"4":{"start":{"line":25,"column":8},"end":{"line":27,"column":11}},"5":{"start":{"line":31,"column":8},"end":{"line":43,"column":11}},"6":{"start":{"line":47,"column":8},"end":{"line":50,"column":11}},"7":{"start":{"line":51,"column":8},"end":{"line":51,"column":55}},"8":{"start":{"line":55,"column":24},"end":{"line":58,"column":10}},"9":{"start":{"line":59,"column":8},"end":{"line":59,"column":27}},"10":{"start":{"line":63,"column":23},"end":{"line":63,"column":43}},"11":{"start":{"line":65,"column":8},"end":{"line":76,"column":11}},"12":{"start":{"line":80,"column":23},"end":{"line":80,"column":43}},"13":{"start":{"line":82,"column":8},"end":{"line":100,"column":11}},"14":{"start":{"line":104,"column":8},"end":{"line":117,"column":11}},"15":{"start":{"line":121,"column":0},"end":{"line":121,"column":36}}},"fnMap":{"0":{"name":"(anonymous_0)","decl":{"start":{"line":2,"column":4},"end":{"line":2,"column":5}},"loc":{"start":{"line":2,"column":20},"end":{"line":6,"column":5}},"line":2},"1":{"name":"(anonymous_1)","decl":{"start":{"line":8,"column":4},"end":{"line":8,"column":5}},"loc":{"start":{"line":8,"column":36},"end":{"line":22,"column":5}},"line":8},"2":{"name":"(anonymous_2)","decl":{"start":{"line":24,"column":4},"end":{"line":24,"column":5}},"loc":{"start":{"line":24,"column":45},"end":{"line":28,"column":5}},"line":24},"3":{"name":"(anonymous_3)","decl":{"start":{"line":30,"column":4},"end":{"line":30,"column":5}},"loc":{"start":{"line":30,"column":44},"end":{"line":44,"column":5}},"line":30},"4":{"name":"(anonymous_4)","decl":{"start":{"line":46,"column":4},"end":{"line":46,"column":5}},"loc":{"start":{"line":46,"column":49},"end":{"line":52,"column":5}},"line":46},"5":{"name":"(anonymous_5)","decl":{"start":{"line":54,"column":4},"end":{"line":54,"column":5}},"loc":{"start":{"line":54,"column":43},"end":{"line":60,"column":5}},"line":54},"6":{"name":"(anonymous_6)","decl":{"start":{"line":62,"column":4},"end":{"line":62,"column":5}},"loc":{"start":{"line":62,"column":61},"end":{"line":77,"column":5}},"line":62},"7":{"name":"(anonymous_7)","decl":{"start":{"line":79,"column":4},"end":{"line":79,"column":5}},"loc":{"start":{"line":79,"column":50},"end":{"line":101,"column":5}},"line":79},"8":{"name":"(anonymous_8)","decl":{"start":{"line":103,"column":4},"end":{"line":103,"column":5}},"loc":{"start":{"line":103,"column":50},"end":{"line":118,"column":5}},"line":103}},"branchMap":{"0":{"loc":{"start":{"line":8,"column":22},"end":{"line":8,"column":34}},"type":"default-arg","locations":[{"start":{"line":8,"column":32},"end":{"line":8,"column":34}}],"line":8},"1":{"loc":{"start":{"line":24,"column":31},"end":{"line":24,"column":43}},"type":"default-arg","locations":[{"start":{"line":24,"column":41},"end":{"line":24,"column":43}}],"line":24},"2":{"loc":{"start":{"line":30,"column":30},"end":{"line":30,"column":42}},"type":"default-arg","locations":[{"start":{"line":30,"column":40},"end":{"line":30,"column":42}}],"line":30},"3":{"loc":{"start":{"line":46,"column":35},"end":{"line":46,"column":47}},"type":"default-arg","locations":[{"start":{"line":46,"column":45},"end":{"line":46,"column":47}}],"line":46},"4":{"loc":{"start":{"line":54,"column":29},"end":{"line":54,"column":41}},"type":"default-arg","locations":[{"start":{"line":54,"column":39},"end":{"line":54,"column":41}}],"line":54},"5":{"loc":{"start":{"line":62,"column":47},"end":{"line":62,"column":59}},"type":"default-arg","locations":[{"start":{"line":62,"column":57},"end":{"line":62,"column":59}}],"line":62},"6":{"loc":{"start":{"line":79,"column":36},"end":{"line":79,"column":48}},"type":"default-arg","locations":[{"start":{"line":79,"column":46},"end":{"line":79,"column":48}}],"line":79},"7":{"loc":{"start":{"line":103,"column":36},"end":{"line":103,"column":48}},"type":"default-arg","locations":[{"start":{"line":103,"column":46},"end":{"line":103,"column":48}}],"line":103}},"s":{"0":200,"1":200,"2":200,"3":1,"4":1,"5":6,"6":3,"7":3,"8":3,"9":3,"10":4,"11":4,"12":2,"13":2,"14":2,"15":5},"f":{"0":200,"1":1,"2":1,"3":6,"4":3,"5":3,"6":4,"7":2,"8":2},"b":{"0":[0],"1":[0],"2":[0],"3":[0],"4":[0],"5":[0],"6":[0],"7":[0]},"_coverageSchema":"1a1c01bbd47fc00a2c39e90264f33305004495a9","hash":"76583d433011c918b9bc835a03849deba7ba5dc2"}
,"\\\\ckik-pdc\\Diakok\\2021_B\\farkas.mate\\.VIZSGAREMEK\\Delibab_Foglalo\\Delibab_Foglalo\\Backend\\api\\repositories\\FoglalasiAdatokRepository.js": {"path":"\\\\ckik-pdc\\Diakok\\2021_B\\farkas.mate\\.VIZSGAREMEK\\Delibab_Foglalo\\Delibab_Foglalo\\Backend\\api\\repositories\\FoglalasiAdatokRepository.js","statementMap":{"0":{"start":{"line":3,"column":8},"end":{"line":3,"column":50}},"1":{"start":{"line":4,"column":8},"end":{"line":4,"column":36}},"2":{"start":{"line":8,"column":8},"end":{"line":14,"column":11}},"3":{"start":{"line":18,"column":8},"end":{"line":20,"column":11}},"4":{"start":{"line":24,"column":8},"end":{"line":30,"column":11}},"5":{"start":{"line":34,"column":8},"end":{"line":37,"column":11}},"6":{"start":{"line":38,"column":8},"end":{"line":38,"column":62}},"7":{"start":{"line":42,"column":24},"end":{"line":45,"column":10}},"8":{"start":{"line":46,"column":8},"end":{"line":46,"column":27}},"9":{"start":{"line":50,"column":0},"end":{"line":50,"column":43}}},"fnMap":{"0":{"name":"(anonymous_0)","decl":{"start":{"line":2,"column":4},"end":{"line":2,"column":5}},"loc":{"start":{"line":2,"column":20},"end":{"line":5,"column":5}},"line":2},"1":{"name":"(anonymous_1)","decl":{"start":{"line":7,"column":4},"end":{"line":7,"column":5}},"loc":{"start":{"line":7,"column":43},"end":{"line":15,"column":5}},"line":7},"2":{"name":"(anonymous_2)","decl":{"start":{"line":17,"column":4},"end":{"line":17,"column":5}},"loc":{"start":{"line":17,"column":52},"end":{"line":21,"column":5}},"line":17},"3":{"name":"(anonymous_3)","decl":{"start":{"line":23,"column":4},"end":{"line":23,"column":5}},"loc":{"start":{"line":23,"column":51},"end":{"line":31,"column":5}},"line":23},"4":{"name":"(anonymous_4)","decl":{"start":{"line":33,"column":4},"end":{"line":33,"column":5}},"loc":{"start":{"line":33,"column":56},"end":{"line":39,"column":5}},"line":33},"5":{"name":"(anonymous_5)","decl":{"start":{"line":41,"column":4},"end":{"line":41,"column":5}},"loc":{"start":{"line":41,"column":50},"end":{"line":47,"column":5}},"line":41}},"branchMap":{"0":{"loc":{"start":{"line":7,"column":29},"end":{"line":7,"column":41}},"type":"default-arg","locations":[{"start":{"line":7,"column":39},"end":{"line":7,"column":41}}],"line":7},"1":{"loc":{"start":{"line":17,"column":38},"end":{"line":17,"column":50}},"type":"default-arg","locations":[{"start":{"line":17,"column":48},"end":{"line":17,"column":50}}],"line":17},"2":{"loc":{"start":{"line":23,"column":37},"end":{"line":23,"column":49}},"type":"default-arg","locations":[{"start":{"line":23,"column":47},"end":{"line":23,"column":49}}],"line":23},"3":{"loc":{"start":{"line":33,"column":42},"end":{"line":33,"column":54}},"type":"default-arg","locations":[{"start":{"line":33,"column":52},"end":{"line":33,"column":54}}],"line":33},"4":{"loc":{"start":{"line":41,"column":36},"end":{"line":41,"column":48}},"type":"default-arg","locations":[{"start":{"line":41,"column":46},"end":{"line":41,"column":48}}],"line":41}},"s":{"0":200,"1":200,"2":1,"3":1,"4":8,"5":4,"6":4,"7":4,"8":4,"9":5},"f":{"0":200,"1":1,"2":1,"3":8,"4":4,"5":4},"b":{"0":[0],"1":[0],"2":[0],"3":[0],"4":[0]},"_coverageSchema":"1a1c01bbd47fc00a2c39e90264f33305004495a9","hash":"50b5384b648dc79f0dd552e2ce081b361a00980f"}
,"\\\\ckik-pdc\\Diakok\\2021_B\\farkas.mate\\.VIZSGAREMEK\\Delibab_Foglalo\\Delibab_Foglalo\\Backend\\api\\repositories\\IdopontRepository.js": {"path":"\\\\ckik-pdc\\Diakok\\2021_B\\farkas.mate\\.VIZSGAREMEK\\Delibab_Foglalo\\Delibab_Foglalo\\Backend\\api\\repositories\\IdopontRepository.js","statementMap":{"0":{"start":{"line":3,"column":8},"end":{"line":3,"column":34}},"1":{"start":{"line":7,"column":8},"end":{"line":9,"column":11}},"2":{"start":{"line":13,"column":8},"end":{"line":15,"column":11}},"3":{"start":{"line":19,"column":8},"end":{"line":21,"column":11}},"4":{"start":{"line":25,"column":8},"end":{"line":28,"column":11}},"5":{"start":{"line":29,"column":8},"end":{"line":29,"column":54}},"6":{"start":{"line":33,"column":24},"end":{"line":36,"column":10}},"7":{"start":{"line":37,"column":8},"end":{"line":37,"column":27}},"8":{"start":{"line":41,"column":0},"end":{"line":41,"column":35}}},"fnMap":{"0":{"name":"(anonymous_0)","decl":{"start":{"line":2,"column":4},"end":{"line":2,"column":5}},"loc":{"start":{"line":2,"column":20},"end":{"line":4,"column":5}},"line":2},"1":{"name":"(anonymous_1)","decl":{"start":{"line":6,"column":4},"end":{"line":6,"column":5}},"loc":{"start":{"line":6,"column":35},"end":{"line":10,"column":5}},"line":6},"2":{"name":"(anonymous_2)","decl":{"start":{"line":12,"column":4},"end":{"line":12,"column":5}},"loc":{"start":{"line":12,"column":44},"end":{"line":16,"column":5}},"line":12},"3":{"name":"(anonymous_3)","decl":{"start":{"line":18,"column":4},"end":{"line":18,"column":5}},"loc":{"start":{"line":18,"column":43},"end":{"line":22,"column":5}},"line":18},"4":{"name":"(anonymous_4)","decl":{"start":{"line":24,"column":4},"end":{"line":24,"column":5}},"loc":{"start":{"line":24,"column":48},"end":{"line":30,"column":5}},"line":24},"5":{"name":"(anonymous_5)","decl":{"start":{"line":32,"column":4},"end":{"line":32,"column":5}},"loc":{"start":{"line":32,"column":42},"end":{"line":38,"column":5}},"line":32}},"branchMap":{"0":{"loc":{"start":{"line":6,"column":21},"end":{"line":6,"column":33}},"type":"default-arg","locations":[{"start":{"line":6,"column":31},"end":{"line":6,"column":33}}],"line":6},"1":{"loc":{"start":{"line":12,"column":30},"end":{"line":12,"column":42}},"type":"default-arg","locations":[{"start":{"line":12,"column":40},"end":{"line":12,"column":42}}],"line":12},"2":{"loc":{"start":{"line":18,"column":29},"end":{"line":18,"column":41}},"type":"default-arg","locations":[{"start":{"line":18,"column":39},"end":{"line":18,"column":41}}],"line":18},"3":{"loc":{"start":{"line":24,"column":34},"end":{"line":24,"column":46}},"type":"default-arg","locations":[{"start":{"line":24,"column":44},"end":{"line":24,"column":46}}],"line":24},"4":{"loc":{"start":{"line":32,"column":28},"end":{"line":32,"column":40}},"type":"default-arg","locations":[{"start":{"line":32,"column":38},"end":{"line":32,"column":40}}],"line":32}},"s":{"0":200,"1":1,"2":1,"3":8,"4":4,"5":4,"6":4,"7":4,"8":5},"f":{"0":200,"1":1,"2":1,"3":8,"4":4,"5":4},"b":{"0":[0],"1":[0],"2":[0],"3":[0],"4":[0]},"_coverageSchema":"1a1c01bbd47fc00a2c39e90264f33305004495a9","hash":"7b992ccedd77e48f7e03b53d1c7fae538712687f"}
,"\\\\ckik-pdc\\Diakok\\2021_B\\farkas.mate\\.VIZSGAREMEK\\Delibab_Foglalo\\Delibab_Foglalo\\Backend\\api\\repositories\\index.js": {"path":"\\\\ckik-pdc\\Diakok\\2021_B\\farkas.mate\\.VIZSGAREMEK\\Delibab_Foglalo\\Delibab_Foglalo\\Backend\\api\\repositories\\index.js","statementMap":{"0":{"start":{"line":1,"column":30},"end":{"line":1,"column":64}},"1":{"start":{"line":2,"column":25},"end":{"line":2,"column":54}},"2":{"start":{"line":3,"column":27},"end":{"line":3,"column":58}},"3":{"start":{"line":4,"column":34},"end":{"line":4,"column":72}},"4":{"start":{"line":5,"column":26},"end":{"line":5,"column":56}},"5":{"start":{"line":7,"column":0},"end":{"line":21,"column":1}},"6":{"start":{"line":8,"column":27},"end":{"line":8,"column":56}},"7":{"start":{"line":9,"column":29},"end":{"line":9,"column":53}},"8":{"start":{"line":10,"column":31},"end":{"line":10,"column":57}},"9":{"start":{"line":11,"column":38},"end":{"line":11,"column":71}},"10":{"start":{"line":12,"column":30},"end":{"line":12,"column":55}},"11":{"start":{"line":14,"column":4},"end":{"line":20,"column":6}}},"fnMap":{"0":{"name":"(anonymous_0)","decl":{"start":{"line":7,"column":17},"end":{"line":7,"column":18}},"loc":{"start":{"line":7,"column":24},"end":{"line":21,"column":1}},"line":7}},"branchMap":{},"s":{"0":5,"1":5,"2":5,"3":5,"4":5,"5":5,"6":200,"7":200,"8":200,"9":200,"10":200,"11":200},"f":{"0":200},"b":{},"_coverageSchema":"1a1c01bbd47fc00a2c39e90264f33305004495a9","hash":"201ea6b5d36a41992641d73bc404d1e0d77d326a"}
[...]
column":79}},"26":{"start":{"line":52,"column":8},"end":{"line":52,"column":73}},"27":{"start":{"line":56,"column":8},"end":{"line":58,"column":9}},"28":{"start":{"line":57,"column":12},"end":{"line":57,"column":69}},"29":{"start":{"line":59,"column":8},"end":{"line":59,"column":91}},"30":{"start":{"line":63,"column":8},"end":{"line":65,"column":9}},"31":{"start":{"line":64,"column":12},"end":{"line":64,"column":56}},"32":{"start":{"line":66,"column":8},"end":{"line":66,"column":80}},"33":{"start":{"line":70,"column":8},"end":{"line":72,"column":9}},"34":{"start":{"line":71,"column":12},"end":{"line":71,"column":65}},"35":{"start":{"line":73,"column":8},"end":{"line":73,"column":80}},"36":{"start":{"line":77,"column":0},"end":{"line":77,"column":33}}},"fnMap":{"0":{"name":"(anonymous_0)","decl":{"start":{"line":4,"column":4},"end":{"line":4,"column":5}},"loc":{"start":{"line":4,"column":20},"end":{"line":8,"column":5}},"line":4},"1":{"name":"(anonymous_1)","decl":{"start":{"line":10,"column":4},"end":{"line":10,"column":5}},"loc":{"start":{"line":10,"column":36},"end":{"line":12,"column":5}},"line":10},"2":{"name":"(anonymous_2)","decl":{"start":{"line":14,"column":4},"end":{"line":14,"column":5}},"loc":{"start":{"line":14,"column":45},"end":{"line":41,"column":5}},"line":14},"3":{"name":"(anonymous_3)","decl":{"start":{"line":33,"column":52},"end":{"line":33,"column":53}},"loc":{"start":{"line":33,"column":64},"end":{"line":36,"column":9}},"line":33},"4":{"name":"(anonymous_4)","decl":{"start":{"line":43,"column":4},"end":{"line":43,"column":5}},"loc":{"start":{"line":43,"column":44},"end":{"line":45,"column":5}},"line":43},"5":{"name":"(anonymous_5)","decl":{"start":{"line":47,"column":4},"end":{"line":47,"column":5}},"loc":{"start":{"line":47,"column":49},"end":{"line":49,"column":5}},"line":47},"6":{"name":"(anonymous_6)","decl":{"start":{"line":51,"column":4},"end":{"line":51,"column":5}},"loc":{"start":{"line":51,"column":43},"end":{"line":53,"column":5}},"line":51},"7":{"name":"(anonymous_7)","decl":{"start":{"line":55,"column":4},"end":{"line":55,"column":5}},"loc":{"start":{"line":55,"column":61},"end":{"line":60,"column":5}},"line":55},"8":{"name":"(anonymous_8)","decl":{"start":{"line":62,"column":4},"end":{"line":62,"column":5}},"loc":{"start":{"line":62,"column":50},"end":{"line":67,"column":5}},"line":62},"9":{"name":"(anonymous_9)","decl":{"start":{"line":69,"column":4},"end":{"line":69,"column":5}},"loc":{"start":{"line":69,"column":50},"end":{"line":74,"column":5}},"line":69}},"branchMap":{"0":{"loc":{"start":{"line":10,"column":22},"end":{"line":10,"column":34}},"type":"default-arg","locations":[{"start":{"line":10,"column":32},"end":{"line":10,"column":34}}],"line":10},"1":{"loc":{"start":{"line":14,"column":31},"end":{"line":14,"column":43}},"type":"default-arg","locations":[{"start":{"line":14,"column":41},"end":{"line":14,"column":43}}],"line":14},"2":{"loc":{"start":{"line":15,"column":8},"end":{"line":17,"column":9}},"type":"if","locations":[{"start":{"line":15,"column":8},"end":{"line":17,"column":9}},{"start":{},"end":{}}],"line":15},"3":{"loc":{"start":{"line":15,"column":12},"end":{"line":15,"column":68}},"type":"binary-expr","locations":[{"start":{"line":15,"column":12},"end":{"line":15,"column":25}},{"start":{"line":15,"column":29},"end":{"line":15,"column":44}},{"start":{"line":15,"column":48},"end":{"line":15,"column":68}}],"line":15},"4":{"loc":{"start":{"line":20,"column":8},"end":{"line":20,"column":81}},"type":"if","locations":[{"start":{"line":20,"column":8},"end":{"line":20,"column":81}},{"start":{},"end":{}}],"line":20},"5":{"loc":{"start":{"line":23,"column":8},"end":{"line":23,"column":78}},"type":"if","locations":[{"start":{"line":23,"column":8},"end":{"line":23,"column":78}},{"start":{},"end":{}}],"line":23},"6":{"loc":{"start":{"line":26,"column":8},"end":{"line":28,"column":9}},"type":"if","locations":[{"start":{"line":26,"column":8},"end":{"line":28,"column":9}},{"start":{},"end":{}}],"line":26},"7":{"loc":{"start":{"line":26,"column":12},"end":{"line":26,"column":72}},"type":"binary-expr","locations":[{"start":{"line":26,"column":12},"end":{"line":26,"column":42}},{"start":{"line":26,"column":46},"end":{"line":26,"column":72}}],"line":26},"8":{"loc":{"start":{"line":38,"column":8},"end":{"line":38,"column":96}},"type":"if","locations":[{"start":{"line":38,"column":8},"end":{"line":38,"column":96}},{"start":{},"end":{}}],"line":38},"9":{"loc":{"start":{"line":43,"column":30},"end":{"line":43,"column":42}},"type":"default-arg","locations":[{"start":{"line":43,"column":40},"end":{"line":43,"column":42}}],"line":43},"10":{"loc":{"start":{"line":47,"column":35},"end":{"line":47,"column":47}},"type":"default-arg","locations":[{"start":{"line":47,"column":45},"end":{"line":47,"column":47}}],"line":47},"11":{"loc":{"start":{"line":51,"column":29},"end":{"line":51,"column":41}},"type":"default-arg","locations":[{"start":{"line":51,"column":39},"end":{"line":51,"column":41}}],"line":51},"12":{"loc":{"start":{"line":55,"column":47},"end":{"line":55,"column":59}},"type":"default-arg","locations":[{"start":{"line":55,"column":57},"end":{"line":55,"column":59}}],"line":55},"13":{"loc":{"start":{"line":56,"column":8},"end":{"line":58,"column":9}},"type":"if","locations":[{"start":{"line":56,"column":8},"end":{"line":58,"column":9}},{"start":{},"end":{}}],"line":56},"14":{"loc":{"start":{"line":56,"column":12},"end":{"line":56,"column":31}},"type":"binary-expr","locations":[{"start":{"line":56,"column":12},"end":{"line":56,"column":18}},{"start":{"line":56,"column":22},"end":{"line":56,"column":31}}],"line":56},"15":{"loc":{"start":{"line":62,"column":36},"end":{"line":62,"column":48}},"type":"default-arg","locations":[{"start":{"line":62,"column":46},"end":{"line":62,"column":48}}],"line":62},"16":{"loc":{"start":{"line":63,"column":8},"end":{"line":65,"column":9}},"type":"if","locations":[{"start":{"line":63,"column":8},"end":{"line":65,"column":9}},{"start":{},"end":{}}],"line":63},"17":{"loc":{"start":{"line":69,"column":36},"end":{"line":69,"column":48}},"type":"default-arg","locations":[{"start":{"line":69,"column":46},"end":{"line":69,"column":48}}],"line":69},"18":{"loc":{"start":{"line":70,"column":8},"end":{"line":72,"column":9}},"type":"if","locations":[{"start":{"line":70,"column":8},"end":{"line":72,"column":9}},{"start":{},"end":{}}],"line":70}},"s":{"0":5,"1":25,"2":25,"3":25,"4":1,"5":5,"6":1,"7":4,"8":4,"9":1,"10":3,"11":3,"12":1,"13":2,"14":2,"15":0,"16":2,"17":2,"18":2,"19":1,"20":1,"21":2,"22":1,"23":1,"24":3,"25":3,"26":3,"27":2,"28":0,"29":2,"30":3,"31":1,"32":2,"33":2,"34":0,"35":2,"36":5},"f":{"0":25,"1":1,"2":5,"3":1,"4":3,"5":3,"6":3,"7":2,"8":3,"9":2},"b":{"0":[1],"1":[0],"2":[1,4],"3":[5,5,4],"4":[1,3],"5":[1,2],"6":[0,2],"7":[2,2],"8":[1,1],"9":[3],"10":[0],"11":[0],"12":[2],"13":[0,2],"14":[2,2],"15":[3],"16":[1,2],"17":[2],"18":[0,2]},"_coverageSchema":"1a1c01bbd47fc00a2c39e90264f33305004495a9","hash":"ac8451db3a705ba82a7b32fd59bc9b93d29e279e"}
,"\\\\ckik-pdc\\Diakok\\2021_B\\farkas.mate\\.VIZSGAREMEK\\Delibab_Foglalo\\Delibab_Foglalo\\Backend\\api\\services\\FoglalasiAdatokService.js": {"path":"\\\\ckik-pdc\\Diakok\\2021_B\\farkas.mate\\.VIZSGAREMEK\\Delibab_Foglalo\\Delibab_Foglalo\\Backend\\api\\services\\FoglalasiAdatokService.js","statementMap":{"0":{"start":{"line":1,"column":43},"end":{"line":1,"column":63}},"1":{"start":{"line":5,"column":8},"end":{"line":5,"column":98}},"2":{"start":{"line":6,"column":8},"end":{"line":6,"column":84}},"3":{"start":{"line":10,"column":8},"end":{"line":10,"column":80}},"4":{"start":{"line":14,"column":8},"end":{"line":16,"column":9}},"5":{"start":{"line":15,"column":12},"end":{"line":15,"column":79}},"6":{"start":{"line":18,"column":8},"end":{"line":20,"column":9}},"7":{"start":{"line":19,"column":12},"end":{"line":19,"column":84}},"8":{"start":{"line":22,"column":8},"end":{"line":25,"column":9}},"9":{"start":{"line":23,"column":29},"end":{"line":23,"column":101}},"10":{"start":{"line":24,"column":12},"end":{"line":24,"column":86}},"11":{"start":{"line":24,"column":27},"end":{"line":24,"column":86}},"12":{"start":{"line":27,"column":8},"end":{"line":27,"column":89}},"13":{"start":{"line":31,"column":8},"end":{"line":31,"column":88}},"14":{"start":{"line":35,"column":8},"end":{"line":37,"column":9}},"15":{"start":{"line":36,"column":12},"end":{"line":36,"column":74}},"16":{"start":{"line":38,"column":8},"end":{"line":40,"column":9}},"17":{"start":{"line":39,"column":12},"end":{"line":39,"column":73}},"18":{"start":{"line":41,"column":8},"end":{"line":41,"column":93}},"19":{"start":{"line":45,"column":8},"end":{"line":45,"column":87}},"20":{"start":{"line":49,"column":0},"end":{"line":49,"column":40}}},"fnMap":{"0":{"name":"(anonymous_0)","decl":{"start":{"line":4,"column":4},"end":{"line":4,"column":5}},"loc":{"start":{"line":4,"column":20},"end":{"line":7,"column":5}},"line":4},"1":{"name":"(anonymous_1)","decl":{"start":{"line":9,"column":4},"end":{"line":9,"column":5}},"loc":{"start":{"line":9,"column":43},"end":{"line":11,"column":5}},"line":9},"2":{"name":"(anonymous_2)","decl":{"start":{"line":13,"column":4},"end":{"line":13,"column":5}},"loc":{"start":{"line":13,"column":52},"end":{"line":28,"column":5}},"line":13},"3":{"name":"(anonymous_3)","decl":{"start":{"line":30,"column":4},"end":{"line":30,"column":5}},"loc":{"start":{"line":30,"column":51},"end":{"line":32,"column":5}},"line":30},"4":{"name":"(anonymous_4)","decl":{"start":{"line":34,"column":4},"end":{"line":34,"column":5}},"loc":{"start":{"line":34,"column":56},"end":{"line":42,"column":5}},"line":34},"5":{"name":"(anonymous_5)","decl":{"start":{"line":44,"column":4},"end":{"line":44,"column":5}},"loc":{"start":{"line":44,"column":50},"end":{"line":46,"column":5}},"line":44}},"branchMap":{"0":{"loc":{"start":{"line":9,"column":29},"end":{"line":9,"column":41}},"type":"default-arg","locations":[{"start":{"line":9,"column":39},"end":{"line":9,"column":41}}],"line":9},"1":{"loc":{"start":{"line":13,"column":38},"end":{"line":13,"column":50}},"type":"default-arg","locations":[{"start":{"line":13,"column":48},"end":{"line":13,"column":50}}],"line":13},"2":{"loc":{"start":{"line":14,"column":8},"end":{"line":16,"column":9}},"type":"if","locations":[{"start":{"line":14,"column":8},"end":{"line":16,"column":9}},{"start":{},"end":{}}],"line":14},"3":{"loc":{"start":{"line":14,"column":12},"end":{"line":14,"column":91}},"type":"binary-expr","locations":[{"start":{"line":14,"column":12},"end":{"line":14,"column":32}},{"start":{"line":14,"column":36},"end":{"line":14,"column":62}},{"start":{"line":14,"column":66},"end":{"line":14,"column":91}}],"line":14},"4":{"loc":{"start":{"line":18,"column":8},"end":{"line":20,"column":9}},"type":"if","locations":[{"start":{"line":18,"column":8},"end":{"line":20,"column":9}},{"start":{},"end":{}}],"line":18},"5":{"loc":{"start":{"line":18,"column":12},"end":{"line":18,"column":47}},"type":"binary-expr","locations":[{"start":{"line":18,"column":12},"end":{"line":18,"column":28}},{"start":{"line":18,"column":32},"end":{"line":18,"column":47}}],"line":18},"6":{"loc":{"start":{"line":22,"column":8},"end":{"line":25,"column":9}},"type":"if","locations":[{"start":{"line":22,"column":8},"end":{"line":25,"column":9}},{"start":{},"end":{}}],"line":22},"7":{"loc":{"start":{"line":24,"column":12},"end":{"line":24,"column":86}},"type":"if","locations":[{"start":{"line":24,"column":12},"end":{"line":24,"column":86}},{"start":{},"end":{}}],"line":24},"8":{"loc":{"start":{"line":30,"column":37},"end":{"line":30,"column":49}},"type":"default-arg","locations":[{"start":{"line":30,"column":47},"end":{"line":30,"column":49}}],"line":30},"9":{"loc":{"start":{"line":34,"column":42},"end":{"line":34,"column":54}},"type":"default-arg","locations":[{"start":{"line":34,"column":52},"end":{"line":34,"column":54}}],"line":34},"10":{"loc":{"start":{"line":35,"column":8},"end":{"line":37,"column":9}},"type":"if","locations":[{"start":{"line":35,"column":8},"end":{"line":37,"column":9}},{"start":{},"end":{}}],"line":35},"11":{"loc":{"start":{"line":35,"column":12},"end":{"line":35,"column":58}},"type":"binary-expr","locations":[{"start":{"line":35,"column":12},"end":{"line":35,"column":38}},{"start":{"line":35,"column":42},"end":{"line":35,"column":58}}],"line":35},"12":{"loc":{"start":{"line":38,"column":8},"end":{"line":40,"column":9}},"type":"if","locations":[{"start":{"line":38,"column":8},"end":{"line":40,"column":9}},{"start":{},"end":{}}],"line":38},"13":{"loc":{"start":{"line":38,"column":12},"end":{"line":38,"column":56}},"type":"binary-expr","locations":[{"start":{"line":38,"column":12},"end":{"line":38,"column":37}},{"start":{"line":38,"column":41},"end":{"line":38,"column":56}}],"line":38},"14":{"loc":{"start":{"line":44,"column":36},"end":{"line":44,"column":48}},"type":"default-arg","locations":[{"start":{"line":44,"column":46},"end":{"line":44,"column":48}}],"line":44}},"s":{"0":5,"1":25,"2":25,"3":1,"4":5,"5":2,"6":3,"7":2,"8":1,"9":0,"10":0,"11":0,"12":1,"13":4,"14":6,"15":1,"16":5,"17":1,"18":4,"19":4,"20":5},"f":{"0":25,"1":1,"2":5,"3":4,"4":6,"5":4},"b":{"0":[1],"1":[0],"2":[2,3],"3":[5,4,3],"4":[2,1],"5":[3,2],"6":[0,1],"7":[0,0],"8":[4],"9":[0],"10":[1,5],"11":[6,4],"12":[1,4],"13":[5,3],"14":[0]},"_coverageSchema":"1a1c01bbd47fc00a2c39e90264f33305004495a9","hash":"3838f2871bbb906da3699731773cd96868d9d3b5"}
,"\\\\ckik-pdc\\Diakok\\2021_B\\farkas.mate\\.VIZSGAREMEK\\Delibab_Foglalo\\Delibab_Foglalo\\Backend\\api\\services\\IdopontService.js": {"path":"\\\\ckik-pdc\\Diakok\\2021_B\\farkas.mate\\.VIZSGAREMEK\\Delibab_Foglalo\\Delibab_Foglalo\\Backend\\api\\services\\IdopontService.js","statementMap":{"0":{"start":{"line":1,"column":28},"end":{"line":1,"column":48}},"1":{"start":{"line":5,"column":8},"end":{"line":5,"column":82}},"2":{"start":{"line":9,"column":8},"end":{"line":9,"column":64}},"3":{"start":{"line":13,"column":8},"end":{"line":15,"column":9}},"4":{"start":{"line":14,"column":12},"end":{"line":14,"column":79}},"5":{"start":{"line":17,"column":8},"end":{"line":19,"column":9}},"6":{"start":{"line":18,"column":12},"end":{"line":18,"column":69}},"7":{"start":{"line":21,"column":8},"end":{"line":21,"column":73}},"8":{"start":{"line":25,"column":8},"end":{"line":25,"column":72}},"9":{"start":{"line":29,"column":8},"end":{"line":31,"column":9}},"10":{"start":{"line":30,"column":12},"end":{"line":30,"column":107}},"11":{"start":{"line":32,"column":8},"end":{"line":32,"column":77}},"12":{"start":{"line":36,"column":8},"end":{"line":36,"column":71}},"13":{"start":{"line":40,"column":0},"end":{"line":40,"column":32}}},"fnMap":{"0":{"name":"(anonymous_0)","decl":{"start":{"line":4,"column":4},"end":{"line":4,"column":5}},"loc":{"start":{"line":4,"column":20},"end":{"line":6,"column":5}},"line":4},"1":{"name":"(anonymous_1)","decl":{"start":{"line":8,"column":4},"end":{"line":8,"column":5}},"loc":{"start":{"line":8,"column":35},"end":{"line":10,"column":5}},"line":8},"2":{"name":"(anonymous_2)","decl":{"start":{"line":12,"column":4},"end":{"line":12,"column":5}},"loc":{"start":{"line":12,"column":44},"end":{"line":22,"column":5}},"line":12},"3":{"name":"(anonymous_3)","decl":{"start":{"line":24,"column":4},"end":{"line":24,"column":5}},"loc":{"start":{"line":24,"column":43},"end":{"line":26,"column":5}},"line":24},"4":{"name":"(anonymous_4)","decl":{"start":{"line":28,"column":4},"end":{"line":28,"column":5}},"loc":{"start":{"line":28,"column":48},"end":{"line":33,"column":5}},"line":28},"5":{"name":"(anonymous_5)","decl":{"start":{"line":35,"column":4},"end":{"line":35,"column":5}},"loc":{"start":{"line":35,"column":42},"end":{"line":37,"column":5}},"line":35}},"branchMap":{"0":{"loc":{"start":{"line":8,"column":21},"end":{"line":8,"column":33}},"type":"default-arg","locations":[{"start":{"line":8,"column":31},"end":{"line":8,"column":33}}],"line":8},"1":{"loc":{"start":{"line":12,"column":30},"end":{"line":12,"column":42}},"type":"default-arg","locations":[{"start":{"line":12,"column":40},"end":{"line":12,"column":42}}],"line":12},"2":{"loc":{"start":{"line":13,"column":8},"end":{"line":15,"column":9}},"type":"if","locations":[{"start":{"line":13,"column":8},"end":{"line":15,"column":9}},{"start":{},"end":{}}],"line":13},"3":{"loc":{"start":{"line":13,"column":12},"end":{"line":13,"column":63}},"type":"binary-expr","locations":[{"start":{"line":13,"column":12},"end":{"line":13,"column":37}},{"start":{"line":13,"column":41},"end":{"line":13,"column":63}}],"line":13},"4":{"loc":{"start":{"line":17,"column":8},"end":{"line":19,"column":9}},"type":"if","locations":[{"start":{"line":17,"column":8},"end":{"line":19,"column":9}},{"start":{},"end":{}}],"line":17},"5":{"loc":{"start":{"line":17,"column":12},"end":{"line":17,"column":70}},"type":"binary-expr","locations":[{"start":{"line":17,"column":12},"end":{"line":17,"column":27}},{"start":{"line":17,"column":31},"end":{"line":17,"column":43}},{"start":{"line":17,"column":47},"end":{"line":17,"column":70}}],"line":17},"6":{"loc":{"start":{"line":24,"column":29},"end":{"line":24,"column":41}},"type":"default-arg","locations":[{"start":{"line":24,"column":39},"end":{"line":24,"column":41}}],"line":24},"7":{"loc":{"start":{"line":28,"column":34},"end":{"line":28,"column":46}},"type":"default-arg","locations":[{"start":{"line":28,"column":44},"end":{"line":28,"column":46}}],"line":28},"8":{"loc":{"start":{"line":29,"column":8},"end":{"line":31,"column":9}},"type":"if","locations":[{"start":{"line":29,"column":8},"end":{"line":31,"column":9}},{"start":{},"end":{}}],"line":29},"9":{"loc":{"start":{"line":29,"column":12},"end":{"line":29,"column":90}},"type":"binary-expr","locations":[{"start":{"line":29,"column":12},"end":{"line":29,"column":37}},{"start":{"line":29,"column":41},"end":{"line":29,"column":63}},{"start":{"line":29,"column":67},"end":{"line":29,"column":90}}],"line":29},"10":{"loc":{"start":{"line":35,"column":28},"end":{"line":35,"column":40}},"type":"default-arg","locations":[{"start":{"line":35,"column":38},"end":{"line":35,"column":40}}],"line":35}},"s":{"0":5,"1":25,"2":1,"3":6,"4":2,"5":4,"6":3,"7":1,"8":4,"9":5,"10":1,"11":4,"12":4,"13":5},"f":{"0":25,"1":1,"2":6,"3":4,"4":5,"5":4},"b":{"0":[1],"1":[0],"2":[2,4],"3":[6,5],"4":[3,1],"5":[4,3,3],"6":[4],"7":[0],"8":[1,4],"9":[5,4,4],"10":[0]},"_coverageSchema":"1a1c01bbd47fc00a2c39e90264f33305004495a9","hash":"1805dfd4480a423d95e726ae22dfe6f8be8806bf"}
,"\\\\ckik-pdc\\Diakok\\2021_B\\farkas.mate\\.VIZSGAREMEK\\Delibab_Foglalo\\Delibab_Foglalo\\Backend\\api\\services\\index.js": {"path":"\\\\ckik-pdc\\Diakok\\2021_B\\farkas.mate\\.VIZSGAREMEK\\Delibab_Foglalo\\Delibab_Foglalo\\Backend\\api\\services\\index.js","statementMap":{"0":{"start":{"line":1,"column":20},"end":{"line":1,"column":51}},"1":{"start":{"line":2,"column":22},"end":{"line":2,"column":48}},"2":{"start":{"line":3,"column":24},"end":{"line":3,"column":52}},"3":{"start":{"line":4,"column":31},"end":{"line":4,"column":66}},"4":{"start":{"line":5,"column":23},"end":{"line":5,"column":50}},"5":{"start":{"line":7,"column":0},"end":{"line":21,"column":1}},"6":{"start":{"line":8,"column":24},"end":{"line":8,"column":43}},"7":{"start":{"line":9,"column":26},"end":{"line":9,"column":47}},"8":{"start":{"line":10,"column":28},"end":{"line":10,"column":51}},"9":{"start":{"line":11,"column":35},"end":{"line":11,"column":65}},"10":{"start":{"line":12,"column":27},"end":{"line":12,"column":49}},"11":{"start":{"line":14,"column":4},"end":{"line":20,"column":6}}},"fnMap":{"0":{"name":"(anonymous_0)","decl":{"start":{"line":7,"column":17},"end":{"line":7,"column":18}},"loc":{"start":{"line":7,"column":25},"end":{"line":21,"column":1}},"line":7}},"branchMap":{},"s":{"0":5,"1":5,"2":5,"3":5,"4":5,"5":5,"6":25,"7":25,"8":25,"9":25,"10":25,"11":25},"f":{"0":25},"b":{},"_coverageSchema":"1a1c01bbd47fc00a2c39e90264f33305004495a9","hash":"15c65b8cb727ec9a9d888299bc00bc758ab7048f"}
}
