TN:
SF:\\ckik-pdc\Diakok\2021_B\farkas.mate\.VIZSGAREMEK\Delibab_Foglalo\Delibab_Foglalo\Backend\app.js
FNF:0
FNH:0
DA:1,5
DA:2,5
DA:3,5
DA:4,5
DA:5,5
DA:9,5
DA:10,5
DA:11,5
DA:14,5
DA:15,5
DA:16,5
DA:17,5
DA:18,5
DA:20,5
DA:21,5
DA:22,5
DA:23,5
DA:24,5
DA:25,5
DA:28,5
DA:35,5
LF:21
LH:21
BRF:0
BRH:0
end_of_record
TN:
SF:\\ckik-pdc\Diakok\2021_B\farkas.mate\.VIZSGAREMEK\Delibab_Foglalo\Delibab_Foglalo\Backend\api\controllers\AsztalController.js
FN:5,(anonymous_0)
FN:13,(anonymous_1)
FN:24,(anonymous_2)
FN:36,(anonymous_3)
FN:50,(anonymous_4)
FN:64,(anonymous_5)
FNF:6
FNH:6
FNDA:1,(anonymous_0)
FNDA:4,(anonymous_1)
FNDA:4,(anonymous_2)
FNDA:4,(anonymous_3)
FNDA:4,(anonymous_4)
FNDA:4,(anonymous_5)
DA:1,5
DA:2,5
DA:3,5
DA:5,5
DA:6,1
DA:7,1
DA:9,0
DA:13,5
DA:14,4
DA:15,4
DA:16,4
DA:17,4
DA:18,3
DA:20,1
DA:24,5
DA:25,4
DA:26,4
DA:27,4
DA:28,1
DA:29,1
DA:31,3
DA:32,3
DA:36,5
DA:37,4
DA:38,4
DA:39,4
DA:40,4
DA:41,4
DA:42,3
DA:43,3
DA:45,1
DA:46,1
DA:50,5
DA:51,4
DA:52,4
DA:53,4
DA:54,4
DA:55,4
DA:56,3
DA:57,3
DA:59,1
DA:60,1
DA:64,5
DA:65,4
DA:66,4
DA:67,4
DA:68,2
DA:75,2
LF:48
LH:47
BRDA:17,0,0,1
BRDA:17,0,1,3
BRDA:41,1,0,1
BRDA:41,1,1,3
BRDA:55,2,0,1
BRDA:55,2,1,3
BRDA:71,3,0,2
BRDA:71,3,1,1
BRF:8
BRH:8
end_of_record
TN:
SF:\\ckik-pdc\Diakok\2021_B\farkas.mate\.VIZSGAREMEK\Delibab_Foglalo\Delibab_Foglalo\Backend\api\controllers\FelhasznaloController.js
FN:5,(anonymous_0)
FN:13,(anonymous_1)
FN:24,(anonymous_2)
FN:39,(anonymous_3)
FN:55,(anonymous_4)
FN:69,(anonymous_5)
FN:80,(anonymous_6)
FN:88,(anonymous_7)
FN:97,(anonymous_8)
FN:106,(anonymous_9)
FNF:10
FNH:5
FNDA:1,(anonymous_0)
FNDA:3,(anonymous_1)
FNDA:4,(anonymous_2)
FNDA:4,(anonymous_3)
FNDA:3,(anonymous_4)
FNDA:0,(anonymous_5)
FNDA:0,(anonymous_6)
FNDA:0,(anonymous_7)
FNDA:0,(anonymous_8)
FNDA:0,(anonymous_9)
DA:1,5
DA:2,5
DA:3,5
DA:5,5
DA:6,1
DA:7,1
DA:9,0
DA:13,5
DA:14,3
DA:15,3
DA:16,3
DA:17,3
DA:18,2
DA:20,1
DA:24,5
DA:25,4
DA:26,4
DA:27,4
DA:31,1
DA:32,1
DA:34,3
DA:35,3
DA:39,5
DA:40,4
DA:41,4
DA:42,4
DA:43,4
DA:46,4
DA:47,3
DA:48,3
DA:50,1
DA:51,1
DA:55,5
DA:56,3
DA:57,3
DA:58,3
DA:59,3
DA:60,3
DA:61,2
DA:62,2
DA:64,1
DA:65,1
DA:69,5
DA:70,0
DA:71,0
DA:72,0
DA:73,0
DA:74,0
DA:76,0
DA:80,5
DA:81,0
DA:82,0
DA:84,0
DA:88,5
DA:89,0
DA:90,0
DA:91,0
DA:93,0
DA:97,5
DA:98,0
DA:99,0
DA:100,0
DA:102,0
DA:106,5
DA:107,0
DA:108,0
DA:110,0
LF:67
LH:46
BRDA:17,0,0,1
BRDA:17,0,1,2
BRDA:46,1,0,1
BRDA:46,1,1,3
BRDA:60,2,0,1
BRDA:60,2,1,2
BRDA:73,3,0,0
BRDA:73,3,1,0
BRDA:73,4,0,0
BRDA:73,4,1,0
BRF:10
BRH:6
end_of_record
TN:
SF:\\ckik-pdc\Diakok\2021_B\farkas.mate\.VIZSGAREMEK\Delibab_Foglalo\Delibab_Foglalo\Backend\api\controllers\FoglalasController.js
FN:5,(anonymous_0)
FN:13,(anonymous_1)
FN:24,(anonymous_2)
FN:39,(anonymous_3)
FN:53,(anonymous_4)
FN:67,(anonymous_5)
FN:81,(anonymous_6)
FN:90,(anonymous_7)
FNF:8
FNH:8
FNDA:1,(anonymous_0)
FNDA:3,(anonymous_1)
FNDA:5,(anonymous_2)
FNDA:3,(anonymous_3)
FNDA:3,(anonymous_4)
FNDA:2,(anonymous_5)
FNDA:3,(anonymous_6)
FNDA:2,(anonymous_7)
DA:1,5
DA:2,5
DA:3,5
DA:5,5
DA:6,1
DA:7,1
DA:9,0
DA:13,5
DA:14,3
DA:15,3
DA:16,3
DA:17,3
DA:18,2
DA:20,1
DA:24,5
DA:25,5
DA:26,5
DA:27,5
DA:31,1
DA:32,1
DA:34,4
DA:35,4
DA:39,5
DA:40,3
DA:41,3
DA:42,3
DA:43,3
DA:44,3
DA:45,2
DA:46,2
DA:48,1
DA:49,1
DA:53,5
DA:54,3
DA:55,3
DA:56,3
DA:57,3
DA:58,3
DA:59,2
DA:60,2
DA:62,1
DA:63,1
DA:67,5
DA:68,2
DA:69,2
DA:70,2
DA:71,2
DA:77,0
DA:81,5
DA:82,3
DA:83,3
DA:84,3
DA:86,1
DA:90,5
DA:91,2
DA:92,2
DA:93,2
DA:95,0
LF:58
LH:55
BRDA:17,0,0,1
BRDA:17,0,1,2
BRDA:44,1,0,1
BRDA:44,1,1,2
BRDA:58,2,0,1
BRDA:58,2,1,2
BRF:6
BRH:6
end_of_record
TN:
SF:\\ckik-pdc\Diakok\2021_B\farkas.mate\.VIZSGAREMEK\Delibab_Foglalo\Delibab_Foglalo\Backend\api\controllers\FoglalasiAdatokController.js
FN:5,(anonymous_0)
FN:13,(anonymous_1)
FN:24,(anonymous_2)
FN:39,(anonymous_3)
FN:53,(anonymous_4)
FNF:5
FNH:5
FNDA:1,(anonymous_0)
FNDA:4,(anonymous_1)
FNDA:5,(anonymous_2)
FNDA:6,(anonymous_3)
FNDA:4,(anonymous_4)
DA:1,5
DA:2,5
DA:3,5
DA:5,5
DA:6,1
DA:7,1
DA:9,0
DA:13,5
DA:14,4
DA:15,4
DA:16,4
DA:17,4
DA:18,3
DA:20,1
DA:24,5
DA:25,5
DA:26,5
DA:27,5
DA:31,1
DA:32,1
DA:34,4
DA:35,4
DA:39,5
DA:40,6
DA:41,6
DA:42,6
DA:43,6
DA:44,4
DA:45,3
DA:46,3
DA:48,3
DA:49,3
DA:53,5
DA:54,4
DA:55,4
DA:56,4
DA:57,4
DA:58,4
DA:59,3
DA:60,3
DA:62,1
DA:63,1
LF:42
LH:41
BRDA:17,0,0,1
BRDA:17,0,1,3
BRDA:44,1,0,1
BRDA:44,1,1,3
BRDA:58,2,0,1
BRDA:58,2,1,3
BRF:6
BRH:6
end_of_record
TN:
SF:\\ckik-pdc\Diakok\2021_B\farkas.mate\.VIZSGAREMEK\Delibab_Foglalo\Delibab_Foglalo\Backend\api\controllers\IdopontController.js
FN:5,(anonymous_0)
FN:13,(anonymous_1)
FN:24,(anonymous_2)
FN:36,(anonymous_3)
FN:50,(anonymous_4)
FNF:5
FNH:5
FNDA:1,(anonymous_0)
FNDA:4,(anonymous_1)
FNDA:6,(anonymous_2)
FNDA:5,(anonymous_3)
FNDA:4,(anonymous_4)
DA:1,5
DA:2,5
DA:3,5
DA:5,5
DA:6,1
DA:7,1
DA:9,0
DA:13,5
DA:14,4
DA:15,4
DA:16,4
DA:17,4
DA:18,3
DA:20,1
DA:24,5
DA:25,6
DA:26,6
DA:27,6
DA:28,1
DA:29,1
DA:31,5
DA:32,5
DA:36,5
DA:37,5
DA:38,5
DA:39,5
DA:40,5
DA:41,4
DA:42,3
DA:43,3
DA:45,2
DA:46,2
DA:50,5
DA:51,4
DA:52,4
DA:53,4
DA:54,4
DA:55,4
DA:56,3
DA:57,3
DA:59,1
DA:60,1
LF:42
LH:41
BRDA:17,0,0,1
BRDA:17,0,1,3
BRDA:41,1,0,1
BRDA:41,1,1,3
BRDA:55,2,0,1
BRDA:55,2,1,3
BRF:6
BRH:6
end_of_record
TN:
SF:\\ckik-pdc\Diakok\2021_B\farkas.mate\.VIZSGAREMEK\Delibab_Foglalo\Delibab_Foglalo\Backend\api\db\index.js
FN:39,(anonymous_0)
FNF:1
FNH:0
FNDA:0,(anonymous_0)
DA:1,5
DA:3,5
DA:4,5
DA:9,5
DA:10,5
DA:13,5
DA:28,5
DA:30,5
DA:38,5
DA:39,0
DA:40,0
DA:41,0
DA:42,0
DA:43,0
DA:45,0
DA:46,0
DA:47,0
DA:53,5
LF:18
LH:10
BRDA:3,0,0,5
BRDA:3,0,1,0
BRDA:9,1,0,5
BRDA:9,1,1,0
BRDA:24,2,0,5
BRDA:24,2,1,0
BRDA:38,3,0,0
BRDA:38,3,1,5
BRDA:38,4,0,5
BRDA:38,4,1,0
BRDA:46,5,0,0
BRDA:46,5,1,0
BRF:12
BRH:5
end_of_record
TN:
SF:\\ckik-pdc\Diakok\2021_B\farkas.mate\.VIZSGAREMEK\Delibab_Foglalo\Delibab_Foglalo\Backend\api\errors\AppError.js
FN:3,(anonymous_0)
FNF:1
FNH:1
FNDA:40,(anonymous_0)
DA:12,40
DA:14,40
DA:16,40
DA:18,40
DA:20,40
DA:22,40
DA:26,5
LF:7
LH:7
BRDA:5,0,0,0
BRDA:6,1,0,0
BRDA:7,2,0,0
BRDA:7,3,0,40
BRDA:8,4,0,40
BRDA:8,5,0,40
BRDA:18,6,0,40
BRDA:18,6,1,0
BRDA:20,7,0,40
BRDA:20,7,1,0
BRDA:22,8,0,40
BRDA:22,8,1,0
BRF:12
BRH:6
end_of_record
TN:
SF:\\ckik-pdc\Diakok\2021_B\farkas.mate\.VIZSGAREMEK\Delibab_Foglalo\Delibab_Foglalo\Backend\api\errors\BadRequestError.js
FN:5,(anonymous_0)
FNF:1
FNH:1
FNDA:23,(anonymous_0)
DA:1,5
DA:7,23
DA:11,5
LF:3
LH:3
BRDA:5,0,0,0
BRDA:5,1,0,23
BRF:2
BRH:1
end_of_record
TN:
SF:\\ckik-pdc\Diakok\2021_B\farkas.mate\.VIZSGAREMEK\Delibab_Foglalo\Delibab_Foglalo\Backend\api\errors\DbError.js
FN:5,(anonymous_0)
FNF:1
FNH:0
FNDA:0,(anonymous_0)
DA:1,5
DA:7,0
DA:11,5
LF:3
LH:2
BRDA:5,0,0,0
BRDA:5,1,0,0
BRF:2
BRH:0
end_of_record
TN:
SF:\\ckik-pdc\Diakok\2021_B\farkas.mate\.VIZSGAREMEK\Delibab_Foglalo\Delibab_Foglalo\Backend\api\errors\NotFoundError.js
FN:5,(anonymous_0)
FNF:1
FNH:1
FNDA:17,(anonymous_0)
DA:1,5
DA:7,17
DA:11,5
LF:3
LH:3
BRDA:5,0,0,0
BRDA:5,1,0,17
BRF:2
BRH:1
end_of_record
TN:
SF:\\ckik-pdc\Diakok\2021_B\farkas.mate\.VIZSGAREMEK\Delibab_Foglalo\Delibab_Foglalo\Backend\api\errors\UnauthorizedError.js
FN:5,(anonymous_0)
FNF:1
FNH:0
FNDA:0,(anonymous_0)
DA:1,5
DA:7,0
DA:11,5
LF:3
LH:2
BRDA:5,0,0,0
BRDA:5,1,0,0
BRF:2
BRH:0
end_of_record
TN:
SF:\\ckik-pdc\Diakok\2021_B\farkas.mate\.VIZSGAREMEK\Delibab_Foglalo\Delibab_Foglalo\Backend\api\errors\index.js
FNF:0
FNH:0
DA:1,5
LF:1
LH:1
BRF:0
BRH:0
end_of_record
TN:
SF:\\ckik-pdc\Diakok\2021_B\farkas.mate\.VIZSGAREMEK\Delibab_Foglalo\Delibab_Foglalo\Backend\api\middlewares\errorHandler.js
FN:3,notFoundError
FN:8,showError
FNF:2
FNH:1
FNDA:0,notFoundError
FNDA:40,showError
DA:1,5
DA:5,0
DA:10,40
DA:11,40
DA:19,0
DA:20,0
DA:26,0
DA:32,5
LF:8
LH:4
BRDA:10,0,0,40
BRDA:10,0,1,0
BRDA:14,1,0,40
BRDA:14,1,1,0
BRDA:15,2,0,40
BRDA:15,2,1,0
BRDA:19,3,0,0
BRDA:19,3,1,0
BRDA:22,4,0,0
BRDA:22,4,1,0
BRDA:28,5,0,0
BRDA:28,5,1,0
BRF:12
BRH:3
end_of_record
TN:
SF:\\ckik-pdc\Diakok\2021_B\farkas.mate\.VIZSGAREMEK\Delibab_Foglalo\Delibab_Foglalo\Backend\api\models\Asztal.js
FN:3,(anonymous_0)
FNF:1
FNH:1
FNDA:5,(anonymous_0)
DA:1,5
DA:3,5
DA:6,5
DA:28,5
LF:4
LH:4
BRF:0
BRH:0
end_of_record
TN:
SF:\\ckik-pdc\Diakok\2021_B\farkas.mate\.VIZSGAREMEK\Delibab_Foglalo\Delibab_Foglalo\Backend\api\models\Felhasznalo.js
FN:3,(anonymous_0)
FNF:1
FNH:1
FNDA:5,(anonymous_0)
DA:1,5
DA:3,5
DA:6,5
DA:49,5
LF:4
LH:4
BRF:0
BRH:0
end_of_record
TN:
SF:\\ckik-pdc\Diakok\2021_B\farkas.mate\.VIZSGAREMEK\Delibab_Foglalo\Delibab_Foglalo\Backend\api\models\Foglalas.js
FN:3,(anonymous_0)
FNF:1
FNH:1
FNDA:5,(anonymous_0)
DA:1,5
DA:3,5
DA:6,5
DA:43,5
LF:4
LH:4
BRF:0
BRH:0
end_of_record
TN:
SF:\\ckik-pdc\Diakok\2021_B\farkas.mate\.VIZSGAREMEK\Delibab_Foglalo\Delibab_Foglalo\Backend\api\models\FoglalasiAdatok.js
FN:3,(anonymous_0)
FNF:1
FNH:1
FNDA:5,(anonymous_0)
DA:1,5
DA:3,5
DA:6,5
DA:40,5
LF:4
LH:4
BRF:0
BRH:0
end_of_record
TN:
SF:\\ckik-pdc\Diakok\2021_B\farkas.mate\.VIZSGAREMEK\Delibab_Foglalo\Delibab_Foglalo\Backend\api\models\Idopont.js
FN:3,(anonymous_0)
FNF:1
FNH:1
FNDA:5,(anonymous_0)
DA:1,5
DA:3,5
DA:6,5
DA:32,5
LF:4
LH:4
BRF:0
BRH:0
end_of_record
TN:
SF:\\ckik-pdc\Diakok\2021_B\farkas.mate\.VIZSGAREMEK\Delibab_Foglalo\Delibab_Foglalo\Backend\api\models\index.js
FN:3,(anonymous_0)
FNF:1
FNH:1
FNDA:5,(anonymous_0)
DA:3,5
DA:4,5
DA:5,5
DA:6,5
DA:7,5
DA:8,5
DA:11,5
DA:12,5
DA:14,5
DA:15,5
DA:17,5
DA:18,5
DA:20,5
DA:21,5
DA:23,5
LF:15
LH:15
BRF:0
BRH:0
end_of_record
TN:
SF:\\ckik-pdc\Diakok\2021_B\farkas.mate\.VIZSGAREMEK\Delibab_Foglalo\Delibab_Foglalo\Backend\api\repositories\AsztalRepository.js
FN:2,(anonymous_0)
FN:7,(anonymous_1)
FN:13,(anonymous_2)
FN:19,(anonymous_3)
FN:25,(anonymous_4)
FN:33,(anonymous_5)
FN:41,(anonymous_6)
FN:51,(anonymous_7)
FNF:8
FNH:7
FNDA:200,(anonymous_0)
FNDA:1,(anonymous_1)
FNDA:1,(anonymous_2)
FNDA:11,(anonymous_3)
FNDA:4,(anonymous_4)
FNDA:4,(anonymous_5)
FNDA:2,(anonymous_6)
FNDA:0,(anonymous_7)
DA:3,200
DA:4,200
DA:8,1
DA:14,1
DA:20,11
DA:26,4
DA:30,4
DA:34,4
DA:38,4
DA:42,2
DA:44,2
DA:51,2
DA:52,2
DA:56,2
DA:57,0
DA:60,2
DA:67,5
LF:17
LH:16
BRDA:7,0,0,0
BRDA:13,1,0,0
BRDA:19,2,0,0
BRDA:25,3,0,0
BRDA:33,4,0,0
BRDA:41,5,0,0
BRDA:53,6,0,2
BRDA:53,6,1,1
BRDA:56,7,0,0
BRDA:56,7,1,2
BRF:10
BRH:3
end_of_record
TN:
SF:\\ckik-pdc\Diakok\2021_B\farkas.mate\.VIZSGAREMEK\Delibab_Foglalo\Delibab_Foglalo\Backend\api\repositories\FelhasznaloRepository.js
FN:2,(anonymous_0)
FN:7,(anonymous_1)
FN:13,(anonymous_2)
FN:19,(anonymous_3)
FN:25,(anonymous_4)
FN:33,(anonymous_5)
FN:41,(anonymous_6)
FN:50,(anonymous_7)
FN:60,(anonymous_8)
FN:68,(anonymous_9)
FN:84,(anonymous_10)
FN:93,(anonymous_11)
FNF:12
FNH:8
FNDA:200,(anonymous_0)
FNDA:1,(anonymous_1)
FNDA:11,(anonymous_2)
FNDA:1,(anonymous_3)
FNDA:4,(anonymous_4)
FNDA:3,(anonymous_5)
FNDA:2,(anonymous_6)
FNDA:2,(anonymous_7)
FNDA:0,(anonymous_8)
FNDA:0,(anonymous_9)
FNDA:0,(anonymous_10)
FNDA:0,(anonymous_11)
DA:3,200
DA:4,200
DA:8,1
DA:14,11
DA:20,1
DA:26,4
DA:30,4
DA:34,3
DA:38,3
DA:42,2
DA:51,2
DA:52,2
DA:61,0
DA:69,0
DA:85,0
DA:94,0
DA:109,5
LF:17
LH:13
BRDA:7,0,0,0
BRDA:13,1,0,0
BRDA:19,2,0,0
BRDA:25,3,0,0
BRDA:33,4,0,0
BRDA:41,5,0,0
BRDA:50,6,0,0
BRDA:60,7,0,0
BRDA:68,8,0,0
BRDA:84,9,0,0
BRDA:93,10,0,0
BRDA:93,11,0,0
BRF:12
BRH:0
end_of_record
TN:
SF:\\ckik-pdc\Diakok\2021_B\farkas.mate\.VIZSGAREMEK\Delibab_Foglalo\Delibab_Foglalo\Backend\api\repositories\FoglalasRepository.js
FN:2,(anonymous_0)
FN:8,(anonymous_1)
FN:24,(anonymous_2)
FN:30,(anonymous_3)
FN:46,(anonymous_4)
FN:54,(anonymous_5)
FN:62,(anonymous_6)
FN:79,(anonymous_7)
FN:103,(anonymous_8)
FNF:9
FNH:9
FNDA:200,(anonymous_0)
FNDA:1,(anonymous_1)
FNDA:1,(anonymous_2)
FNDA:6,(anonymous_3)
FNDA:3,(anonymous_4)
FNDA:3,(anonymous_5)
FNDA:4,(anonymous_6)
FNDA:2,(anonymous_7)
FNDA:2,(anonymous_8)
DA:3,200
DA:4,200
DA:5,200
DA:9,1
DA:25,1
DA:31,6
DA:47,3
DA:51,3
DA:55,3
DA:59,3
DA:63,4
DA:65,4
DA:80,2
DA:82,2
DA:104,2
DA:121,5
LF:16
LH:16
BRDA:8,0,0,0
BRDA:24,1,0,0
BRDA:30,2,0,0
BRDA:46,3,0,0
BRDA:54,4,0,0
BRDA:62,5,0,0
BRDA:79,6,0,0
BRDA:103,7,0,0
BRF:8
BRH:0
end_of_record
TN:
SF:\\ckik-pdc\Diakok\2021_B\farkas.mate\.VIZSGAREMEK\Delibab_Foglalo\Delibab_Foglalo\Backend\api\repositories\FoglalasiAdatokRepository.js
FN:2,(anonymous_0)
FN:7,(anonymous_1)
FN:17,(anonymous_2)
FN:23,(anonymous_3)
FN:33,(anonymous_4)
FN:41,(anonymous_5)
FNF:6
FNH:6
FNDA:200,(anonymous_0)
FNDA:1,(anonymous_1)
FNDA:1,(anonymous_2)
FNDA:8,(anonymous_3)
FNDA:4,(anonymous_4)
FNDA:4,(anonymous_5)
DA:3,200
DA:4,200
DA:8,1
DA:18,1
DA:24,8
DA:34,4
DA:38,4
DA:42,4
DA:46,4
DA:50,5
LF:10
LH:10
BRDA:7,0,0,0
BRDA:17,1,0,0
BRDA:23,2,0,0
BRDA:33,3,0,0
BRDA:41,4,0,0
BRF:5
BRH:0
end_of_record
TN:
SF:\\ckik-pdc\Diakok\2021_B\farkas.mate\.VIZSGAREMEK\Delibab_Foglalo\Delibab_Foglalo\Backend\api\repositories\IdopontRepository.js
FN:2,(anonymous_0)
FN:6,(anonymous_1)
FN:12,(anonymous_2)
FN:18,(anonymous_3)
FN:24,(anonymous_4)
FN:32,(anonymous_5)
FNF:6
FNH:6
FNDA:200,(anonymous_0)
FNDA:1,(anonymous_1)
FNDA:1,(anonymous_2)
FNDA:8,(anonymous_3)
FNDA:4,(anonymous_4)
FNDA:4,(anonymous_5)
DA:3,200
DA:7,1
DA:13,1
DA:19,8
DA:25,4
DA:29,4
DA:33,4
DA:37,4
DA:41,5
LF:9
LH:9
BRDA:6,0,0,0
BRDA:12,1,0,0
BRDA:18,2,0,0
BRDA:24,3,0,0
BRDA:32,4,0,0
BRF:5
BRH:0
end_of_record
TN:
SF:\\ckik-pdc\Diakok\2021_B\farkas.mate\.VIZSGAREMEK\Delibab_Foglalo\Delibab_Foglalo\Backend\api\repositories\index.js
FN:7,(anonymous_0)
FNF:1
FNH:1
FNDA:200,(anonymous_0)
DA:1,5
DA:2,5
DA:3,5
DA:4,5
DA:5,5
DA:7,5
DA:8,200
DA:9,200
DA:10,200
DA:11,200
DA:12,200
DA:14,200
LF:12
LH:12
BRF:0
BRH:0
end_of_record
TN:
SF:\\ckik-pdc\Diakok\2021_B\farkas.mate\.VIZSGAREMEK\Delibab_Foglalo\Delibab_Foglalo\Backend\api\routes\asztalRoutes.js
FNF:0
FNH:0
DA:1,5
DA:2,5
DA:3,5
DA:6,5
DA:9,5
DA:10,5
DA:11,5
DA:12,5
DA:13,5
DA:15,5
LF:10
LH:10
BRF:0
BRH:0
end_of_record
TN:
SF:\\ckik-pdc\Diakok\2021_B\farkas.mate\.VIZSGAREMEK\Delibab_Foglalo\Delibab_Foglalo\Backend\api\routes\felhasznaloRoutes.js
FNF:0
FNH:0
DA:1,5
DA:2,5
DA:3,5
DA:5,5
DA:7,5
DA:9,5
DA:11,5
DA:13,5
DA:15,5
LF:9
LH:9
BRF:0
BRH:0
end_of_record
TN:
SF:\\ckik-pdc\Diakok\2021_B\farkas.mate\.VIZSGAREMEK\Delibab_Foglalo\Delibab_Foglalo\Backend\api\routes\foglalasRoutes.js
FNF:0
FNH:0
DA:1,5
DA:2,5
DA:3,5
DA:6,5
DA:7,5
DA:8,5
DA:11,5
DA:12,5
DA:13,5
DA:14,5
DA:15,5
DA:17,5
LF:12
LH:12
BRF:0
BRH:0
end_of_record
TN:
SF:\\ckik-pdc\Diakok\2021_B\farkas.mate\.VIZSGAREMEK\Delibab_Foglalo\Delibab_Foglalo\Backend\api\routes\foglalasiAdatokRoutes.js
FNF:0
FNH:0
DA:1,5
DA:2,5
DA:3,5
DA:5,5
DA:6,5
DA:7,5
DA:8,5
DA:9,5
DA:11,5
LF:9
LH:9
BRF:0
BRH:0
end_of_record
TN:
SF:\\ckik-pdc\Diakok\2021_B\farkas.mate\.VIZSGAREMEK\Delibab_Foglalo\Delibab_Foglalo\Backend\api\routes\idopontRoutes.js
FNF:0
FNH:0
DA:1,5
DA:2,5
DA:3,5
DA:5,5
DA:6,5
DA:7,5
DA:8,5
DA:9,5
DA:11,5
LF:9
LH:9
BRF:0
BRH:0
end_of_record
TN:
SF:\\ckik-pdc\Diakok\2021_B\farkas.mate\.VIZSGAREMEK\Delibab_Foglalo\Delibab_Foglalo\Backend\api\services\AsztalService.js
FN:4,(anonymous_0)
FN:8,(anonymous_1)
FN:12,(anonymous_2)
FN:24,(anonymous_3)
FN:28,(anonymous_4)
FN:32,(anonymous_5)
FN:36,(anonymous_6)
FNF:7
FNH:7
FNDA:25,(anonymous_0)
FNDA:1,(anonymous_1)
FNDA:4,(anonymous_2)
FNDA:4,(anonymous_3)
FNDA:4,(anonymous_4)
FNDA:4,(anonymous_5)
FNDA:4,(anonymous_6)
DA:1,5
DA:5,25
DA:9,1
DA:13,4
DA:14,2
DA:17,2
DA:18,1
DA:21,1
DA:25,4
DA:29,4
DA:33,4
DA:37,4
DA:38,2
DA:40,2
DA:44,5
LF:15
LH:15
BRDA:8,0,0,1
BRDA:12,1,0,0
BRDA:13,2,0,2
BRDA:13,2,1,2
BRDA:17,3,0,1
BRDA:17,3,1,1
BRDA:17,4,0,2
BRDA:17,4,1,2
BRDA:24,5,0,4
BRDA:28,6,0,0
BRDA:32,7,0,0
BRDA:36,8,0,4
BRDA:37,9,0,2
BRDA:37,9,1,2
BRDA:37,10,0,4
BRDA:37,10,1,3
BRF:16
BRH:13
end_of_record
TN:
SF:\\ckik-pdc\Diakok\2021_B\farkas.mate\.VIZSGAREMEK\Delibab_Foglalo\Delibab_Foglalo\Backend\api\services\FelhasznaloService.js
FN:4,(anonymous_0)
FN:8,(anonymous_1)
FN:12,(anonymous_2)
FN:16,(anonymous_3)
FN:45,(anonymous_4)
FN:62,(anonymous_5)
FN:66,(anonymous_6)
FN:73,(anonymous_7)
FN:77,(anonymous_8)
FN:81,(anonymous_9)
FN:85,(anonymous_10)
FN:100,(anonymous_11)
FNF:12
FNH:6
FNDA:25,(anonymous_0)
FNDA:1,(anonymous_1)
FNDA:3,(anonymous_2)
FNDA:4,(anonymous_3)
FNDA:4,(anonymous_4)
FNDA:3,(anonymous_5)
FNDA:0,(anonymous_6)
FNDA:0,(anonymous_7)
FNDA:0,(anonymous_8)
FNDA:0,(anonymous_9)
FNDA:0,(anonymous_10)
FNDA:0,(anonymous_11)
DA:1,5
DA:5,25
DA:9,1
DA:13,3
DA:17,4
DA:18,1
DA:21,3
DA:22,3
DA:23,0
DA:26,3
DA:27,1
DA:30,2
DA:31,2
DA:32,0
DA:35,2
DA:36,2
DA:37,2
DA:38,1
DA:41,1
DA:42,1
DA:46,4
DA:47,0
DA:48,0
DA:49,0
DA:53,4
DA:54,4
DA:56,0
DA:59,4
DA:63,3
DA:67,0
DA:68,0
DA:70,0
DA:74,0
DA:78,0
DA:82,0
DA:86,0
DA:87,0
DA:90,0
DA:91,0
DA:93,0
DA:94,0
DA:97,0
DA:101,0
DA:105,5
LF:44
LH:24
BRDA:8,0,0,1
BRDA:12,1,0,3
BRDA:16,2,0,0
BRDA:17,3,0,1
BRDA:17,3,1,3
BRDA:17,4,0,4
BRDA:17,4,1,4
BRDA:17,4,2,4
BRDA:17,4,3,3
BRDA:17,4,4,3
BRDA:17,4,5,3
BRDA:22,5,0,0
BRDA:22,5,1,3
BRDA:22,6,0,3
BRDA:22,6,1,3
BRDA:26,7,0,1
BRDA:26,7,1,2
BRDA:31,8,0,0
BRDA:31,8,1,2
BRDA:37,9,0,1
BRDA:37,9,1,1
BRDA:37,10,0,2
BRDA:37,10,1,1
BRDA:45,11,0,0
BRDA:46,12,0,0
BRDA:46,12,1,4
BRDA:48,13,0,0
BRDA:48,13,1,0
BRDA:48,14,0,0
BRDA:48,14,1,0
BRDA:54,15,0,0
BRDA:54,15,1,4
BRDA:54,16,0,4
BRDA:54,16,1,2
BRDA:54,16,2,4
BRDA:54,16,3,3
BRDA:62,17,0,0
BRDA:66,18,0,0
BRDA:67,19,0,0
BRDA:67,19,1,0
BRDA:67,20,0,0
BRDA:67,20,1,0
BRDA:73,21,0,0
BRDA:77,22,0,0
BRDA:81,23,0,0
BRDA:85,24,0,0
BRDA:86,25,0,0
BRDA:86,25,1,0
BRDA:86,26,0,0
BRDA:86,26,1,0
BRDA:93,27,0,0
BRDA:93,27,1,0
BRDA:93,28,0,0
BRDA:93,28,1,0
BRDA:93,28,2,0
BRDA:100,29,0,0
BRF:56
BRH:26
end_of_record
TN:
SF:\\ckik-pdc\Diakok\2021_B\farkas.mate\.VIZSGAREMEK\Delibab_Foglalo\Delibab_Foglalo\Backend\api\services\FoglalasService.js
FN:4,(anonymous_0)
FN:10,(anonymous_1)
FN:14,(anonymous_2)
FN:33,(anonymous_3)
FN:43,(anonymous_4)
FN:47,(anonymous_5)
FN:51,(anonymous_6)
FN:55,(anonymous_7)
FN:62,(anonymous_8)
FN:69,(anonymous_9)
FNF:10
FNH:10
FNDA:25,(anonymous_0)
FNDA:1,(anonymous_1)
FNDA:5,(anonymous_2)
FNDA:1,(anonymous_3)
FNDA:3,(anonymous_4)
FNDA:3,(anonymous_5)
FNDA:3,(anonymous_6)
FNDA:2,(anonymous_7)
FNDA:3,(anonymous_8)
FNDA:2,(anonymous_9)
DA:1,5
DA:5,25
DA:6,25
DA:7,25
DA:11,1
DA:15,5
DA:16,1
DA:19,4
DA:20,4
DA:22,3
DA:23,3
DA:25,2
DA:26,2
DA:27,0
DA:30,2
DA:31,2
DA:33,2
DA:34,1
DA:35,1
DA:38,2
DA:40,1
DA:44,3
DA:48,3
DA:52,3
DA:56,2
DA:57,0
DA:59,2
DA:63,3
DA:64,1
DA:66,2
DA:70,2
DA:71,0
DA:73,2
DA:77,5
LF:34
LH:31
BRDA:10,0,0,1
BRDA:14,1,0,0
BRDA:15,2,0,1
BRDA:15,2,1,4
BRDA:15,3,0,5
BRDA:15,3,1,5
BRDA:15,3,2,4
BRDA:20,4,0,1
BRDA:20,4,1,3
BRDA:23,5,0,1
BRDA:23,5,1,2
BRDA:26,6,0,0
BRDA:26,6,1,2
BRDA:26,7,0,2
BRDA:26,7,1,2
BRDA:38,8,0,1
BRDA:38,8,1,1
BRDA:43,9,0,3
BRDA:47,10,0,0
BRDA:51,11,0,0
BRDA:55,12,0,2
BRDA:56,13,0,0
BRDA:56,13,1,2
BRDA:56,14,0,2
BRDA:56,14,1,2
BRDA:62,15,0,3
BRDA:63,16,0,1
BRDA:63,16,1,2
BRDA:69,17,0,2
BRDA:70,18,0,0
BRDA:70,18,1,2
BRF:31
BRH:25
end_of_record
TN:
SF:\\ckik-pdc\Diakok\2021_B\farkas.mate\.VIZSGAREMEK\Delibab_Foglalo\Delibab_Foglalo\Backend\api\services\FoglalasiAdatokService.js
FN:4,(anonymous_0)
FN:9,(anonymous_1)
FN:13,(anonymous_2)
FN:30,(anonymous_3)
FN:34,(anonymous_4)
FN:44,(anonymous_5)
FNF:6
FNH:6
FNDA:25,(anonymous_0)
FNDA:1,(anonymous_1)
FNDA:5,(anonymous_2)
FNDA:4,(anonymous_3)
FNDA:6,(anonymous_4)
FNDA:4,(anonymous_5)
DA:1,5
DA:5,25
DA:6,25
DA:10,1
DA:14,5
DA:15,2
DA:18,3
DA:19,2
DA:22,1
DA:23,0
DA:24,0
DA:27,1
DA:31,4
DA:35,6
DA:36,1
DA:38,5
DA:39,1
DA:41,4
DA:45,4
DA:49,5
LF:20
LH:18
BRDA:9,0,0,1
BRDA:13,1,0,0
BRDA:14,2,0,2
BRDA:14,2,1,3
BRDA:14,3,0,5
BRDA:14,3,1,4
BRDA:14,3,2,3
BRDA:18,4,0,2
BRDA:18,4,1,1
BRDA:18,5,0,3
BRDA:18,5,1,2
BRDA:22,6,0,0
BRDA:22,6,1,1
BRDA:24,7,0,0
BRDA:24,7,1,0
BRDA:30,8,0,4
BRDA:34,9,0,0
BRDA:35,10,0,1
BRDA:35,10,1,5
BRDA:35,11,0,6
BRDA:35,11,1,4
BRDA:38,12,0,1
BRDA:38,12,1,4
BRDA:38,13,0,5
BRDA:38,13,1,3
BRDA:44,14,0,0
BRF:26
BRH:20
end_of_record
TN:
SF:\\ckik-pdc\Diakok\2021_B\farkas.mate\.VIZSGAREMEK\Delibab_Foglalo\Delibab_Foglalo\Backend\api\services\IdopontService.js
FN:4,(anonymous_0)
FN:8,(anonymous_1)
FN:12,(anonymous_2)
FN:24,(anonymous_3)
FN:28,(anonymous_4)
FN:35,(anonymous_5)
FNF:6
FNH:6
FNDA:25,(anonymous_0)
FNDA:1,(anonymous_1)
FNDA:6,(anonymous_2)
FNDA:4,(anonymous_3)
FNDA:5,(anonymous_4)
FNDA:4,(anonymous_5)
DA:1,5
DA:5,25
DA:9,1
DA:13,6
DA:14,2
DA:17,4
DA:18,3
DA:21,1
DA:25,4
DA:29,5
DA:30,1
DA:32,4
DA:36,4
DA:40,5
LF:14
LH:14
BRDA:8,0,0,1
BRDA:12,1,0,0
BRDA:13,2,0,2
BRDA:13,2,1,4
BRDA:13,3,0,6
BRDA:13,3,1,5
BRDA:17,4,0,3
BRDA:17,4,1,1
BRDA:17,5,0,4
BRDA:17,5,1,3
BRDA:17,5,2,3
BRDA:24,6,0,4
BRDA:28,7,0,0
BRDA:29,8,0,1
BRDA:29,8,1,4
BRDA:29,9,0,5
BRDA:29,9,1,4
BRDA:29,9,2,4
BRDA:35,10,0,0
BRF:19
BRH:16
end_of_record
TN:
SF:\\ckik-pdc\Diakok\2021_B\farkas.mate\.VIZSGAREMEK\Delibab_Foglalo\Delibab_Foglalo\Backend\api\services\index.js
FN:7,(anonymous_0)
FNF:1
FNH:1
FNDA:25,(anonymous_0)
DA:1,5
DA:2,5
DA:3,5
DA:4,5
DA:5,5
DA:7,5
DA:8,25
DA:9,25
DA:10,25
DA:11,25
DA:12,25
DA:14,25
LF:12
LH:12
BRF:0
BRH:0
end_of_record
