TN:
SF:app.js
FNF:0
FNH:0
DA:1,5
DA:2,5
DA:3,5
DA:4,5
DA:5,5
DA:6,5
DA:7,5
DA:8,5
DA:10,5
DA:28,5
DA:32,5
DA:33,5
DA:34,5
DA:37,5
DA:39,5
DA:40,5
DA:41,5
DA:42,5
DA:43,5
DA:44,5
DA:45,5
DA:47,5
DA:48,5
DA:49,5
DA:50,5
DA:51,5
DA:52,5
DA:53,5
DA:54,5
DA:56,5
DA:58,5
LF:31
LH:31
BRF:0
BRH:0
end_of_record
TN:
SF:api\controllers\AsztalController.js
FN:5,(anonymous_0)
FN:13,(anonymous_1)
FN:24,(anonymous_2)
FN:36,(anonymous_3)
FN:50,(anonymous_4)
FN:64,(anonymous_5)
FNF:6
FNH:6
FNDA:1,(anonymous_0)
FNDA:4,(anonymous_1)
FNDA:4,(anonymous_2)
FNDA:4,(anonymous_3)
FNDA:4,(anonymous_4)
FNDA:4,(anonymous_5)
DA:1,5
DA:2,5
DA:3,5
DA:5,5
DA:6,1
DA:7,1
DA:9,0
DA:13,5
DA:14,4
DA:15,4
DA:16,4
DA:17,4
DA:18,3
DA:20,1
DA:24,5
DA:25,4
DA:26,4
DA:27,4
DA:28,1
DA:29,1
DA:31,3
DA:32,3
DA:36,5
DA:37,4
DA:38,4
DA:39,4
DA:40,4
DA:41,4
DA:42,3
DA:43,3
DA:45,1
DA:46,1
DA:50,5
DA:51,4
DA:52,4
DA:53,4
DA:54,4
DA:55,4
DA:56,3
DA:57,3
DA:59,1
DA:60,1
DA:64,5
DA:65,4
DA:66,4
DA:67,4
DA:73,2
LF:47
LH:46
BRDA:17,0,0,1
BRDA:17,0,1,3
BRDA:41,1,0,1
BRDA:41,1,1,3
BRDA:55,2,0,1
BRDA:55,2,1,3
BRF:6
BRH:6
end_of_record
TN:
SF:api\controllers\ContactController.js
FN:5,(anonymous_0)
FN:15,(anonymous_1)
FN:149,(anonymous_2)
FNF:3
FNH:0
FNDA:0,(anonymous_0)
FNDA:0,(anonymous_1)
FNDA:0,(anonymous_2)
DA:1,5
DA:2,5
DA:5,5
DA:6,0
DA:15,5
DA:149,5
DA:150,0
DA:151,0
DA:153,0
DA:154,0
DA:157,0
DA:158,0
DA:161,0
DA:169,0
DA:171,0
DA:180,0
DA:182,0
DA:186,0
DA:187,0
LF:19
LH:5
BRDA:153,0,0,0
BRDA:153,0,1,0
BRDA:153,1,0,0
BRDA:153,1,1,0
BRDA:157,2,0,0
BRDA:157,2,1,0
BRDA:157,3,0,0
BRDA:157,3,1,0
BRF:8
BRH:0
end_of_record
TN:
SF:api\controllers\FelhasznaloController.js
FN:5,(anonymous_0)
FN:13,(anonymous_1)
FN:24,(anonymous_2)
FN:39,(anonymous_3)
FN:55,(anonymous_4)
FN:69,(anonymous_5)
FN:80,(anonymous_6)
FN:88,(anonymous_7)
FN:97,(anonymous_8)
FN:106,(anonymous_9)
FNF:10
FNH:5
FNDA:1,(anonymous_0)
FNDA:3,(anonymous_1)
FNDA:4,(anonymous_2)
FNDA:4,(anonymous_3)
FNDA:3,(anonymous_4)
FNDA:0,(anonymous_5)
FNDA:0,(anonymous_6)
FNDA:0,(anonymous_7)
FNDA:0,(anonymous_8)
FNDA:0,(anonymous_9)
DA:1,5
DA:2,5
DA:3,5
DA:5,5
DA:6,1
DA:7,1
DA:9,0
DA:13,5
DA:14,3
DA:15,3
DA:16,3
DA:17,3
DA:18,2
DA:20,1
DA:24,5
DA:25,4
DA:26,4
DA:27,4
DA:31,1
DA:32,1
DA:34,3
DA:35,3
DA:39,5
DA:40,4
DA:41,4
DA:42,4
DA:43,4
DA:46,4
DA:47,3
DA:48,3
DA:50,1
DA:51,1
DA:55,5
DA:56,3
DA:57,3
DA:58,3
DA:59,3
DA:60,3
DA:61,2
DA:62,2
DA:64,1
DA:65,1
DA:69,5
DA:70,0
DA:71,0
DA:72,0
DA:73,0
DA:74,0
DA:76,0
DA:80,5
DA:81,0
DA:82,0
DA:84,0
DA:88,5
DA:89,0
DA:90,0
DA:91,0
DA:93,0
DA:97,5
DA:98,0
DA:99,0
DA:100,0
DA:102,0
DA:106,5
DA:107,0
DA:108,0
DA:110,0
LF:67
LH:46
BRDA:17,0,0,1
BRDA:17,0,1,2
BRDA:46,1,0,1
BRDA:46,1,1,3
BRDA:60,2,0,1
BRDA:60,2,1,2
BRDA:73,3,0,0
BRDA:73,3,1,0
BRDA:73,4,0,0
BRDA:73,4,1,0
BRF:10
BRH:6
end_of_record
TN:
SF:api\controllers\FoglalasController.js
FN:5,(anonymous_0)
FN:13,(anonymous_1)
FN:24,(anonymous_2)
FN:39,(anonymous_3)
FN:53,(anonymous_4)
FN:67,(anonymous_5)
FN:81,(anonymous_6)
FN:90,(anonymous_7)
FNF:8
FNH:8
FNDA:1,(anonymous_0)
FNDA:3,(anonymous_1)
FNDA:5,(anonymous_2)
FNDA:3,(anonymous_3)
FNDA:3,(anonymous_4)
FNDA:2,(anonymous_5)
FNDA:3,(anonymous_6)
FNDA:2,(anonymous_7)
DA:1,5
DA:2,5
DA:3,5
DA:5,5
DA:6,1
DA:7,1
DA:9,0
DA:13,5
DA:14,3
DA:15,3
DA:16,3
DA:17,3
DA:18,2
DA:20,1
DA:24,5
DA:25,5
DA:26,5
DA:27,5
DA:31,2
DA:32,2
DA:34,3
DA:35,3
DA:39,5
DA:40,3
DA:41,3
DA:42,3
DA:43,3
DA:44,3
DA:45,2
DA:46,2
DA:48,1
DA:49,1
DA:53,5
DA:54,3
DA:55,3
DA:56,3
DA:57,3
DA:58,3
DA:59,2
DA:60,2
DA:62,1
DA:63,1
DA:67,5
DA:68,2
DA:69,2
DA:70,2
DA:71,2
DA:77,0
DA:81,5
DA:82,3
DA:83,3
DA:84,3
DA:86,1
DA:90,5
DA:91,2
DA:92,2
DA:93,2
DA:95,0
LF:58
LH:55
BRDA:17,0,0,1
BRDA:17,0,1,2
BRDA:44,1,0,1
BRDA:44,1,1,2
BRDA:58,2,0,1
BRDA:58,2,1,2
BRF:6
BRH:6
end_of_record
TN:
SF:api\controllers\FoglalasiAdatokController.js
FN:5,(anonymous_0)
FN:13,(anonymous_1)
FN:24,(anonymous_2)
FN:39,(anonymous_3)
FN:53,(anonymous_4)
FNF:5
FNH:5
FNDA:1,(anonymous_0)
FNDA:4,(anonymous_1)
FNDA:5,(anonymous_2)
FNDA:6,(anonymous_3)
FNDA:4,(anonymous_4)
DA:1,5
DA:2,5
DA:3,5
DA:5,5
DA:6,1
DA:7,1
DA:9,0
DA:13,5
DA:14,4
DA:15,4
DA:16,4
DA:17,4
DA:18,3
DA:20,1
DA:24,5
DA:25,5
DA:26,5
DA:27,5
DA:31,1
DA:32,1
DA:34,4
DA:35,4
DA:39,5
DA:40,6
DA:41,6
DA:42,6
DA:43,6
DA:44,4
DA:45,3
DA:46,3
DA:48,3
DA:49,3
DA:53,5
DA:54,4
DA:55,4
DA:56,4
DA:57,4
DA:58,4
DA:59,3
DA:60,3
DA:62,1
DA:63,1
LF:42
LH:41
BRDA:17,0,0,1
BRDA:17,0,1,3
BRDA:44,1,0,1
BRDA:44,1,1,3
BRDA:58,2,0,1
BRDA:58,2,1,3
BRF:6
BRH:6
end_of_record
TN:
SF:api\controllers\IdopontController.js
FN:5,(anonymous_0)
FN:13,(anonymous_1)
FN:24,(anonymous_2)
FN:36,(anonymous_3)
FN:50,(anonymous_4)
FNF:5
FNH:5
FNDA:1,(anonymous_0)
FNDA:4,(anonymous_1)
FNDA:6,(anonymous_2)
FNDA:5,(anonymous_3)
FNDA:4,(anonymous_4)
DA:1,5
DA:2,5
DA:3,5
DA:5,5
DA:6,1
DA:7,1
DA:9,0
DA:13,5
DA:14,4
DA:15,4
DA:16,4
DA:17,4
DA:18,3
DA:20,1
DA:24,5
DA:25,6
DA:26,6
DA:27,6
DA:28,1
DA:29,1
DA:31,5
DA:32,5
DA:36,5
DA:37,5
DA:38,5
DA:39,5
DA:40,5
DA:41,4
DA:42,3
DA:43,3
DA:45,2
DA:46,2
DA:50,5
DA:51,4
DA:52,4
DA:53,4
DA:54,4
DA:55,4
DA:56,3
DA:57,3
DA:59,1
DA:60,1
LF:42
LH:41
BRDA:17,0,0,1
BRDA:17,0,1,3
BRDA:41,1,0,1
BRDA:41,1,1,3
BRDA:55,2,0,1
BRDA:55,2,1,3
BRF:6
BRH:6
end_of_record
TN:
SF:api\controllers\authController.js
FN:7,(anonymous_0)
FN:56,(anonymous_1)
FN:67,(anonymous_2)
FNF:3
FNH:0
FNDA:0,(anonymous_0)
FNDA:0,(anonymous_1)
FNDA:0,(anonymous_2)
DA:1,5
DA:2,5
DA:3,5
DA:4,5
DA:5,5
DA:7,5
DA:9,0
DA:11,0
DA:13,0
DA:15,0
DA:18,0
DA:20,0
DA:22,0
DA:25,0
DA:27,0
DA:29,0
DA:31,0
DA:34,0
DA:36,0
DA:38,0
DA:52,0
DA:56,5
DA:58,0
DA:60,0
DA:62,0
DA:64,0
DA:67,5
DA:69,0
DA:70,0
LF:29
LH:8
BRDA:13,0,0,0
BRDA:13,0,1,0
BRDA:13,1,0,0
BRDA:13,1,1,0
BRDA:20,2,0,0
BRDA:20,2,1,0
BRDA:20,3,0,0
BRDA:20,3,1,0
BRDA:29,4,0,0
BRDA:29,4,1,0
BRDA:46,5,0,0
BRDA:46,5,1,0
BRDA:60,6,0,0
BRDA:60,6,1,0
BRDA:62,7,0,0
BRDA:62,7,1,0
BRF:16
BRH:0
end_of_record
TN:
SF:api\db\index.js
FN:41,(anonymous_0)
FNF:1
FNH:0
FNDA:0,(anonymous_0)
DA:1,5
DA:3,5
DA:4,5
DA:9,5
DA:10,5
DA:11,5
DA:12,5
DA:15,5
DA:30,5
DA:32,5
DA:40,5
DA:41,0
DA:42,0
DA:43,0
DA:44,0
DA:45,0
DA:47,0
DA:48,0
DA:49,0
DA:55,5
LF:20
LH:12
BRDA:3,0,0,5
BRDA:3,0,1,0
BRDA:9,1,0,5
BRDA:9,1,1,0
BRDA:26,2,0,5
BRDA:26,2,1,0
BRDA:40,3,0,0
BRDA:40,3,1,5
BRDA:40,4,0,5
BRDA:40,4,1,0
BRDA:48,5,0,0
BRDA:48,5,1,0
BRF:12
BRH:5
end_of_record
TN:
SF:api\errors\AppError.js
FN:3,(anonymous_0)
FNF:1
FNH:1
FNDA:38,(anonymous_0)
DA:12,38
DA:14,38
DA:16,38
DA:18,38
DA:20,38
DA:22,38
DA:26,5
LF:7
LH:7
BRDA:5,0,0,0
BRDA:6,1,0,0
BRDA:7,2,0,0
BRDA:7,3,0,38
BRDA:8,4,0,38
BRDA:8,5,0,38
BRDA:18,6,0,38
BRDA:18,6,1,0
BRDA:20,7,0,38
BRDA:20,7,1,0
BRDA:22,8,0,38
BRDA:22,8,1,0
BRF:12
BRH:6
end_of_record
TN:
SF:api\errors\BadRequestError.js
FN:5,(anonymous_0)
FNF:1
FNH:1
FNDA:21,(anonymous_0)
DA:1,5
DA:7,21
DA:11,5
LF:3
LH:3
BRDA:5,0,0,0
BRDA:5,1,0,21
BRF:2
BRH:1
end_of_record
TN:
SF:api\errors\DbError.js
FN:5,(anonymous_0)
FNF:1
FNH:0
FNDA:0,(anonymous_0)
DA:1,5
DA:7,0
DA:11,5
LF:3
LH:2
BRDA:5,0,0,0
BRDA:5,1,0,0
BRF:2
BRH:0
end_of_record
TN:
SF:api\errors\NotFoundError.js
FN:5,(anonymous_0)
FNF:1
FNH:1
FNDA:17,(anonymous_0)
DA:1,5
DA:7,17
DA:11,5
LF:3
LH:3
BRDA:5,0,0,0
BRDA:5,1,0,17
BRF:2
BRH:1
end_of_record
TN:
SF:api\errors\UnauthorizedError.js
FN:5,(anonymous_0)
FNF:1
FNH:0
FNDA:0,(anonymous_0)
DA:1,5
DA:7,0
DA:11,5
LF:3
LH:2
BRDA:5,0,0,0
BRDA:5,1,0,0
BRF:2
BRH:0
end_of_record
TN:
SF:api\errors\index.js
FNF:0
FNH:0
DA:1,5
LF:1
LH:1
BRF:0
BRH:0
end_of_record
TN:
SF:api\middlewares\authMiddleware.js
FN:6,(anonymous_0)
FN:21,(anonymous_1)
FNF:2
FNH:0
FNDA:0,(anonymous_0)
FNDA:0,(anonymous_1)
DA:1,5
DA:2,5
DA:4,5
DA:6,5
DA:8,0
DA:10,0
DA:12,0
DA:14,0
DA:16,0
DA:18,0
DA:21,5
DA:23,0
DA:25,0
DA:27,0
DA:29,0
DA:31,0
DA:33,0
DA:35,0
LF:18
LH:5
BRDA:8,0,0,0
BRDA:8,0,1,0
BRDA:10,1,0,0
BRDA:10,1,1,0
BRDA:14,2,0,0
BRDA:14,2,1,0
BRDA:23,3,0,0
BRDA:23,3,1,0
BRDA:25,4,0,0
BRDA:25,4,1,0
BRDA:29,5,0,0
BRDA:29,5,1,0
BRDA:31,6,0,0
BRDA:31,6,1,0
BRF:14
BRH:0
end_of_record
TN:
SF:api\middlewares\errorHandler.js
FN:3,notFoundError
FN:8,showError
FNF:2
FNH:1
FNDA:0,notFoundError
FNDA:39,showError
DA:1,5
DA:5,0
DA:10,39
DA:11,38
DA:19,1
DA:20,0
DA:26,1
DA:32,5
LF:8
LH:6
BRDA:10,0,0,38
BRDA:10,0,1,1
BRDA:14,1,0,38
BRDA:14,1,1,0
BRDA:15,2,0,38
BRDA:15,2,1,0
BRDA:19,3,0,0
BRDA:19,3,1,1
BRDA:22,4,0,0
BRDA:22,4,1,0
BRDA:28,5,0,1
BRDA:28,5,1,0
BRF:12
BRH:6
end_of_record
TN:
SF:api\models\Asztal.js
FN:3,(anonymous_0)
FNF:1
FNH:1
FNDA:5,(anonymous_0)
DA:1,5
DA:3,5
DA:6,5
DA:28,5
LF:4
LH:4
BRF:0
BRH:0
end_of_record
TN:
SF:api\models\Felhasznalo.js
FN:3,(anonymous_0)
FN:33,(anonymous_1)
FNF:2
FNH:2
FNDA:5,(anonymous_0)
FNDA:58,(anonymous_1)
DA:1,5
DA:3,5
DA:6,5
DA:34,58
DA:35,58
DA:36,58
DA:58,5
LF:7
LH:7
BRF:0
BRH:0
end_of_record
TN:
SF:api\models\Foglalas.js
FN:3,(anonymous_0)
FNF:1
FNH:1
FNDA:5,(anonymous_0)
DA:1,5
DA:3,5
DA:6,5
DA:43,5
LF:4
LH:4
BRF:0
BRH:0
end_of_record
TN:
SF:api\models\FoglalasiAdatok.js
FN:3,(anonymous_0)
FNF:1
FNH:1
FNDA:5,(anonymous_0)
DA:1,5
DA:3,5
DA:6,5
DA:40,5
LF:4
LH:4
BRF:0
BRH:0
end_of_record
TN:
SF:api\models\Idopont.js
FN:3,(anonymous_0)
FNF:1
FNH:1
FNDA:5,(anonymous_0)
DA:1,5
DA:3,5
DA:6,5
DA:32,5
LF:4
LH:4
BRF:0
BRH:0
end_of_record
TN:
SF:api\models\index.js
FN:3,(anonymous_0)
FNF:1
FNH:1
FNDA:5,(anonymous_0)
DA:3,5
DA:4,5
DA:5,5
DA:6,5
DA:7,5
DA:8,5
DA:11,5
DA:12,5
DA:14,5
DA:15,5
DA:17,5
DA:18,5
DA:20,5
DA:27,5
DA:33,5
LF:15
LH:15
BRF:0
BRH:0
end_of_record
TN:
SF:api\repositories\AsztalRepository.js
FN:6,(anonymous_0)
FN:11,(anonymous_1)
FN:17,(anonymous_2)
FN:23,(anonymous_3)
FN:29,(anonymous_4)
FN:37,(anonymous_5)
FN:45,(anonymous_6)
FNF:7
FNH:7
FNDA:240,(anonymous_0)
FNDA:1,(anonymous_1)
FNDA:1,(anonymous_2)
FNDA:11,(anonymous_3)
FNDA:4,(anonymous_4)
FNDA:4,(anonymous_5)
FNDA:2,(anonymous_6)
DA:1,5
DA:3,5
DA:7,240
DA:8,240
DA:12,1
DA:18,1
DA:24,11
DA:30,4
DA:34,4
DA:38,4
DA:42,4
DA:48,2
DA:49,2
DA:51,2
DA:53,2
DA:96,0
DA:101,5
LF:17
LH:16
BRDA:11,0,0,0
BRDA:17,1,0,0
BRDA:23,2,0,0
BRDA:29,3,0,0
BRDA:37,4,0,0
BRDA:45,5,0,0
BRF:6
BRH:0
end_of_record
TN:
SF:api\repositories\FelhasznaloRepository.js
FN:2,(anonymous_0)
FN:7,(anonymous_1)
FN:13,(anonymous_2)
FN:19,(anonymous_3)
FN:25,(anonymous_4)
FN:33,(anonymous_5)
FN:41,(anonymous_6)
FN:50,(anonymous_7)
FN:60,(anonymous_8)
FN:68,(anonymous_9)
FN:84,(anonymous_10)
FN:93,(anonymous_11)
FNF:12
FNH:8
FNDA:240,(anonymous_0)
FNDA:1,(anonymous_1)
FNDA:11,(anonymous_2)
FNDA:1,(anonymous_3)
FNDA:4,(anonymous_4)
FNDA:3,(anonymous_5)
FNDA:2,(anonymous_6)
FNDA:2,(anonymous_7)
FNDA:0,(anonymous_8)
FNDA:0,(anonymous_9)
FNDA:0,(anonymous_10)
FNDA:0,(anonymous_11)
DA:3,240
DA:4,240
DA:8,1
DA:14,11
DA:20,1
DA:26,4
DA:30,4
DA:34,3
DA:38,3
DA:42,2
DA:51,2
DA:52,2
DA:61,0
DA:69,0
DA:85,0
DA:94,0
DA:109,5
LF:17
LH:13
BRDA:7,0,0,0
BRDA:13,1,0,0
BRDA:19,2,0,0
BRDA:25,3,0,0
BRDA:33,4,0,0
BRDA:41,5,0,0
BRDA:50,6,0,0
BRDA:60,7,0,0
BRDA:68,8,0,0
BRDA:84,9,0,0
BRDA:93,10,0,0
BRDA:93,11,0,0
BRF:12
BRH:0
end_of_record
TN:
SF:api\repositories\FoglalasRepository.js
FN:2,(anonymous_0)
FN:8,(anonymous_1)
FN:25,(anonymous_2)
FN:31,(anonymous_3)
FN:48,(anonymous_4)
FN:56,(anonymous_5)
FN:64,(anonymous_6)
FN:81,(anonymous_7)
FN:106,(anonymous_8)
FNF:9
FNH:9
FNDA:240,(anonymous_0)
FNDA:1,(anonymous_1)
FNDA:2,(anonymous_2)
FNDA:6,(anonymous_3)
FNDA:3,(anonymous_4)
FNDA:3,(anonymous_5)
FNDA:2,(anonymous_6)
FNDA:2,(anonymous_7)
FNDA:2,(anonymous_8)
DA:3,240
DA:4,240
DA:5,240
DA:9,1
DA:26,2
DA:32,6
DA:49,3
DA:53,3
DA:57,3
DA:61,3
DA:65,2
DA:67,2
DA:82,2
DA:84,2
DA:107,2
DA:125,5
LF:16
LH:16
BRDA:8,0,0,0
BRDA:25,1,0,0
BRDA:31,2,0,0
BRDA:48,3,0,0
BRDA:56,4,0,0
BRDA:64,5,0,0
BRDA:81,6,0,0
BRDA:106,7,0,0
BRF:8
BRH:0
end_of_record
TN:
SF:api\repositories\FoglalasiAdatokRepository.js
FN:4,(anonymous_0)
FN:9,(anonymous_1)
FN:20,(anonymous_2)
FN:26,(anonymous_3)
FN:37,(anonymous_4)
FN:45,(anonymous_5)
FNF:6
FNH:6
FNDA:240,(anonymous_0)
FNDA:1,(anonymous_1)
FNDA:2,(anonymous_2)
FNDA:8,(anonymous_3)
FNDA:4,(anonymous_4)
FNDA:4,(anonymous_5)
DA:1,5
DA:5,240
DA:6,240
DA:10,1
DA:21,2
DA:27,8
DA:38,4
DA:42,4
DA:46,4
DA:50,4
DA:54,5
LF:11
LH:11
BRDA:9,0,0,0
BRDA:20,1,0,0
BRDA:26,2,0,0
BRDA:37,3,0,0
BRDA:45,4,0,0
BRF:5
BRH:0
end_of_record
TN:
SF:api\repositories\IdopontRepository.js
FN:2,(anonymous_0)
FN:6,(anonymous_1)
FN:12,(anonymous_2)
FN:18,(anonymous_3)
FN:24,(anonymous_4)
FN:32,(anonymous_5)
FNF:6
FNH:6
FNDA:240,(anonymous_0)
FNDA:1,(anonymous_1)
FNDA:1,(anonymous_2)
FNDA:8,(anonymous_3)
FNDA:4,(anonymous_4)
FNDA:4,(anonymous_5)
DA:3,240
DA:7,1
DA:13,1
DA:19,8
DA:25,4
DA:29,4
DA:33,4
DA:37,4
DA:41,5
LF:9
LH:9
BRDA:6,0,0,0
BRDA:12,1,0,0
BRDA:18,2,0,0
BRDA:24,3,0,0
BRDA:32,4,0,0
BRF:5
BRH:0
end_of_record
TN:
SF:api\repositories\index.js
FN:7,(anonymous_0)
FNF:1
FNH:1
FNDA:240,(anonymous_0)
DA:1,5
DA:2,5
DA:3,5
DA:4,5
DA:5,5
DA:7,5
DA:8,240
DA:9,240
DA:10,240
DA:11,240
DA:12,240
DA:14,240
LF:12
LH:12
BRF:0
BRH:0
end_of_record
TN:
SF:api\routes\asztalRoutes.js
FNF:0
FNH:0
DA:1,5
DA:2,5
DA:3,5
DA:63,5
DA:81,5
DA:105,5
DA:127,5
DA:153,5
DA:173,5
DA:175,5
LF:10
LH:10
BRF:0
BRH:0
end_of_record
TN:
SF:api\routes\authRoutes.js
FNF:0
FNH:0
DA:1,5
DA:2,5
DA:3,5
DA:4,5
DA:6,5
DA:7,5
DA:8,5
DA:10,5
LF:8
LH:8
BRF:0
BRH:0
end_of_record
TN:
SF:api\routes\contactRoutes.js
FNF:0
FNH:0
DA:1,5
DA:2,5
DA:3,5
DA:4,5
DA:50,5
DA:54,5
LF:6
LH:6
BRF:0
BRH:0
end_of_record
TN:
SF:api\routes\felhasznaloRoutes.js
FNF:0
FNH:0
DA:1,5
DA:2,5
DA:3,5
DA:84,5
DA:96,5
DA:113,5
DA:138,5
DA:150,5
DA:168,5
DA:192,5
DA:214,5
DA:240,5
DA:260,5
DA:262,5
LF:14
LH:14
BRF:0
BRH:0
end_of_record
TN:
SF:api\routes\foglalasRoutes.js
FNF:0
FNH:0
DA:1,5
DA:2,5
DA:3,5
DA:76,5
DA:95,5
DA:113,5
DA:131,5
DA:155,5
DA:177,5
DA:203,5
DA:223,5
DA:225,5
LF:12
LH:12
BRF:0
BRH:0
end_of_record
TN:
SF:api\routes\foglalasiAdatokRoutes.js
FNF:0
FNH:0
DA:1,5
DA:2,5
DA:3,5
DA:78,5
DA:102,5
DA:124,5
DA:150,5
DA:170,5
DA:172,5
LF:9
LH:9
BRF:0
BRH:0
end_of_record
TN:
SF:api\routes\idopontRoutes.js
FNF:0
FNH:0
DA:1,5
DA:2,5
DA:3,5
DA:59,5
DA:83,5
DA:105,5
DA:131,5
DA:151,5
DA:153,5
LF:9
LH:9
BRF:0
BRH:0
end_of_record
TN:
SF:api\services\AsztalService.js
FN:4,(anonymous_0)
FN:8,(anonymous_1)
FN:12,(anonymous_2)
FN:24,(anonymous_3)
FN:28,(anonymous_4)
FN:32,(anonymous_5)
FN:36,(anonymous_6)
FNF:7
FNH:7
FNDA:30,(anonymous_0)
FNDA:1,(anonymous_1)
FNDA:4,(anonymous_2)
FNDA:4,(anonymous_3)
FNDA:4,(anonymous_4)
FNDA:4,(anonymous_5)
FNDA:4,(anonymous_6)
DA:1,5
DA:5,30
DA:9,1
DA:13,4
DA:14,2
DA:17,2
DA:18,1
DA:21,1
DA:25,4
DA:29,4
DA:33,4
DA:37,4
DA:38,2
DA:40,2
DA:44,5
LF:15
LH:15
BRDA:8,0,0,1
BRDA:12,1,0,0
BRDA:13,2,0,2
BRDA:13,2,1,2
BRDA:17,3,0,1
BRDA:17,3,1,1
BRDA:17,4,0,2
BRDA:17,4,1,2
BRDA:24,5,0,4
BRDA:28,6,0,0
BRDA:32,7,0,0
BRDA:36,8,0,4
BRDA:37,9,0,2
BRDA:37,9,1,2
BRDA:37,10,0,4
BRDA:37,10,1,3
BRF:16
BRH:13
end_of_record
TN:
SF:api\services\FelhasznaloService.js
FN:5,(anonymous_0)
FN:9,(anonymous_1)
FN:13,(anonymous_2)
FN:17,(anonymous_3)
FN:51,(anonymous_4)
FN:74,(anonymous_5)
FN:78,(anonymous_6)
FN:85,(anonymous_7)
FN:89,(anonymous_8)
FN:93,(anonymous_9)
FN:97,(anonymous_10)
FN:112,(anonymous_11)
FNF:12
FNH:6
FNDA:30,(anonymous_0)
FNDA:1,(anonymous_1)
FNDA:3,(anonymous_2)
FNDA:4,(anonymous_3)
FNDA:4,(anonymous_4)
FNDA:3,(anonymous_5)
FNDA:0,(anonymous_6)
FNDA:0,(anonymous_7)
FNDA:0,(anonymous_8)
FNDA:0,(anonymous_9)
FNDA:0,(anonymous_10)
FNDA:0,(anonymous_11)
DA:1,5
DA:2,5
DA:6,30
DA:10,1
DA:14,3
DA:18,4
DA:19,1
DA:22,3
DA:23,3
DA:24,0
DA:27,3
DA:28,1
DA:31,2
DA:32,2
DA:33,0
DA:36,2
DA:37,2
DA:38,2
DA:39,1
DA:42,1
DA:45,1
DA:46,1
DA:48,1
DA:52,4
DA:53,0
DA:54,0
DA:55,0
DA:59,4
DA:60,4
DA:62,0
DA:66,4
DA:67,0
DA:68,0
DA:71,4
DA:75,3
DA:79,0
DA:80,0
DA:82,0
DA:86,0
DA:90,0
DA:94,0
DA:98,0
DA:99,0
DA:102,0
DA:103,0
DA:105,0
DA:106,0
DA:109,0
DA:113,0
DA:117,5
LF:50
LH:28
BRDA:9,0,0,1
BRDA:13,1,0,3
BRDA:17,2,0,0
BRDA:18,3,0,1
BRDA:18,3,1,3
BRDA:18,4,0,4
BRDA:18,4,1,4
BRDA:18,4,2,4
BRDA:18,4,3,3
BRDA:18,4,4,3
BRDA:18,4,5,3
BRDA:23,5,0,0
BRDA:23,5,1,3
BRDA:23,6,0,3
BRDA:23,6,1,3
BRDA:27,7,0,1
BRDA:27,7,1,2
BRDA:32,8,0,0
BRDA:32,8,1,2
BRDA:38,9,0,1
BRDA:38,9,1,1
BRDA:38,10,0,2
BRDA:38,10,1,1
BRDA:51,11,0,0
BRDA:52,12,0,0
BRDA:52,12,1,4
BRDA:54,13,0,0
BRDA:54,13,1,0
BRDA:54,14,0,0
BRDA:54,14,1,0
BRDA:60,15,0,0
BRDA:60,15,1,4
BRDA:60,16,0,4
BRDA:60,16,1,2
BRDA:60,16,2,4
BRDA:60,16,3,3
BRDA:66,17,0,0
BRDA:66,17,1,4
BRDA:74,18,0,0
BRDA:78,19,0,0
BRDA:79,20,0,0
BRDA:79,20,1,0
BRDA:79,21,0,0
BRDA:79,21,1,0
BRDA:85,22,0,0
BRDA:89,23,0,0
BRDA:93,24,0,0
BRDA:97,25,0,0
BRDA:98,26,0,0
BRDA:98,26,1,0
BRDA:98,27,0,0
BRDA:98,27,1,0
BRDA:105,28,0,0
BRDA:105,28,1,0
BRDA:105,29,0,0
BRDA:105,29,1,0
BRDA:105,29,2,0
BRDA:112,30,0,0
BRF:58
BRH:27
end_of_record
TN:
SF:api\services\FoglalasService.js
FN:4,(anonymous_0)
FN:10,(anonymous_1)
FN:15,(anonymous_2)
FN:99,(anonymous_3)
FN:103,(anonymous_4)
FN:107,(anonymous_5)
FN:111,(anonymous_6)
FN:118,(anonymous_7)
FN:125,(anonymous_8)
FNF:9
FNH:9
FNDA:30,(anonymous_0)
FNDA:1,(anonymous_1)
FNDA:5,(anonymous_2)
FNDA:3,(anonymous_3)
FNDA:3,(anonymous_4)
FNDA:3,(anonymous_5)
FNDA:2,(anonymous_6)
FNDA:3,(anonymous_7)
FNDA:2,(anonymous_8)
DA:1,5
DA:5,30
DA:6,30
DA:7,30
DA:11,1
DA:16,5
DA:17,1
DA:20,4
DA:21,4
DA:23,3
DA:24,3
DA:26,2
DA:100,3
DA:104,3
DA:108,3
DA:112,2
DA:113,0
DA:115,2
DA:119,3
DA:120,1
DA:122,2
DA:126,2
DA:127,0
DA:129,2
DA:133,5
LF:25
LH:23
BRDA:10,0,0,1
BRDA:15,1,0,0
BRDA:16,2,0,1
BRDA:16,2,1,4
BRDA:16,3,0,5
BRDA:16,3,1,5
BRDA:16,3,2,4
BRDA:21,4,0,1
BRDA:21,4,1,3
BRDA:24,5,0,1
BRDA:24,5,1,2
BRDA:99,6,0,3
BRDA:103,7,0,0
BRDA:107,8,0,0
BRDA:111,9,0,2
BRDA:112,10,0,0
BRDA:112,10,1,2
BRDA:112,11,0,2
BRDA:112,11,1,2
BRDA:118,12,0,3
BRDA:119,13,0,1
BRDA:119,13,1,2
BRDA:125,14,0,2
BRDA:126,15,0,0
BRDA:126,15,1,2
BRF:25
BRH:20
end_of_record
TN:
SF:api\services\FoglalasiAdatokService.js
FN:4,(anonymous_0)
FN:9,(anonymous_1)
FN:13,(anonymous_2)
FN:30,(anonymous_3)
FN:34,(anonymous_4)
FN:44,(anonymous_5)
FNF:6
FNH:6
FNDA:30,(anonymous_0)
FNDA:1,(anonymous_1)
FNDA:5,(anonymous_2)
FNDA:4,(anonymous_3)
FNDA:6,(anonymous_4)
FNDA:4,(anonymous_5)
DA:1,5
DA:5,30
DA:6,30
DA:10,1
DA:14,5
DA:15,1
DA:18,4
DA:19,2
DA:22,2
DA:23,0
DA:24,0
DA:27,2
DA:31,4
DA:35,6
DA:36,1
DA:38,5
DA:39,1
DA:41,4
DA:45,4
DA:49,5
LF:20
LH:18
BRDA:9,0,0,1
BRDA:13,1,0,0
BRDA:14,2,0,1
BRDA:14,2,1,4
BRDA:14,3,0,5
BRDA:14,3,1,4
BRDA:18,4,0,2
BRDA:18,4,1,2
BRDA:18,5,0,4
BRDA:18,5,1,3
BRDA:22,6,0,0
BRDA:22,6,1,2
BRDA:24,7,0,0
BRDA:24,7,1,0
BRDA:30,8,0,4
BRDA:34,9,0,0
BRDA:35,10,0,1
BRDA:35,10,1,5
BRDA:35,11,0,6
BRDA:35,11,1,4
BRDA:38,12,0,1
BRDA:38,12,1,4
BRDA:38,13,0,5
BRDA:38,13,1,3
BRDA:44,14,0,0
BRF:25
BRH:19
end_of_record
TN:
SF:api\services\IdopontService.js
FN:4,(anonymous_0)
FN:8,(anonymous_1)
FN:12,(anonymous_2)
FN:24,(anonymous_3)
FN:28,(anonymous_4)
FN:35,(anonymous_5)
FNF:6
FNH:6
FNDA:30,(anonymous_0)
FNDA:1,(anonymous_1)
FNDA:6,(anonymous_2)
FNDA:4,(anonymous_3)
FNDA:5,(anonymous_4)
FNDA:4,(anonymous_5)
DA:1,5
DA:5,30
DA:9,1
DA:13,6
DA:14,2
DA:17,4
DA:18,3
DA:21,1
DA:25,4
DA:29,5
DA:30,1
DA:32,4
DA:36,4
DA:40,5
LF:14
LH:14
BRDA:8,0,0,1
BRDA:12,1,0,0
BRDA:13,2,0,2
BRDA:13,2,1,4
BRDA:13,3,0,6
BRDA:13,3,1,5
BRDA:17,4,0,3
BRDA:17,4,1,1
BRDA:17,5,0,4
BRDA:17,5,1,3
BRDA:17,5,2,3
BRDA:24,6,0,4
BRDA:28,7,0,0
BRDA:29,8,0,1
BRDA:29,8,1,4
BRDA:29,9,0,5
BRDA:29,9,1,4
BRDA:29,9,2,4
BRDA:35,10,0,0
BRF:19
BRH:16
end_of_record
TN:
SF:api\services\index.js
FN:7,(anonymous_0)
FNF:1
FNH:1
FNDA:30,(anonymous_0)
DA:1,5
DA:2,5
DA:3,5
DA:4,5
DA:5,5
DA:7,5
DA:8,30
DA:9,30
DA:10,30
DA:11,30
DA:12,30
DA:14,30
LF:12
LH:12
BRF:0
BRH:0
end_of_record
TN:
SF:api\utilities\authUtils.js
FN:3,(anonymous_0)
FN:12,(anonymous_1)
FN:24,(anonymous_2)
FNF:3
FNH:0
FNDA:0,(anonymous_0)
FNDA:0,(anonymous_1)
FNDA:0,(anonymous_2)
DA:1,5
DA:3,5
DA:5,0
DA:12,5
DA:14,0
DA:16,0
DA:20,0
DA:24,5
DA:26,0
LF:9
LH:4
BRF:0
BRH:0
end_of_record
